GROUP,PACKAGE,CLASS,INSTRUCTION_MISSED,INSTRUCTION_COVERED,BRANCH_MISSED,BRANCH_COVERED,LINE_MISSED,LINE_COVERED,COMPLEXITY_MISSED,COMPLEXITY_COVERED,METHOD_MISSED,METHOD_COVERED
io.zenwave360.sdk:zdl-jvm,io.zenwave360.zdl.antlr,ZdlParser.Relationship_definitionContext,22,45,2,2,5,10,7,7,5,7
io.zenwave360.sdk:zdl-jvm,io.zenwave360.zdl.antlr,ZdlParser.Enum_bodyContext,22,21,2,2,5,6,7,3,5,3
io.zenwave360.sdk:zdl-jvm,io.zenwave360.zdl.antlr,ZdlParser.Config_optionContext,2,33,2,2,1,8,3,5,1,5
io.zenwave360.sdk:zdl-jvm,io.zenwave360.zdl.antlr,ZdlParser.PluginsContext,13,21,2,2,3,6,5,3,3,3
io.zenwave360.sdk:zdl-jvm,io.zenwave360.zdl.antlr,ZdlParser.AnnotationsContext,8,25,2,2,2,7,4,4,2,4
io.zenwave360.sdk:zdl-jvm,io.zenwave360.zdl.antlr,ZdlParser.AggregateContext,43,39,2,2,9,9,11,6,9,6
io.zenwave360.sdk:zdl-jvm,io.zenwave360.zdl.antlr,ZdlParser.Field_initializationContext,7,27,2,2,2,7,4,4,2,4
io.zenwave360.sdk:zdl-jvm,io.zenwave360.zdl.antlr,ZdlParser.PairContext,7,33,2,2,2,8,4,5,2,5
io.zenwave360.sdk:zdl-jvm,io.zenwave360.zdl.antlr,ZdlParser.EventContext,29,33,2,2,6,8,8,5,6,5
io.zenwave360.sdk:zdl-jvm,io.zenwave360.zdl.antlr,ZdlParser.ConfigContext,19,21,2,2,4,6,6,3,4,3
io.zenwave360.sdk:zdl-jvm,io.zenwave360.zdl.antlr,ZdlParser.Relationship_field_minContext,17,27,2,2,4,7,6,4,4,4
io.zenwave360.sdk:zdl-jvm,io.zenwave360.zdl.antlr,ZdlParser.Plugin_configsContext,12,21,2,2,3,6,5,3,3,3
io.zenwave360.sdk:zdl-jvm,io.zenwave360.zdl.antlr,ZdlParser.Nested_field_validation_nameContext,22,21,2,2,5,6,7,3,5,3
io.zenwave360.sdk:zdl-jvm,io.zenwave360.zdl.antlr,ZdlParser.Api_bodyContext,18,21,2,2,4,6,6,3,4,3
io.zenwave360.sdk:zdl-jvm,io.zenwave360.zdl.antlr,ZdlModelValidator,194,980,23,111,16,121,19,69,1,20
io.zenwave360.sdk:zdl-jvm,io.zenwave360.zdl.antlr,ZdlParser.Plugin_options_inheritContext,33,0,4,0,9,0,8,0,6,0
io.zenwave360.sdk:zdl-jvm,io.zenwave360.zdl.antlr,ZdlParser.ArrayContext,27,25,2,2,6,7,8,4,6,4
io.zenwave360.sdk:zdl-jvm,io.zenwave360.zdl.antlr,ZdlModelPostProcessor,3,171,10,22,1,37,11,7,1,1
io.zenwave360.sdk:zdl-jvm,io.zenwave360.zdl.antlr,ZdlParser.OutputContext,29,33,2,2,6,8,8,5,6,5
io.zenwave360.sdk:zdl-jvm,io.zenwave360.zdl.antlr,ZdlParser.Enum_valueContext,17,45,2,2,4,10,6,7,4,7
io.zenwave360.sdk:zdl-jvm,io.zenwave360.zdl.antlr,ZdlParser.Api_configsContext,12,21,2,2,3,6,5,3,3,3
io.zenwave360.sdk:zdl-jvm,io.zenwave360.zdl.antlr,ZdlParser.Field_validationsContext,12,33,2,2,3,8,5,5,3,5
io.zenwave360.sdk:zdl-jvm,io.zenwave360.zdl.antlr,ZdlParser,2309,7475,105,220,647,1682,111,199,11,117
io.zenwave360.sdk:zdl-jvm,io.zenwave360.zdl.antlr,ZdlParser.ApiContext,24,45,2,2,5,10,7,7,5,7
io.zenwave360.sdk:zdl-jvm,io.zenwave360.zdl.antlr,ZdlParser.Service_method_parameter_naturalContext,23,0,4,0,7,0,6,0,4,0
io.zenwave360.sdk:zdl-jvm,io.zenwave360.zdl.antlr,ZdlParser.RelationshipsContext,27,27,2,2,6,7,8,4,6,4
io.zenwave360.sdk:zdl-jvm,io.zenwave360.zdl.antlr,ZdlParser.Service_method_returnContext,2,36,2,2,1,9,3,6,1,6
io.zenwave360.sdk:zdl-jvm,io.zenwave360.zdl.antlr,ZdlParser.Relationship_fromContext,2,39,2,2,1,9,3,6,1,6
io.zenwave360.sdk:zdl-jvm,io.zenwave360.zdl.antlr,ZdlParser.EntityContext,13,39,2,2,3,9,5,6,3,6
io.zenwave360.sdk:zdl-jvm,io.zenwave360.zdl.antlr,ZdlParser.Option_nameContext,7,21,2,2,2,6,4,3,2,3
io.zenwave360.sdk:zdl-jvm,io.zenwave360.zdl.antlr,ZdlParser.Relationship_entity_nameContext,7,21,2,2,2,6,4,3,2,3
io.zenwave360.sdk:zdl-jvm,io.zenwave360.zdl.antlr,ZdlParser.Config_bodyContext,28,21,2,2,6,6,8,3,6,3
io.zenwave360.sdk:zdl-jvm,io.zenwave360.zdl.antlr,ZdlParser.Relationship_toContext,2,39,2,2,1,9,3,6,1,6
io.zenwave360.sdk:zdl-jvm,io.zenwave360.zdl.antlr,ZdlParser.Field_validation_valueContext,17,21,2,2,4,6,6,3,4,3
io.zenwave360.sdk:zdl-jvm,io.zenwave360.zdl.antlr,ZdlParser.FieldContext,30,61,2,2,6,13,8,10,6,10
io.zenwave360.sdk:zdl-jvm,io.zenwave360.zdl.antlr,ZdlParser.Plugin_config_optionContext,2,33,2,2,1,8,3,5,1,5
io.zenwave360.sdk:zdl-jvm,io.zenwave360.zdl.antlr,ZdlParser.Relationship_field_validationsContext,2,39,2,2,1,9,3,6,1,6
io.zenwave360.sdk:zdl-jvm,io.zenwave360.zdl.antlr,ZdlParser.PairsContext,17,25,2,2,4,7,6,4,4,4
io.zenwave360.sdk:zdl-jvm,io.zenwave360.zdl.antlr,ZdlParser.Service_nameContext,7,21,2,2,2,6,4,3,2,3
io.zenwave360.sdk:zdl-jvm,io.zenwave360.zdl.antlr,ZdlParser.Field_typeContext,2,31,2,2,1,8,3,5,1,5
io.zenwave360.sdk:zdl-jvm,io.zenwave360.zdl.antlr,ZdlParser.Aggregate_nameContext,7,21,2,2,2,6,4,3,2,3
io.zenwave360.sdk:zdl-jvm,io.zenwave360.zdl.antlr,ZdlModel,0,291,2,16,0,52,2,25,0,18
io.zenwave360.sdk:zdl-jvm,io.zenwave360.zdl.antlr,ZdlParser.Import_Context,17,33,2,2,4,8,6,5,4,5
io.zenwave360.sdk:zdl-jvm,io.zenwave360.zdl.antlr,ZdlParser.FieldsContext,21,21,2,2,5,6,7,3,5,3
io.zenwave360.sdk:zdl-jvm,io.zenwave360.zdl.antlr,ZdlParser.Aggregate_rootContext,7,21,2,2,2,6,4,3,2,3
io.zenwave360.sdk:zdl-jvm,io.zenwave360.zdl.antlr,ZdlParser.Relationship_description_fieldContext,7,21,2,2,2,6,4,3,2,3
io.zenwave360.sdk:zdl-jvm,io.zenwave360.zdl.antlr,ZdlParser.Policie_nameContext,12,21,2,2,3,6,5,3,3,3
io.zenwave360.sdk:zdl-jvm,io.zenwave360.zdl.antlr,ZdlParser.EnumContext,13,39,2,2,3,9,5,6,3,6
io.zenwave360.sdk:zdl-jvm,io.zenwave360.zdl.antlr,ZdlParser.Plugin_configContext,14,21,2,2,3,6,5,3,3,3
io.zenwave360.sdk:zdl-jvm,io.zenwave360.zdl.antlr,ZdlParser.Api_roleContext,7,21,2,2,2,6,4,3,2,3
io.zenwave360.sdk:zdl-jvm,io.zenwave360.zdl.antlr,ZdlParser.Entity_bodyContext,18,21,2,2,4,6,6,3,4,3
io.zenwave360.sdk:zdl-jvm,io.zenwave360.zdl.antlr,ZdlParser.StringContext,2,37,2,2,1,9,3,6,1,6
io.zenwave360.sdk:zdl-jvm,io.zenwave360.zdl.antlr,ZdlListenerUtils,69,655,18,46,19,133,17,46,2,29
io.zenwave360.sdk:zdl-jvm,io.zenwave360.zdl.antlr,ZdlParser.Aggregate_command_parameterContext,7,26,2,2,2,7,4,4,2,4
io.zenwave360.sdk:zdl-jvm,io.zenwave360.zdl.antlr,ZdlParser.Api_nameContext,7,21,2,2,2,6,4,3,2,3
io.zenwave360.sdk:zdl-jvm,io.zenwave360.zdl.antlr,ZdlParser.Nested_field_validation_valueContext,12,21,2,2,3,6,5,3,3,3
io.zenwave360.sdk:zdl-jvm,io.zenwave360.zdl.antlr,ZdlParser.Plugins_bodyContext,22,21,2,2,5,6,7,3,5,3
io.zenwave360.sdk:zdl-jvm,io.zenwave360.zdl.antlr,ZdlParser.Aggregate_commandContext,18,51,2,2,4,11,6,8,4,8
io.zenwave360.sdk:zdl-jvm,io.zenwave360.zdl.antlr,ZdlParser.ZdlContext,143,21,2,2,29,6,31,3,29,3
io.zenwave360.sdk:zdl-jvm,io.zenwave360.zdl.antlr,ZdlParser.Relationship_typeContext,22,21,2,2,5,6,7,3,5,3
io.zenwave360.sdk:zdl-jvm,io.zenwave360.zdl.antlr,ZdlParser.Apis_bodyContext,22,21,2,2,5,6,7,3,5,3
io.zenwave360.sdk:zdl-jvm,io.zenwave360.zdl.antlr,ZdlParser.Legacy_constantsContext,7,25,2,2,2,7,4,4,2,4
io.zenwave360.sdk:zdl-jvm,io.zenwave360.zdl.antlr,ZdlParser.Global_javadocContext,7,21,2,2,2,6,4,3,2,3
io.zenwave360.sdk:zdl-jvm,io.zenwave360.zdl.antlr,ZdlBaseListener,48,191,0,0,48,189,48,189,48,189
io.zenwave360.sdk:zdl-jvm,io.zenwave360.zdl.antlr,ZdlParser.Plugin_bodyContext,18,21,2,2,4,6,6,3,4,3
io.zenwave360.sdk:zdl-jvm,io.zenwave360.zdl.antlr,ZdlParser.ApisContext,13,21,2,2,3,6,5,3,3,3
io.zenwave360.sdk:zdl-jvm,io.zenwave360.zdl.antlr,ZdlParser.Nested_field_validationsContext,12,33,2,2,3,8,5,5,3,5
io.zenwave360.sdk:zdl-jvm,io.zenwave360.zdl.antlr,ZdlParser.Service_method_nameContext,7,21,2,2,2,6,4,3,2,3
io.zenwave360.sdk:zdl-jvm,io.zenwave360.zdl.antlr,ZdlParser.Relationship_field_requiredContext,7,21,2,2,2,6,4,3,2,3
io.zenwave360.sdk:zdl-jvm,io.zenwave360.zdl.antlr,ZdlParser.Option_valueContext,2,27,2,2,1,7,3,4,1,4
io.zenwave360.sdk:zdl-jvm,io.zenwave360.zdl.antlr,ZdlParser.PluginContext,8,45,2,2,2,10,4,7,2,7
io.zenwave360.sdk:zdl-jvm,io.zenwave360.zdl.antlr,Inflector.Rule,36,36,9,3,7,8,8,3,3,2
io.zenwave360.sdk:zdl-jvm,io.zenwave360.zdl.antlr,ZdlParser.Field_validation_nameContext,42,21,2,2,9,6,11,3,9,3
io.zenwave360.sdk:zdl-jvm,io.zenwave360.zdl.antlr,ZdlParser.Enum_nameContext,7,21,2,2,2,6,4,3,2,3
io.zenwave360.sdk:zdl-jvm,io.zenwave360.zdl.antlr,ZdlParser.OptionContext,12,33,2,2,3,8,5,5,3,5
io.zenwave360.sdk:zdl-jvm,io.zenwave360.zdl.antlr,ZdlParser.Entity_table_nameContext,8,21,2,2,2,6,4,3,2,3
io.zenwave360.sdk:zdl-jvm,io.zenwave360.zdl.antlr,ZdlParser.RelationshipContext,7,33,2,2,2,8,4,5,2,5
io.zenwave360.sdk:zdl-jvm,io.zenwave360.zdl.antlr,ZdlParser.Field_initial_valueContext,2,27,2,2,1,7,3,4,1,4
io.zenwave360.sdk:zdl-jvm,io.zenwave360.zdl.antlr,ZdlParser.Entity_definitionContext,12,33,2,2,3,8,5,5,3,5
io.zenwave360.sdk:zdl-jvm,io.zenwave360.zdl.antlr,JSONPath,20,33,2,2,2,8,4,4,3,3
io.zenwave360.sdk:zdl-jvm,io.zenwave360.zdl.antlr,ZdlParser.Service_aggregatesContext,20,21,2,2,5,6,7,3,5,3
io.zenwave360.sdk:zdl-jvm,io.zenwave360.zdl.antlr,ZdlParser.ValueContext,2,39,2,2,1,9,3,6,1,6
io.zenwave360.sdk:zdl-jvm,io.zenwave360.zdl.antlr,ZdlParser.Service_methodContext,23,69,2,2,5,14,7,11,5,11
io.zenwave360.sdk:zdl-jvm,io.zenwave360.zdl.antlr,ZdlParser.Aggregate_command_nameContext,7,21,2,2,2,6,4,3,2,3
io.zenwave360.sdk:zdl-jvm,io.zenwave360.zdl.antlr,ZdlParser.Api_configContext,2,33,2,2,1,8,3,5,1,5
io.zenwave360.sdk:zdl-jvm,io.zenwave360.zdl.antlr,ZdlParser.Policy_aggregateContext,28,0,4,0,8,0,7,0,5,0
io.zenwave360.sdk:zdl-jvm,io.zenwave360.zdl.antlr,ZdlParser.Array_plainContext,17,25,2,2,4,7,6,4,4,4
io.zenwave360.sdk:zdl-jvm,io.zenwave360.zdl.antlr,ZdlParser.Import_valueContext,2,27,2,2,1,7,3,4,1,4
io.zenwave360.sdk:zdl-jvm,io.zenwave360.zdl.antlr,ZdlParser.With_events_events_orContext,27,25,2,2,6,7,8,4,6,4
io.zenwave360.sdk:zdl-jvm,io.zenwave360.zdl.antlr,ZdlParser.SimpleContext,12,57,2,2,3,13,5,10,3,10
io.zenwave360.sdk:zdl-jvm,io.zenwave360.zdl.antlr,ZdlParser.Policie_bodyContext,2,33,2,2,1,8,3,5,1,5
io.zenwave360.sdk:zdl-jvm,io.zenwave360.zdl.antlr,ZdlParser.Output_nameContext,7,21,2,2,2,6,4,3,2,3
io.zenwave360.sdk:zdl-jvm,io.zenwave360.zdl.antlr,ZdlParser.Plugin_config_cli_optionContext,40,0,4,0,10,0,9,0,7,0
io.zenwave360.sdk:zdl-jvm,io.zenwave360.zdl.antlr,ZdlParser.JavadocContext,7,21,2,2,2,6,4,3,2,3
io.zenwave360.sdk:zdl-jvm,io.zenwave360.zdl.antlr,ZdlParser.Plugin_optionsContext,39,0,4,0,10,0,9,0,7,0
io.zenwave360.sdk:zdl-jvm,io.zenwave360.zdl.antlr,ZdlParser.Policies_bodyContext,22,21,2,2,5,6,7,3,5,3
io.zenwave360.sdk:zdl-jvm,io.zenwave360.zdl.antlr,ZdlParser.Entity_nameContext,8,21,2,2,2,6,4,3,2,3
io.zenwave360.sdk:zdl-jvm,io.zenwave360.zdl.antlr,ZdlParser.Service_method_parameter_idContext,7,26,2,2,2,7,4,4,2,4
io.zenwave360.sdk:zdl-jvm,io.zenwave360.zdl.antlr,ZdlParser.Service_method_parameterContext,7,26,2,2,2,7,4,4,2,4
io.zenwave360.sdk:zdl-jvm,io.zenwave360.zdl.antlr,ZdlParser.With_events_eventsContext,2,33,2,2,1,8,3,5,1,5
io.zenwave360.sdk:zdl-jvm,io.zenwave360.zdl.antlr,ZdlParser.Relationship_field_valueContext,7,21,2,2,2,6,4,3,2,3
io.zenwave360.sdk:zdl-jvm,io.zenwave360.zdl.antlr,ZdlParser.Relationship_field_nameContext,8,21,2,2,2,6,4,3,2,3
io.zenwave360.sdk:zdl-jvm,io.zenwave360.zdl.antlr,ZdlParser.Event_nameContext,7,21,2,2,2,6,4,3,2,3
io.zenwave360.sdk:zdl-jvm,io.zenwave360.zdl.antlr,ZdlParser.Nested_fieldContext,28,25,2,2,6,7,8,4,6,4
io.zenwave360.sdk:zdl-jvm,io.zenwave360.zdl.antlr,ZdlParser.Enum_value_valueContext,7,21,2,2,2,6,4,3,2,3
io.zenwave360.sdk:zdl-jvm,io.zenwave360.zdl.antlr,ZdlParser.ServiceContext,48,39,2,2,10,9,12,6,10,6
io.zenwave360.sdk:zdl-jvm,io.zenwave360.zdl.antlr,ZdlLexer,23,888,0,8,11,28,10,9,10,5
io.zenwave360.sdk:zdl-jvm,io.zenwave360.zdl.antlr,ZdlParser.Import_keyContext,28,0,4,0,8,0,7,0,5,0
io.zenwave360.sdk:zdl-jvm,io.zenwave360.zdl.antlr,ZdlParser.Field_nameContext,8,21,2,2,2,6,4,3,2,3
io.zenwave360.sdk:zdl-jvm,io.zenwave360.zdl.antlr,ZdlParser.Api_typeContext,12,21,2,2,3,6,5,3,3,3
io.zenwave360.sdk:zdl-jvm,io.zenwave360.zdl.antlr,ZdlListenerImpl,95,2488,30,82,9,466,31,88,3,60
io.zenwave360.sdk:zdl-jvm,io.zenwave360.zdl.antlr,ZdlParser.InputContext,29,33,2,2,6,8,8,5,6,5
io.zenwave360.sdk:zdl-jvm,io.zenwave360.zdl.antlr,ZdlParser.ObjectContext,27,25,2,2,6,7,8,4,6,4
io.zenwave360.sdk:zdl-jvm,io.zenwave360.zdl.antlr,ZdlParser.Service_legacyContext,12,32,2,2,3,8,5,5,3,5
io.zenwave360.sdk:zdl-jvm,io.zenwave360.zdl.antlr,ZdlParser.Complex_valueContext,2,39,2,2,1,9,3,6,1,6
io.zenwave360.sdk:zdl-jvm,io.zenwave360.zdl.antlr,ZdlParser.Plugin_disabledContext,2,26,2,2,1,7,3,4,1,4
io.zenwave360.sdk:zdl-jvm,io.zenwave360.zdl.antlr,ZdlParser.With_eventsContext,13,25,2,2,3,7,5,4,3,4
io.zenwave360.sdk:zdl-jvm,io.zenwave360.zdl.antlr,ZdlParser.Input_nameContext,7,21,2,2,2,6,4,3,2,3
io.zenwave360.sdk:zdl-jvm,io.zenwave360.zdl.antlr,ZdlParser.Policie_valueContext,2,27,2,2,1,7,3,4,1,4
io.zenwave360.sdk:zdl-jvm,io.zenwave360.zdl.antlr,ZdlParser.With_events_eventContext,7,21,2,2,2,6,4,3,2,3
io.zenwave360.sdk:zdl-jvm,io.zenwave360.zdl.antlr,ZdlParser.KeywordContext,142,21,2,2,29,6,31,3,29,3
io.zenwave360.sdk:zdl-jvm,io.zenwave360.zdl.antlr,FluentMap,0,70,0,6,0,15,0,8,0,5
io.zenwave360.sdk:zdl-jvm,io.zenwave360.zdl.antlr,ZdlParser.Relationship_field_maxContext,17,27,2,2,4,7,6,4,4,4
io.zenwave360.sdk:zdl-jvm,io.zenwave360.zdl.antlr,ZdlParser.Plugin_nameContext,17,21,2,2,4,6,6,3,4,3
io.zenwave360.sdk:zdl-jvm,io.zenwave360.zdl.antlr,ZdlParser.Suffix_javadocContext,7,21,2,2,2,6,4,3,2,3
io.zenwave360.sdk:zdl-jvm,io.zenwave360.zdl.antlr,ZdlParser.Enum_value_nameContext,7,21,2,2,2,6,4,3,2,3
io.zenwave360.sdk:zdl-jvm,io.zenwave360.zdl.antlr,ZdlParser.PoliciesContext,23,27,2,2,5,7,7,4,5,4
io.zenwave360.sdk:zdl-jvm,io.zenwave360.zdl,ZdlParser,8,190,0,0,4,23,1,4,1,4
