<?xml version="1.0" encoding="UTF-8" standalone="yes"?><!DOCTYPE report PUBLIC "-//JACOCO//DTD Report 1.1//EN" "report.dtd"><report name="io.github.zenwave360.zenwave-sdk:zdl-jvm"><sessioninfo id="fv-az695-62-b5a87725" start="1709468090024" dump="1709468092013"/><package name="io/github/zenwave360/zdl/antlr"><class name="io/github/zenwave360/zdl/antlr/ZdlParser$Option_valueContext" sourcefilename="ZdlParser.java"><method name="complex_value" desc="()Lio/github/zenwave360/zdl/antlr/ZdlParser$Complex_valueContext;" line="2861"><counter type="INSTRUCTION" missed="0" covered="6"/><counter type="LINE" missed="0" covered="1"/><counter type="COMPLEXITY" missed="0" covered="1"/><counter type="METHOD" missed="0" covered="1"/></method><method name="&lt;init&gt;" desc="(Lorg/antlr/v4/runtime/ParserRuleContext;I)V" line="2864"><counter type="INSTRUCTION" missed="0" covered="5"/><counter type="LINE" missed="0" covered="2"/><counter type="COMPLEXITY" missed="0" covered="1"/><counter type="METHOD" missed="0" covered="1"/></method><method name="getRuleIndex" desc="()I" line="2866"><counter type="INSTRUCTION" missed="2" covered="0"/><counter type="LINE" missed="1" covered="0"/><counter type="COMPLEXITY" missed="1" covered="0"/><counter type="METHOD" missed="1" covered="0"/></method><method name="enterRule" desc="(Lorg/antlr/v4/runtime/tree/ParseTreeListener;)V" line="2869"><counter type="INSTRUCTION" missed="0" covered="8"/><counter type="BRANCH" missed="1" covered="1"/><counter type="LINE" missed="0" covered="2"/><counter type="COMPLEXITY" missed="1" covered="1"/><counter type="METHOD" missed="0" covered="1"/></method><method name="exitRule" desc="(Lorg/antlr/v4/runtime/tree/ParseTreeListener;)V" line="2873"><counter type="INSTRUCTION" missed="0" covered="8"/><counter type="BRANCH" missed="1" covered="1"/><counter type="LINE" missed="0" covered="2"/><counter type="COMPLEXITY" missed="1" covered="1"/><counter type="METHOD" missed="0" covered="1"/></method><counter type="INSTRUCTION" missed="2" covered="27"/><counter type="BRANCH" missed="2" covered="2"/><counter type="LINE" missed="1" covered="7"/><counter type="COMPLEXITY" missed="3" covered="4"/><counter type="METHOD" missed="1" covered="4"/><counter type="CLASS" missed="0" covered="1"/></class><class name="io/github/zenwave360/zdl/antlr/ZdlParser$Relationship_field_requiredContext" sourcefilename="ZdlParser.java"><method name="REQUIRED" desc="()Lorg/antlr/v4/runtime/tree/TerminalNode;" line="5118"><counter type="INSTRUCTION" missed="5" covered="0"/><counter type="LINE" missed="1" covered="0"/><counter type="COMPLEXITY" missed="1" covered="0"/><counter type="METHOD" missed="1" covered="0"/></method><method name="&lt;init&gt;" desc="(Lorg/antlr/v4/runtime/ParserRuleContext;I)V" line="5120"><counter type="INSTRUCTION" missed="0" covered="5"/><counter type="LINE" missed="0" covered="2"/><counter type="COMPLEXITY" missed="0" covered="1"/><counter type="METHOD" missed="0" covered="1"/></method><method name="getRuleIndex" desc="()I" line="5122"><counter type="INSTRUCTION" missed="2" covered="0"/><counter type="LINE" missed="1" covered="0"/><counter type="COMPLEXITY" missed="1" covered="0"/><counter type="METHOD" missed="1" covered="0"/></method><method name="enterRule" desc="(Lorg/antlr/v4/runtime/tree/ParseTreeListener;)V" line="5125"><counter type="INSTRUCTION" missed="0" covered="8"/><counter type="BRANCH" missed="1" covered="1"/><counter type="LINE" missed="0" covered="2"/><counter type="COMPLEXITY" missed="1" covered="1"/><counter type="METHOD" missed="0" covered="1"/></method><method name="exitRule" desc="(Lorg/antlr/v4/runtime/tree/ParseTreeListener;)V" line="5129"><counter type="INSTRUCTION" missed="0" covered="8"/><counter type="BRANCH" missed="1" covered="1"/><counter type="LINE" missed="0" covered="2"/><counter type="COMPLEXITY" missed="1" covered="1"/><counter type="METHOD" missed="0" covered="1"/></method><counter type="INSTRUCTION" missed="7" covered="21"/><counter type="BRANCH" missed="2" covered="2"/><counter type="LINE" missed="2" covered="6"/><counter type="COMPLEXITY" missed="4" covered="3"/><counter type="METHOD" missed="2" covered="3"/><counter type="CLASS" missed="0" covered="1"/></class><class name="io/github/zenwave360/zdl/antlr/ZdlModelValidator" sourcefilename="ZdlModelValidator.java"><method name="&lt;init&gt;" desc="()V" line="12"><counter type="INSTRUCTION" missed="0" covered="14"/><counter type="LINE" missed="0" covered="4"/><counter type="COMPLEXITY" missed="0" covered="1"/><counter type="METHOD" missed="0" covered="1"/></method><method name="withStandardFieldTypes" desc="(Ljava/util/List;)Lio/github/zenwave360/zdl/antlr/ZdlModelValidator;" line="20"><counter type="INSTRUCTION" missed="0" covered="5"/><counter type="LINE" missed="0" covered="2"/><counter type="COMPLEXITY" missed="0" covered="1"/><counter type="METHOD" missed="0" covered="1"/></method><method name="withExtraFieldTypes" desc="(Ljava/util/List;)Lio/github/zenwave360/zdl/antlr/ZdlModelValidator;" line="25"><counter type="INSTRUCTION" missed="0" covered="5"/><counter type="LINE" missed="0" covered="2"/><counter type="COMPLEXITY" missed="0" covered="1"/><counter type="METHOD" missed="0" covered="1"/></method><method name="validate" desc="(Lio/github/zenwave360/zdl/antlr/ZdlModel;)Lio/github/zenwave360/zdl/antlr/ZdlModel;" line="30"><counter type="INSTRUCTION" missed="0" covered="30"/><counter type="LINE" missed="0" covered="9"/><counter type="COMPLEXITY" missed="0" covered="1"/><counter type="METHOD" missed="0" covered="1"/></method><method name="validateApis" desc="(Lio/github/zenwave360/zdl/antlr/ZdlModel;)V" line="42"><counter type="INSTRUCTION" missed="0" covered="51"/><counter type="BRANCH" missed="0" covered="4"/><counter type="LINE" missed="0" covered="6"/><counter type="COMPLEXITY" missed="0" covered="3"/><counter type="METHOD" missed="0" covered="1"/></method><method name="validateRelationships" desc="(Lio/github/zenwave360/zdl/antlr/ZdlModel;)V" line="51"><counter type="INSTRUCTION" missed="0" covered="106"/><counter type="BRANCH" missed="0" covered="6"/><counter type="LINE" missed="0" covered="14"/><counter type="COMPLEXITY" missed="0" covered="4"/><counter type="METHOD" missed="0" covered="1"/></method><method name="validateEntitiesFields" desc="(Lio/github/zenwave360/zdl/antlr/ZdlModel;Ljava/lang/String;)V" line="70"><counter type="INSTRUCTION" missed="0" covered="26"/><counter type="BRANCH" missed="0" covered="2"/><counter type="LINE" missed="0" covered="5"/><counter type="COMPLEXITY" missed="0" covered="2"/><counter type="METHOD" missed="0" covered="1"/></method><method name="validateFields" desc="(Lio/github/zenwave360/zdl/antlr/ZdlModel;Ljava/util/Map;)V" line="77"><counter type="INSTRUCTION" missed="0" covered="46"/><counter type="BRANCH" missed="0" covered="2"/><counter type="LINE" missed="0" covered="9"/><counter type="COMPLEXITY" missed="0" covered="2"/><counter type="METHOD" missed="0" covered="1"/></method><method name="validateField" desc="(Lio/github/zenwave360/zdl/antlr/ZdlModel;Ljava/lang/String;Ljava/lang/String;Ljava/lang/String;Ljava/lang/String;)V" line="88"><counter type="INSTRUCTION" missed="29" covered="159"/><counter type="BRANCH" missed="4" covered="28"/><counter type="LINE" missed="1" covered="12"/><counter type="COMPLEXITY" missed="4" covered="13"/><counter type="METHOD" missed="0" covered="1"/></method><method name="validateServices" desc="(Lio/github/zenwave360/zdl/antlr/ZdlModel;)Ljava/util/List;" line="111"><counter type="INSTRUCTION" missed="0" covered="309"/><counter type="BRANCH" missed="1" covered="31"/><counter type="LINE" missed="0" covered="29"/><counter type="COMPLEXITY" missed="1" covered="16"/><counter type="METHOD" missed="0" covered="1"/></method><method name="path" desc="([Ljava/lang/String;)Ljava/lang/String;" line="154"><counter type="INSTRUCTION" missed="0" covered="4"/><counter type="LINE" missed="0" covered="1"/><counter type="COMPLEXITY" missed="0" covered="1"/><counter type="METHOD" missed="0" covered="1"/></method><method name="isStandardFieldType" desc="(Ljava/lang/String;)Z" line="158"><counter type="INSTRUCTION" missed="0" covered="16"/><counter type="BRANCH" missed="0" covered="6"/><counter type="LINE" missed="0" covered="1"/><counter type="COMPLEXITY" missed="0" covered="4"/><counter type="METHOD" missed="0" covered="1"/></method><method name="isEntity" desc="(Lio/github/zenwave360/zdl/antlr/ZdlModel;Ljava/lang/String;)Z" line="162"><counter type="INSTRUCTION" missed="0" covered="9"/><counter type="BRANCH" missed="0" covered="2"/><counter type="LINE" missed="0" covered="1"/><counter type="COMPLEXITY" missed="0" covered="2"/><counter type="METHOD" missed="0" covered="1"/></method><method name="isEnum" desc="(Lio/github/zenwave360/zdl/antlr/ZdlModel;Ljava/lang/String;)Z" line="166"><counter type="INSTRUCTION" missed="0" covered="9"/><counter type="BRANCH" missed="0" covered="2"/><counter type="LINE" missed="0" covered="1"/><counter type="COMPLEXITY" missed="0" covered="2"/><counter type="METHOD" missed="0" covered="1"/></method><method name="isInput" desc="(Lio/github/zenwave360/zdl/antlr/ZdlModel;Ljava/lang/String;)Z" line="170"><counter type="INSTRUCTION" missed="0" covered="9"/><counter type="BRANCH" missed="0" covered="2"/><counter type="LINE" missed="0" covered="1"/><counter type="COMPLEXITY" missed="0" covered="2"/><counter type="METHOD" missed="0" covered="1"/></method><method name="isOutput" desc="(Lio/github/zenwave360/zdl/antlr/ZdlModel;Ljava/lang/String;)Z" line="174"><counter type="INSTRUCTION" missed="0" covered="9"/><counter type="BRANCH" missed="0" covered="2"/><counter type="LINE" missed="0" covered="1"/><counter type="COMPLEXITY" missed="0" covered="2"/><counter type="METHOD" missed="0" covered="1"/></method><method name="isEvent" desc="(Lio/github/zenwave360/zdl/antlr/ZdlModel;Ljava/lang/String;)Z" line="178"><counter type="INSTRUCTION" missed="0" covered="9"/><counter type="BRANCH" missed="0" covered="2"/><counter type="LINE" missed="0" covered="1"/><counter type="COMPLEXITY" missed="0" covered="2"/><counter type="METHOD" missed="0" covered="1"/></method><method name="isEntityOrEnum" desc="(Lio/github/zenwave360/zdl/antlr/ZdlModel;Ljava/lang/String;)Z" line="182"><counter type="INSTRUCTION" missed="0" covered="14"/><counter type="BRANCH" missed="0" covered="4"/><counter type="LINE" missed="0" covered="1"/><counter type="COMPLEXITY" missed="0" covered="3"/><counter type="METHOD" missed="0" covered="1"/></method><method name="isAggregate" desc="(Lio/github/zenwave360/zdl/antlr/ZdlModel;Ljava/lang/String;)Z" line="186"><counter type="INSTRUCTION" missed="0" covered="9"/><counter type="LINE" missed="0" covered="1"/><counter type="COMPLEXITY" missed="0" covered="1"/><counter type="METHOD" missed="0" covered="1"/></method><method name="methodEventsFlatList" desc="(Ljava/util/Map;)Ljava/util/List;" line="190"><counter type="INSTRUCTION" missed="39" covered="0"/><counter type="BRANCH" missed="6" covered="0"/><counter type="LINE" missed="9" covered="0"/><counter type="COMPLEXITY" missed="4" covered="0"/><counter type="METHOD" missed="1" covered="0"/></method><counter type="INSTRUCTION" missed="68" covered="839"/><counter type="BRANCH" missed="11" covered="93"/><counter type="LINE" missed="10" covered="101"/><counter type="COMPLEXITY" missed="9" covered="63"/><counter type="METHOD" missed="1" covered="19"/><counter type="CLASS" missed="0" covered="1"/></class><class name="io/github/zenwave360/zdl/antlr/ZdlListenerUtils" sourcefilename="ZdlListenerUtils.java"><method name="&lt;init&gt;" desc="()V" line="13"><counter type="INSTRUCTION" missed="3" covered="0"/><counter type="LINE" missed="1" covered="0"/><counter type="COMPLEXITY" missed="1" covered="0"/><counter type="METHOD" missed="1" covered="0"/></method><method name="getText" desc="(Lorg/antlr/v4/runtime/ParserRuleContext;)Ljava/lang/String;" line="18"><counter type="INSTRUCTION" missed="0" covered="7"/><counter type="BRANCH" missed="0" covered="2"/><counter type="LINE" missed="0" covered="1"/><counter type="COMPLEXITY" missed="0" covered="2"/><counter type="METHOD" missed="0" covered="1"/></method><method name="getText" desc="(Lorg/antlr/v4/runtime/ParserRuleContext;Ljava/lang/Object;)Ljava/lang/Object;" line="22"><counter type="INSTRUCTION" missed="1" covered="6"/><counter type="BRANCH" missed="1" covered="1"/><counter type="LINE" missed="0" covered="1"/><counter type="COMPLEXITY" missed="1" covered="1"/><counter type="METHOD" missed="0" covered="1"/></method><method name="getValueText" desc="(Lio/github/zenwave360/zdl/antlr/ZdlParser$ValueContext;)Ljava/lang/Object;" line="26"><counter type="INSTRUCTION" missed="3" covered="18"/><counter type="BRANCH" missed="1" covered="5"/><counter type="LINE" missed="1" covered="6"/><counter type="COMPLEXITY" missed="1" covered="3"/><counter type="METHOD" missed="0" covered="1"/></method><method name="getValueText" desc="(Lio/github/zenwave360/zdl/antlr/ZdlParser$SimpleContext;)Ljava/lang/Object;" line="39"><counter type="INSTRUCTION" missed="29" covered="33"/><counter type="BRANCH" missed="7" covered="9"/><counter type="LINE" missed="7" covered="10"/><counter type="COMPLEXITY" missed="6" covered="3"/><counter type="METHOD" missed="0" covered="1"/></method><method name="getOptionValue" desc="(Lio/github/zenwave360/zdl/antlr/ZdlParser$Option_valueContext;)Ljava/lang/Object;" line="67"><counter type="INSTRUCTION" missed="0" covered="9"/><counter type="BRANCH" missed="0" covered="2"/><counter type="LINE" missed="0" covered="3"/><counter type="COMPLEXITY" missed="0" covered="2"/><counter type="METHOD" missed="0" covered="1"/></method><method name="getComplexValue" desc="(Lio/github/zenwave360/zdl/antlr/ZdlParser$Complex_valueContext;)Ljava/lang/Object;" line="73"><counter type="INSTRUCTION" missed="3" covered="35"/><counter type="BRANCH" missed="1" covered="1"/><counter type="LINE" missed="1" covered="5"/><counter type="COMPLEXITY" missed="1" covered="1"/><counter type="METHOD" missed="0" covered="1"/></method><method name="unquote" desc="(Ljava/lang/String;Ljava/lang/String;)Ljava/lang/String;" line="83"><counter type="INSTRUCTION" missed="0" covered="17"/><counter type="LINE" missed="0" covered="5"/><counter type="COMPLEXITY" missed="0" covered="1"/><counter type="METHOD" missed="0" covered="1"/></method><method name="getObject" desc="(Lio/github/zenwave360/zdl/antlr/ZdlParser$ObjectContext;)Ljava/lang/Object;" line="91"><counter type="INSTRUCTION" missed="0" covered="15"/><counter type="BRANCH" missed="0" covered="2"/><counter type="LINE" missed="0" covered="5"/><counter type="COMPLEXITY" missed="0" covered="2"/><counter type="METHOD" missed="0" covered="1"/></method><method name="getArray" desc="(Lio/github/zenwave360/zdl/antlr/ZdlParser$ArrayContext;)Ljava/lang/Object;" line="100"><counter type="INSTRUCTION" missed="0" covered="15"/><counter type="BRANCH" missed="0" covered="2"/><counter type="LINE" missed="0" covered="5"/><counter type="COMPLEXITY" missed="0" covered="2"/><counter type="METHOD" missed="0" covered="1"/></method><method name="getArray" desc="(Lorg/antlr/v4/runtime/ParserRuleContext;Ljava/lang/String;)Ljava/util/List;" line="109"><counter type="INSTRUCTION" missed="2" covered="11"/><counter type="BRANCH" missed="1" covered="1"/><counter type="LINE" missed="1" covered="2"/><counter type="COMPLEXITY" missed="1" covered="1"/><counter type="METHOD" missed="0" covered="1"/></method><method name="pluralize" desc="(Ljava/lang/String;)Ljava/lang/String;" line="116"><counter type="INSTRUCTION" missed="0" covered="4"/><counter type="LINE" missed="0" covered="1"/><counter type="COMPLEXITY" missed="0" covered="1"/><counter type="METHOD" missed="0" covered="1"/></method><method name="camelCase" desc="(Ljava/lang/String;)Ljava/lang/String;" line="120"><counter type="INSTRUCTION" missed="0" covered="6"/><counter type="LINE" missed="0" covered="1"/><counter type="COMPLEXITY" missed="0" covered="1"/><counter type="METHOD" missed="0" covered="1"/></method><method name="lowerCamelCase" desc="(Ljava/lang/String;)Ljava/lang/String;" line="124"><counter type="INSTRUCTION" missed="0" covered="6"/><counter type="LINE" missed="0" covered="1"/><counter type="COMPLEXITY" missed="0" covered="1"/><counter type="METHOD" missed="0" covered="1"/></method><method name="kebabCase" desc="(Ljava/lang/String;)Ljava/lang/String;" line="127"><counter type="INSTRUCTION" missed="0" covered="6"/><counter type="LINE" missed="0" covered="1"/><counter type="COMPLEXITY" missed="0" covered="1"/><counter type="METHOD" missed="0" covered="1"/></method><method name="snakeCase" desc="(Ljava/lang/String;)Ljava/lang/String;" line="131"><counter type="INSTRUCTION" missed="0" covered="6"/><counter type="LINE" missed="0" covered="1"/><counter type="COMPLEXITY" missed="0" covered="1"/><counter type="METHOD" missed="0" covered="1"/></method><method name="first" desc="([Ljava/lang/Object;)Ljava/lang/Object;" line="136"><counter type="INSTRUCTION" missed="0" covered="22"/><counter type="BRANCH" missed="0" covered="4"/><counter type="LINE" missed="0" covered="4"/><counter type="COMPLEXITY" missed="0" covered="3"/><counter type="METHOD" missed="0" covered="1"/></method><method name="javadoc" desc="(Ljava/lang/Object;)Ljava/lang/String;" line="145"><counter type="INSTRUCTION" missed="0" covered="18"/><counter type="BRANCH" missed="0" covered="2"/><counter type="LINE" missed="0" covered="7"/><counter type="COMPLEXITY" missed="0" covered="2"/><counter type="METHOD" missed="0" covered="1"/></method><method name="getLocations" desc="(Lorg/antlr/v4/runtime/ParserRuleContext;)[I" line="156"><counter type="INSTRUCTION" missed="0" covered="58"/><counter type="BRANCH" missed="0" covered="4"/><counter type="LINE" missed="0" covered="6"/><counter type="COMPLEXITY" missed="0" covered="3"/><counter type="METHOD" missed="0" covered="1"/></method><method name="createCRUDMethods" desc="(Ljava/util/List;)Ljava/util/Map;" line="169"><counter type="INSTRUCTION" missed="0" covered="23"/><counter type="BRANCH" missed="0" covered="2"/><counter type="LINE" missed="0" covered="5"/><counter type="COMPLEXITY" missed="0" covered="2"/><counter type="METHOD" missed="0" covered="1"/></method><method name="createCRUDMethods" desc="(Ljava/lang/String;)Ljava/util/List;" line="177"><counter type="INSTRUCTION" missed="0" covered="207"/><counter type="LINE" missed="0" covered="39"/><counter type="COMPLEXITY" missed="0" covered="1"/><counter type="METHOD" missed="0" covered="1"/></method><method name="lambda$createCRUDMethods$2" desc="(Lio/github/zenwave360/zdl/antlr/FluentMap;Ljava/util/Map;)V" line="171"><counter type="INSTRUCTION" missed="0" covered="9"/><counter type="LINE" missed="0" covered="1"/><counter type="COMPLEXITY" missed="0" covered="1"/><counter type="METHOD" missed="0" covered="1"/></method><method name="lambda$getArray$1" desc="(Ljava/util/ArrayList;Lio/github/zenwave360/zdl/antlr/ZdlParser$ValueContext;)V" line="104"><counter type="INSTRUCTION" missed="0" covered="6"/><counter type="LINE" missed="0" covered="1"/><counter type="COMPLEXITY" missed="0" covered="1"/><counter type="METHOD" missed="0" covered="1"/></method><method name="lambda$getObject$0" desc="(Lio/github/zenwave360/zdl/antlr/FluentMap;Lio/github/zenwave360/zdl/antlr/ZdlParser$PairContext;)V" line="95"><counter type="INSTRUCTION" missed="0" covered="10"/><counter type="LINE" missed="0" covered="1"/><counter type="COMPLEXITY" missed="0" covered="1"/><counter type="METHOD" missed="0" covered="1"/></method><method name="&lt;clinit&gt;" desc="()V" line="15"><counter type="INSTRUCTION" missed="0" covered="3"/><counter type="LINE" missed="0" covered="1"/><counter type="COMPLEXITY" missed="0" covered="1"/><counter type="METHOD" missed="0" covered="1"/></method><counter type="INSTRUCTION" missed="41" covered="550"/><counter type="BRANCH" missed="11" covered="37"/><counter type="LINE" missed="11" covered="110"/><counter type="COMPLEXITY" missed="11" covered="38"/><counter type="METHOD" missed="1" covered="24"/><counter type="CLASS" missed="0" covered="1"/></class><class name="io/github/zenwave360/zdl/antlr/ZdlParser$Entity_definitionContext" sourcefilename="ZdlParser.java"><method name="entity_name" desc="()Lio/github/zenwave360/zdl/antlr/ZdlParser$Entity_nameContext;" line="2968"><counter type="INSTRUCTION" missed="0" covered="6"/><counter type="LINE" missed="0" covered="1"/><counter type="COMPLEXITY" missed="0" covered="1"/><counter type="METHOD" missed="0" covered="1"/></method><method name="LPAREN" desc="()Lorg/antlr/v4/runtime/tree/TerminalNode;" line="2970"><counter type="INSTRUCTION" missed="5" covered="0"/><counter type="LINE" missed="1" covered="0"/><counter type="COMPLEXITY" missed="1" covered="0"/><counter type="METHOD" missed="1" covered="0"/></method><method name="entity_table_name" desc="()Lio/github/zenwave360/zdl/antlr/ZdlParser$Entity_table_nameContext;" line="2972"><counter type="INSTRUCTION" missed="0" covered="6"/><counter type="LINE" missed="0" covered="1"/><counter type="COMPLEXITY" missed="0" covered="1"/><counter type="METHOD" missed="0" covered="1"/></method><method name="RPAREN" desc="()Lorg/antlr/v4/runtime/tree/TerminalNode;" line="2974"><counter type="INSTRUCTION" missed="5" covered="0"/><counter type="LINE" missed="1" covered="0"/><counter type="COMPLEXITY" missed="1" covered="0"/><counter type="METHOD" missed="1" covered="0"/></method><method name="&lt;init&gt;" desc="(Lorg/antlr/v4/runtime/ParserRuleContext;I)V" line="2976"><counter type="INSTRUCTION" missed="0" covered="5"/><counter type="LINE" missed="0" covered="2"/><counter type="COMPLEXITY" missed="0" covered="1"/><counter type="METHOD" missed="0" covered="1"/></method><method name="getRuleIndex" desc="()I" line="2978"><counter type="INSTRUCTION" missed="2" covered="0"/><counter type="LINE" missed="1" covered="0"/><counter type="COMPLEXITY" missed="1" covered="0"/><counter type="METHOD" missed="1" covered="0"/></method><method name="enterRule" desc="(Lorg/antlr/v4/runtime/tree/ParseTreeListener;)V" line="2981"><counter type="INSTRUCTION" missed="0" covered="8"/><counter type="BRANCH" missed="1" covered="1"/><counter type="LINE" missed="0" covered="2"/><counter type="COMPLEXITY" missed="1" covered="1"/><counter type="METHOD" missed="0" covered="1"/></method><method name="exitRule" desc="(Lorg/antlr/v4/runtime/tree/ParseTreeListener;)V" line="2985"><counter type="INSTRUCTION" missed="0" covered="8"/><counter type="BRANCH" missed="1" covered="1"/><counter type="LINE" missed="0" covered="2"/><counter type="COMPLEXITY" missed="1" covered="1"/><counter type="METHOD" missed="0" covered="1"/></method><counter type="INSTRUCTION" missed="12" covered="33"/><counter type="BRANCH" missed="2" covered="2"/><counter type="LINE" missed="3" covered="8"/><counter type="COMPLEXITY" missed="5" covered="5"/><counter type="METHOD" missed="3" covered="5"/><counter type="CLASS" missed="0" covered="1"/></class><class name="io/github/zenwave360/zdl/antlr/ZdlParser$Api_configsContext" sourcefilename="ZdlParser.java"><method name="api_config" desc="()Ljava/util/List;" line="1648"><counter type="INSTRUCTION" missed="4" covered="0"/><counter type="LINE" missed="1" covered="0"/><counter type="COMPLEXITY" missed="1" covered="0"/><counter type="METHOD" missed="1" covered="0"/></method><method name="api_config" desc="(I)Lio/github/zenwave360/zdl/antlr/ZdlParser$Api_configContext;" line="1651"><counter type="INSTRUCTION" missed="6" covered="0"/><counter type="LINE" missed="1" covered="0"/><counter type="COMPLEXITY" missed="1" covered="0"/><counter type="METHOD" missed="1" covered="0"/></method><method name="&lt;init&gt;" desc="(Lorg/antlr/v4/runtime/ParserRuleContext;I)V" line="1654"><counter type="INSTRUCTION" missed="0" covered="5"/><counter type="LINE" missed="0" covered="2"/><counter type="COMPLEXITY" missed="0" covered="1"/><counter type="METHOD" missed="0" covered="1"/></method><method name="getRuleIndex" desc="()I" line="1656"><counter type="INSTRUCTION" missed="2" covered="0"/><counter type="LINE" missed="1" covered="0"/><counter type="COMPLEXITY" missed="1" covered="0"/><counter type="METHOD" missed="1" covered="0"/></method><method name="enterRule" desc="(Lorg/antlr/v4/runtime/tree/ParseTreeListener;)V" line="1659"><counter type="INSTRUCTION" missed="0" covered="8"/><counter type="BRANCH" missed="1" covered="1"/><counter type="LINE" missed="0" covered="2"/><counter type="COMPLEXITY" missed="1" covered="1"/><counter type="METHOD" missed="0" covered="1"/></method><method name="exitRule" desc="(Lorg/antlr/v4/runtime/tree/ParseTreeListener;)V" line="1663"><counter type="INSTRUCTION" missed="0" covered="8"/><counter type="BRANCH" missed="1" covered="1"/><counter type="LINE" missed="0" covered="2"/><counter type="COMPLEXITY" missed="1" covered="1"/><counter type="METHOD" missed="0" covered="1"/></method><counter type="INSTRUCTION" missed="12" covered="21"/><counter type="BRANCH" missed="2" covered="2"/><counter type="LINE" missed="3" covered="6"/><counter type="COMPLEXITY" missed="5" covered="3"/><counter type="METHOD" missed="3" covered="3"/><counter type="CLASS" missed="0" covered="1"/></class><class name="io/github/zenwave360/zdl/antlr/ZdlParser$SimpleContext" sourcefilename="ZdlParser.java"><method name="keyword" desc="()Lio/github/zenwave360/zdl/antlr/ZdlParser$KeywordContext;" line="787"><counter type="INSTRUCTION" missed="0" covered="6"/><counter type="LINE" missed="0" covered="1"/><counter type="COMPLEXITY" missed="0" covered="1"/><counter type="METHOD" missed="0" covered="1"/></method><method name="SINGLE_QUOTED_STRING" desc="()Lorg/antlr/v4/runtime/tree/TerminalNode;" line="789"><counter type="INSTRUCTION" missed="0" covered="5"/><counter type="LINE" missed="0" covered="1"/><counter type="COMPLEXITY" missed="0" covered="1"/><counter type="METHOD" missed="0" covered="1"/></method><method name="DOUBLE_QUOTED_STRING" desc="()Lorg/antlr/v4/runtime/tree/TerminalNode;" line="790"><counter type="INSTRUCTION" missed="0" covered="5"/><counter type="LINE" missed="0" covered="1"/><counter type="COMPLEXITY" missed="0" covered="1"/><counter type="METHOD" missed="0" covered="1"/></method><method name="INT" desc="()Lorg/antlr/v4/runtime/tree/TerminalNode;" line="791"><counter type="INSTRUCTION" missed="0" covered="5"/><counter type="LINE" missed="0" covered="1"/><counter type="COMPLEXITY" missed="0" covered="1"/><counter type="METHOD" missed="0" covered="1"/></method><method name="NUMBER" desc="()Lorg/antlr/v4/runtime/tree/TerminalNode;" line="792"><counter type="INSTRUCTION" missed="0" covered="5"/><counter type="LINE" missed="0" covered="1"/><counter type="COMPLEXITY" missed="0" covered="1"/><counter type="METHOD" missed="0" covered="1"/></method><method name="TRUE" desc="()Lorg/antlr/v4/runtime/tree/TerminalNode;" line="793"><counter type="INSTRUCTION" missed="0" covered="5"/><counter type="LINE" missed="0" covered="1"/><counter type="COMPLEXITY" missed="0" covered="1"/><counter type="METHOD" missed="0" covered="1"/></method><method name="FALSE" desc="()Lorg/antlr/v4/runtime/tree/TerminalNode;" line="794"><counter type="INSTRUCTION" missed="5" covered="0"/><counter type="LINE" missed="1" covered="0"/><counter type="COMPLEXITY" missed="1" covered="0"/><counter type="METHOD" missed="1" covered="0"/></method><method name="NULL" desc="()Lorg/antlr/v4/runtime/tree/TerminalNode;" line="795"><counter type="INSTRUCTION" missed="5" covered="0"/><counter type="LINE" missed="1" covered="0"/><counter type="COMPLEXITY" missed="1" covered="0"/><counter type="METHOD" missed="1" covered="0"/></method><method name="&lt;init&gt;" desc="(Lorg/antlr/v4/runtime/ParserRuleContext;I)V" line="797"><counter type="INSTRUCTION" missed="0" covered="5"/><counter type="LINE" missed="0" covered="2"/><counter type="COMPLEXITY" missed="0" covered="1"/><counter type="METHOD" missed="0" covered="1"/></method><method name="getRuleIndex" desc="()I" line="799"><counter type="INSTRUCTION" missed="2" covered="0"/><counter type="LINE" missed="1" covered="0"/><counter type="COMPLEXITY" missed="1" covered="0"/><counter type="METHOD" missed="1" covered="0"/></method><method name="enterRule" desc="(Lorg/antlr/v4/runtime/tree/ParseTreeListener;)V" line="802"><counter type="INSTRUCTION" missed="0" covered="8"/><counter type="BRANCH" missed="1" covered="1"/><counter type="LINE" missed="0" covered="2"/><counter type="COMPLEXITY" missed="1" covered="1"/><counter type="METHOD" missed="0" covered="1"/></method><method name="exitRule" desc="(Lorg/antlr/v4/runtime/tree/ParseTreeListener;)V" line="806"><counter type="INSTRUCTION" missed="0" covered="8"/><counter type="BRANCH" missed="1" covered="1"/><counter type="LINE" missed="0" covered="2"/><counter type="COMPLEXITY" missed="1" covered="1"/><counter type="METHOD" missed="0" covered="1"/></method><counter type="INSTRUCTION" missed="12" covered="52"/><counter type="BRANCH" missed="2" covered="2"/><counter type="LINE" missed="3" covered="12"/><counter type="COMPLEXITY" missed="5" covered="9"/><counter type="METHOD" missed="3" covered="9"/><counter type="CLASS" missed="0" covered="1"/></class><class name="io/github/zenwave360/zdl/antlr/ZdlParser$Enum_valueContext" sourcefilename="ZdlParser.java"><method name="enum_value_name" desc="()Lio/github/zenwave360/zdl/antlr/ZdlParser$Enum_value_nameContext;" line="4117"><counter type="INSTRUCTION" missed="0" covered="6"/><counter type="LINE" missed="0" covered="1"/><counter type="COMPLEXITY" missed="0" covered="1"/><counter type="METHOD" missed="0" covered="1"/></method><method name="javadoc" desc="()Lio/github/zenwave360/zdl/antlr/ZdlParser$JavadocContext;" line="4120"><counter type="INSTRUCTION" missed="0" covered="6"/><counter type="LINE" missed="0" covered="1"/><counter type="COMPLEXITY" missed="0" covered="1"/><counter type="METHOD" missed="0" covered="1"/></method><method name="LPAREN" desc="()Lorg/antlr/v4/runtime/tree/TerminalNode;" line="4122"><counter type="INSTRUCTION" missed="5" covered="0"/><counter type="LINE" missed="1" covered="0"/><counter type="COMPLEXITY" missed="1" covered="0"/><counter type="METHOD" missed="1" covered="0"/></method><method name="enum_value_value" desc="()Lio/github/zenwave360/zdl/antlr/ZdlParser$Enum_value_valueContext;" line="4124"><counter type="INSTRUCTION" missed="0" covered="6"/><counter type="LINE" missed="0" covered="1"/><counter type="COMPLEXITY" missed="0" covered="1"/><counter type="METHOD" missed="0" covered="1"/></method><method name="RPAREN" desc="()Lorg/antlr/v4/runtime/tree/TerminalNode;" line="4126"><counter type="INSTRUCTION" missed="5" covered="0"/><counter type="LINE" missed="1" covered="0"/><counter type="COMPLEXITY" missed="1" covered="0"/><counter type="METHOD" missed="1" covered="0"/></method><method name="suffix_javadoc" desc="()Lio/github/zenwave360/zdl/antlr/ZdlParser$Suffix_javadocContext;" line="4128"><counter type="INSTRUCTION" missed="0" covered="6"/><counter type="LINE" missed="0" covered="1"/><counter type="COMPLEXITY" missed="0" covered="1"/><counter type="METHOD" missed="0" covered="1"/></method><method name="COMMA" desc="()Lorg/antlr/v4/runtime/tree/TerminalNode;" line="4130"><counter type="INSTRUCTION" missed="5" covered="0"/><counter type="LINE" missed="1" covered="0"/><counter type="COMPLEXITY" missed="1" covered="0"/><counter type="METHOD" missed="1" covered="0"/></method><method name="&lt;init&gt;" desc="(Lorg/antlr/v4/runtime/ParserRuleContext;I)V" line="4132"><counter type="INSTRUCTION" missed="0" covered="5"/><counter type="LINE" missed="0" covered="2"/><counter type="COMPLEXITY" missed="0" covered="1"/><counter type="METHOD" missed="0" covered="1"/></method><method name="getRuleIndex" desc="()I" line="4134"><counter type="INSTRUCTION" missed="2" covered="0"/><counter type="LINE" missed="1" covered="0"/><counter type="COMPLEXITY" missed="1" covered="0"/><counter type="METHOD" missed="1" covered="0"/></method><method name="enterRule" desc="(Lorg/antlr/v4/runtime/tree/ParseTreeListener;)V" line="4137"><counter type="INSTRUCTION" missed="0" covered="8"/><counter type="BRANCH" missed="1" covered="1"/><counter type="LINE" missed="0" covered="2"/><counter type="COMPLEXITY" missed="1" covered="1"/><counter type="METHOD" missed="0" covered="1"/></method><method name="exitRule" desc="(Lorg/antlr/v4/runtime/tree/ParseTreeListener;)V" line="4141"><counter type="INSTRUCTION" missed="0" covered="8"/><counter type="BRANCH" missed="1" covered="1"/><counter type="LINE" missed="0" covered="2"/><counter type="COMPLEXITY" missed="1" covered="1"/><counter type="METHOD" missed="0" covered="1"/></method><counter type="INSTRUCTION" missed="17" covered="45"/><counter type="BRANCH" missed="2" covered="2"/><counter type="LINE" missed="4" covered="10"/><counter type="COMPLEXITY" missed="6" covered="7"/><counter type="METHOD" missed="4" covered="7"/><counter type="CLASS" missed="0" covered="1"/></class><class name="io/github/zenwave360/zdl/antlr/ZdlParser$Policies_bodyContext" sourcefilename="ZdlParser.java"><method name="LBRACE" desc="()Lorg/antlr/v4/runtime/tree/TerminalNode;" line="2511"><counter type="INSTRUCTION" missed="5" covered="0"/><counter type="LINE" missed="1" covered="0"/><counter type="COMPLEXITY" missed="1" covered="0"/><counter type="METHOD" missed="1" covered="0"/></method><method name="RBRACE" desc="()Lorg/antlr/v4/runtime/tree/TerminalNode;" line="2512"><counter type="INSTRUCTION" missed="5" covered="0"/><counter type="LINE" missed="1" covered="0"/><counter type="COMPLEXITY" missed="1" covered="0"/><counter type="METHOD" missed="1" covered="0"/></method><method name="policie_body" desc="()Ljava/util/List;" line="2514"><counter type="INSTRUCTION" missed="4" covered="0"/><counter type="LINE" missed="1" covered="0"/><counter type="COMPLEXITY" missed="1" covered="0"/><counter type="METHOD" missed="1" covered="0"/></method><method name="policie_body" desc="(I)Lio/github/zenwave360/zdl/antlr/ZdlParser$Policie_bodyContext;" line="2517"><counter type="INSTRUCTION" missed="6" covered="0"/><counter type="LINE" missed="1" covered="0"/><counter type="COMPLEXITY" missed="1" covered="0"/><counter type="METHOD" missed="1" covered="0"/></method><method name="&lt;init&gt;" desc="(Lorg/antlr/v4/runtime/ParserRuleContext;I)V" line="2520"><counter type="INSTRUCTION" missed="0" covered="5"/><counter type="LINE" missed="0" covered="2"/><counter type="COMPLEXITY" missed="0" covered="1"/><counter type="METHOD" missed="0" covered="1"/></method><method name="getRuleIndex" desc="()I" line="2522"><counter type="INSTRUCTION" missed="2" covered="0"/><counter type="LINE" missed="1" covered="0"/><counter type="COMPLEXITY" missed="1" covered="0"/><counter type="METHOD" missed="1" covered="0"/></method><method name="enterRule" desc="(Lorg/antlr/v4/runtime/tree/ParseTreeListener;)V" line="2525"><counter type="INSTRUCTION" missed="0" covered="8"/><counter type="BRANCH" missed="1" covered="1"/><counter type="LINE" missed="0" covered="2"/><counter type="COMPLEXITY" missed="1" covered="1"/><counter type="METHOD" missed="0" covered="1"/></method><method name="exitRule" desc="(Lorg/antlr/v4/runtime/tree/ParseTreeListener;)V" line="2529"><counter type="INSTRUCTION" missed="0" covered="8"/><counter type="BRANCH" missed="1" covered="1"/><counter type="LINE" missed="0" covered="2"/><counter type="COMPLEXITY" missed="1" covered="1"/><counter type="METHOD" missed="0" covered="1"/></method><counter type="INSTRUCTION" missed="22" covered="21"/><counter type="BRANCH" missed="2" covered="2"/><counter type="LINE" missed="5" covered="6"/><counter type="COMPLEXITY" missed="7" covered="3"/><counter type="METHOD" missed="5" covered="3"/><counter type="CLASS" missed="0" covered="1"/></class><class name="io/github/zenwave360/zdl/antlr/ZdlParser$FieldContext" sourcefilename="ZdlParser.java"><method name="annotations" desc="()Lio/github/zenwave360/zdl/antlr/ZdlParser$AnnotationsContext;" line="3224"><counter type="INSTRUCTION" missed="6" covered="0"/><counter type="LINE" missed="1" covered="0"/><counter type="COMPLEXITY" missed="1" covered="0"/><counter type="METHOD" missed="1" covered="0"/></method><method name="field_name" desc="()Lio/github/zenwave360/zdl/antlr/ZdlParser$Field_nameContext;" line="3227"><counter type="INSTRUCTION" missed="0" covered="6"/><counter type="LINE" missed="0" covered="1"/><counter type="COMPLEXITY" missed="0" covered="1"/><counter type="METHOD" missed="0" covered="1"/></method><method name="field_type" desc="()Lio/github/zenwave360/zdl/antlr/ZdlParser$Field_typeContext;" line="3230"><counter type="INSTRUCTION" missed="0" covered="6"/><counter type="LINE" missed="0" covered="1"/><counter type="COMPLEXITY" missed="0" covered="1"/><counter type="METHOD" missed="0" covered="1"/></method><method name="javadoc" desc="()Lio/github/zenwave360/zdl/antlr/ZdlParser$JavadocContext;" line="3233"><counter type="INSTRUCTION" missed="0" covered="6"/><counter type="LINE" missed="0" covered="1"/><counter type="COMPLEXITY" missed="0" covered="1"/><counter type="METHOD" missed="0" covered="1"/></method><method name="field_initialization" desc="()Lio/github/zenwave360/zdl/antlr/ZdlParser$Field_initializationContext;" line="3236"><counter type="INSTRUCTION" missed="0" covered="6"/><counter type="LINE" missed="0" covered="1"/><counter type="COMPLEXITY" missed="0" covered="1"/><counter type="METHOD" missed="0" covered="1"/></method><method name="LPAREN" desc="()Lorg/antlr/v4/runtime/tree/TerminalNode;" line="3238"><counter type="INSTRUCTION" missed="5" covered="0"/><counter type="LINE" missed="1" covered="0"/><counter type="COMPLEXITY" missed="1" covered="0"/><counter type="METHOD" missed="1" covered="0"/></method><method name="entity_table_name" desc="()Lio/github/zenwave360/zdl/antlr/ZdlParser$Entity_table_nameContext;" line="3240"><counter type="INSTRUCTION" missed="0" covered="6"/><counter type="LINE" missed="0" covered="1"/><counter type="COMPLEXITY" missed="0" covered="1"/><counter type="METHOD" missed="0" covered="1"/></method><method name="RPAREN" desc="()Lorg/antlr/v4/runtime/tree/TerminalNode;" line="3242"><counter type="INSTRUCTION" missed="5" covered="0"/><counter type="LINE" missed="1" covered="0"/><counter type="COMPLEXITY" missed="1" covered="0"/><counter type="METHOD" missed="1" covered="0"/></method><method name="field_validations" desc="()Ljava/util/List;" line="3244"><counter type="INSTRUCTION" missed="0" covered="4"/><counter type="LINE" missed="0" covered="1"/><counter type="COMPLEXITY" missed="0" covered="1"/><counter type="METHOD" missed="0" covered="1"/></method><method name="field_validations" desc="(I)Lio/github/zenwave360/zdl/antlr/ZdlParser$Field_validationsContext;" line="3247"><counter type="INSTRUCTION" missed="6" covered="0"/><counter type="LINE" missed="1" covered="0"/><counter type="COMPLEXITY" missed="1" covered="0"/><counter type="METHOD" missed="1" covered="0"/></method><method name="suffix_javadoc" desc="()Lio/github/zenwave360/zdl/antlr/ZdlParser$Suffix_javadocContext;" line="3250"><counter type="INSTRUCTION" missed="0" covered="6"/><counter type="LINE" missed="0" covered="1"/><counter type="COMPLEXITY" missed="0" covered="1"/><counter type="METHOD" missed="0" covered="1"/></method><method name="nested_field" desc="()Lio/github/zenwave360/zdl/antlr/ZdlParser$Nested_fieldContext;" line="3253"><counter type="INSTRUCTION" missed="6" covered="0"/><counter type="LINE" missed="1" covered="0"/><counter type="COMPLEXITY" missed="1" covered="0"/><counter type="METHOD" missed="1" covered="0"/></method><method name="&lt;init&gt;" desc="(Lorg/antlr/v4/runtime/ParserRuleContext;I)V" line="3256"><counter type="INSTRUCTION" missed="0" covered="5"/><counter type="LINE" missed="0" covered="2"/><counter type="COMPLEXITY" missed="0" covered="1"/><counter type="METHOD" missed="0" covered="1"/></method><method name="getRuleIndex" desc="()I" line="3258"><counter type="INSTRUCTION" missed="2" covered="0"/><counter type="LINE" missed="1" covered="0"/><counter type="COMPLEXITY" missed="1" covered="0"/><counter type="METHOD" missed="1" covered="0"/></method><method name="enterRule" desc="(Lorg/antlr/v4/runtime/tree/ParseTreeListener;)V" line="3261"><counter type="INSTRUCTION" missed="0" covered="8"/><counter type="BRANCH" missed="1" covered="1"/><counter type="LINE" missed="0" covered="2"/><counter type="COMPLEXITY" missed="1" covered="1"/><counter type="METHOD" missed="0" covered="1"/></method><method name="exitRule" desc="(Lorg/antlr/v4/runtime/tree/ParseTreeListener;)V" line="3265"><counter type="INSTRUCTION" missed="0" covered="8"/><counter type="BRANCH" missed="1" covered="1"/><counter type="LINE" missed="0" covered="2"/><counter type="COMPLEXITY" missed="1" covered="1"/><counter type="METHOD" missed="0" covered="1"/></method><counter type="INSTRUCTION" missed="30" covered="61"/><counter type="BRANCH" missed="2" covered="2"/><counter type="LINE" missed="6" covered="13"/><counter type="COMPLEXITY" missed="8" covered="10"/><counter type="METHOD" missed="6" covered="10"/><counter type="CLASS" missed="0" covered="1"/></class><class name="io/github/zenwave360/zdl/antlr/ZdlParser$Relationship_definitionContext" sourcefilename="ZdlParser.java"><method name="relationship_entity_name" desc="()Lio/github/zenwave360/zdl/antlr/ZdlParser$Relationship_entity_nameContext;" line="4911"><counter type="INSTRUCTION" missed="0" covered="6"/><counter type="LINE" missed="0" covered="1"/><counter type="COMPLEXITY" missed="0" covered="1"/><counter type="METHOD" missed="0" covered="1"/></method><method name="LBRACE" desc="()Lorg/antlr/v4/runtime/tree/TerminalNode;" line="4913"><counter type="INSTRUCTION" missed="5" covered="0"/><counter type="LINE" missed="1" covered="0"/><counter type="COMPLEXITY" missed="1" covered="0"/><counter type="METHOD" missed="1" covered="0"/></method><method name="relationship_field_name" desc="()Lio/github/zenwave360/zdl/antlr/ZdlParser$Relationship_field_nameContext;" line="4915"><counter type="INSTRUCTION" missed="0" covered="6"/><counter type="LINE" missed="0" covered="1"/><counter type="COMPLEXITY" missed="0" covered="1"/><counter type="METHOD" missed="0" covered="1"/></method><method name="RBRACE" desc="()Lorg/antlr/v4/runtime/tree/TerminalNode;" line="4917"><counter type="INSTRUCTION" missed="5" covered="0"/><counter type="LINE" missed="1" covered="0"/><counter type="COMPLEXITY" missed="1" covered="0"/><counter type="METHOD" missed="1" covered="0"/></method><method name="LPAREN" desc="()Lorg/antlr/v4/runtime/tree/TerminalNode;" line="4918"><counter type="INSTRUCTION" missed="5" covered="0"/><counter type="LINE" missed="1" covered="0"/><counter type="COMPLEXITY" missed="1" covered="0"/><counter type="METHOD" missed="1" covered="0"/></method><method name="relationship_description_field" desc="()Lio/github/zenwave360/zdl/antlr/ZdlParser$Relationship_description_fieldContext;" line="4920"><counter type="INSTRUCTION" missed="0" covered="6"/><counter type="LINE" missed="0" covered="1"/><counter type="COMPLEXITY" missed="0" covered="1"/><counter type="METHOD" missed="0" covered="1"/></method><method name="RPAREN" desc="()Lorg/antlr/v4/runtime/tree/TerminalNode;" line="4922"><counter type="INSTRUCTION" missed="5" covered="0"/><counter type="LINE" missed="1" covered="0"/><counter type="COMPLEXITY" missed="1" covered="0"/><counter type="METHOD" missed="1" covered="0"/></method><method name="relationship_field_required" desc="()Lio/github/zenwave360/zdl/antlr/ZdlParser$Relationship_field_requiredContext;" line="4924"><counter type="INSTRUCTION" missed="0" covered="6"/><counter type="LINE" missed="0" covered="1"/><counter type="COMPLEXITY" missed="0" covered="1"/><counter type="METHOD" missed="0" covered="1"/></method><method name="&lt;init&gt;" desc="(Lorg/antlr/v4/runtime/ParserRuleContext;I)V" line="4927"><counter type="INSTRUCTION" missed="0" covered="5"/><counter type="LINE" missed="0" covered="2"/><counter type="COMPLEXITY" missed="0" covered="1"/><counter type="METHOD" missed="0" covered="1"/></method><method name="getRuleIndex" desc="()I" line="4929"><counter type="INSTRUCTION" missed="2" covered="0"/><counter type="LINE" missed="1" covered="0"/><counter type="COMPLEXITY" missed="1" covered="0"/><counter type="METHOD" missed="1" covered="0"/></method><method name="enterRule" desc="(Lorg/antlr/v4/runtime/tree/ParseTreeListener;)V" line="4932"><counter type="INSTRUCTION" missed="0" covered="8"/><counter type="BRANCH" missed="1" covered="1"/><counter type="LINE" missed="0" covered="2"/><counter type="COMPLEXITY" missed="1" covered="1"/><counter type="METHOD" missed="0" covered="1"/></method><method name="exitRule" desc="(Lorg/antlr/v4/runtime/tree/ParseTreeListener;)V" line="4936"><counter type="INSTRUCTION" missed="0" covered="8"/><counter type="BRANCH" missed="1" covered="1"/><counter type="LINE" missed="0" covered="2"/><counter type="COMPLEXITY" missed="1" covered="1"/><counter type="METHOD" missed="0" covered="1"/></method><counter type="INSTRUCTION" missed="22" covered="45"/><counter type="BRANCH" missed="2" covered="2"/><counter type="LINE" missed="5" covered="10"/><counter type="COMPLEXITY" missed="7" covered="7"/><counter type="METHOD" missed="5" covered="7"/><counter type="CLASS" missed="0" covered="1"/></class><class name="io/github/zenwave360/zdl/antlr/ZdlParser$RelationshipContext" sourcefilename="ZdlParser.java"><method name="relationship_from" desc="()Lio/github/zenwave360/zdl/antlr/ZdlParser$Relationship_fromContext;" line="4745"><counter type="INSTRUCTION" missed="0" covered="6"/><counter type="LINE" missed="0" covered="1"/><counter type="COMPLEXITY" missed="0" covered="1"/><counter type="METHOD" missed="0" covered="1"/></method><method name="TO" desc="()Lorg/antlr/v4/runtime/tree/TerminalNode;" line="4747"><counter type="INSTRUCTION" missed="5" covered="0"/><counter type="LINE" missed="1" covered="0"/><counter type="COMPLEXITY" missed="1" covered="0"/><counter type="METHOD" missed="1" covered="0"/></method><method name="relationship_to" desc="()Lio/github/zenwave360/zdl/antlr/ZdlParser$Relationship_toContext;" line="4749"><counter type="INSTRUCTION" missed="0" covered="6"/><counter type="LINE" missed="0" covered="1"/><counter type="COMPLEXITY" missed="0" covered="1"/><counter type="METHOD" missed="0" covered="1"/></method><method name="&lt;init&gt;" desc="(Lorg/antlr/v4/runtime/ParserRuleContext;I)V" line="4752"><counter type="INSTRUCTION" missed="0" covered="5"/><counter type="LINE" missed="0" covered="2"/><counter type="COMPLEXITY" missed="0" covered="1"/><counter type="METHOD" missed="0" covered="1"/></method><method name="getRuleIndex" desc="()I" line="4754"><counter type="INSTRUCTION" missed="2" covered="0"/><counter type="LINE" missed="1" covered="0"/><counter type="COMPLEXITY" missed="1" covered="0"/><counter type="METHOD" missed="1" covered="0"/></method><method name="enterRule" desc="(Lorg/antlr/v4/runtime/tree/ParseTreeListener;)V" line="4757"><counter type="INSTRUCTION" missed="0" covered="8"/><counter type="BRANCH" missed="1" covered="1"/><counter type="LINE" missed="0" covered="2"/><counter type="COMPLEXITY" missed="1" covered="1"/><counter type="METHOD" missed="0" covered="1"/></method><method name="exitRule" desc="(Lorg/antlr/v4/runtime/tree/ParseTreeListener;)V" line="4761"><counter type="INSTRUCTION" missed="0" covered="8"/><counter type="BRANCH" missed="1" covered="1"/><counter type="LINE" missed="0" covered="2"/><counter type="COMPLEXITY" missed="1" covered="1"/><counter type="METHOD" missed="0" covered="1"/></method><counter type="INSTRUCTION" missed="7" covered="33"/><counter type="BRANCH" missed="2" covered="2"/><counter type="LINE" missed="2" covered="8"/><counter type="COMPLEXITY" missed="4" covered="5"/><counter type="METHOD" missed="2" covered="5"/><counter type="CLASS" missed="0" covered="1"/></class><class name="io/github/zenwave360/zdl/antlr/ZdlParser$Entity_table_nameContext" sourcefilename="ZdlParser.java"><method name="keyword" desc="()Lio/github/zenwave360/zdl/antlr/ZdlParser$KeywordContext;" line="3068"><counter type="INSTRUCTION" missed="6" covered="0"/><counter type="LINE" missed="1" covered="0"/><counter type="COMPLEXITY" missed="1" covered="0"/><counter type="METHOD" missed="1" covered="0"/></method><method name="&lt;init&gt;" desc="(Lorg/antlr/v4/runtime/ParserRuleContext;I)V" line="3071"><counter type="INSTRUCTION" missed="0" covered="5"/><counter type="LINE" missed="0" covered="2"/><counter type="COMPLEXITY" missed="0" covered="1"/><counter type="METHOD" missed="0" covered="1"/></method><method name="getRuleIndex" desc="()I" line="3073"><counter type="INSTRUCTION" missed="2" covered="0"/><counter type="LINE" missed="1" covered="0"/><counter type="COMPLEXITY" missed="1" covered="0"/><counter type="METHOD" missed="1" covered="0"/></method><method name="enterRule" desc="(Lorg/antlr/v4/runtime/tree/ParseTreeListener;)V" line="3076"><counter type="INSTRUCTION" missed="0" covered="8"/><counter type="BRANCH" missed="1" covered="1"/><counter type="LINE" missed="0" covered="2"/><counter type="COMPLEXITY" missed="1" covered="1"/><counter type="METHOD" missed="0" covered="1"/></method><method name="exitRule" desc="(Lorg/antlr/v4/runtime/tree/ParseTreeListener;)V" line="3080"><counter type="INSTRUCTION" missed="0" covered="8"/><counter type="BRANCH" missed="1" covered="1"/><counter type="LINE" missed="0" covered="2"/><counter type="COMPLEXITY" missed="1" covered="1"/><counter type="METHOD" missed="0" covered="1"/></method><counter type="INSTRUCTION" missed="8" covered="21"/><counter type="BRANCH" missed="2" covered="2"/><counter type="LINE" missed="2" covered="6"/><counter type="COMPLEXITY" missed="4" covered="3"/><counter type="METHOD" missed="2" covered="3"/><counter type="CLASS" missed="0" covered="1"/></class><class name="io/github/zenwave360/zdl/antlr/ZdlParser$OptionContext" sourcefilename="ZdlParser.java"><method name="option_name" desc="()Lio/github/zenwave360/zdl/antlr/ZdlParser$Option_nameContext;" line="2763"><counter type="INSTRUCTION" missed="0" covered="6"/><counter type="LINE" missed="0" covered="1"/><counter type="COMPLEXITY" missed="0" covered="1"/><counter type="METHOD" missed="0" covered="1"/></method><method name="LPAREN" desc="()Lorg/antlr/v4/runtime/tree/TerminalNode;" line="2765"><counter type="INSTRUCTION" missed="5" covered="0"/><counter type="LINE" missed="1" covered="0"/><counter type="COMPLEXITY" missed="1" covered="0"/><counter type="METHOD" missed="1" covered="0"/></method><method name="option_value" desc="()Lio/github/zenwave360/zdl/antlr/ZdlParser$Option_valueContext;" line="2767"><counter type="INSTRUCTION" missed="0" covered="6"/><counter type="LINE" missed="0" covered="1"/><counter type="COMPLEXITY" missed="0" covered="1"/><counter type="METHOD" missed="0" covered="1"/></method><method name="RPAREN" desc="()Lorg/antlr/v4/runtime/tree/TerminalNode;" line="2769"><counter type="INSTRUCTION" missed="5" covered="0"/><counter type="LINE" missed="1" covered="0"/><counter type="COMPLEXITY" missed="1" covered="0"/><counter type="METHOD" missed="1" covered="0"/></method><method name="&lt;init&gt;" desc="(Lorg/antlr/v4/runtime/ParserRuleContext;I)V" line="2771"><counter type="INSTRUCTION" missed="0" covered="5"/><counter type="LINE" missed="0" covered="2"/><counter type="COMPLEXITY" missed="0" covered="1"/><counter type="METHOD" missed="0" covered="1"/></method><method name="getRuleIndex" desc="()I" line="2773"><counter type="INSTRUCTION" missed="2" covered="0"/><counter type="LINE" missed="1" covered="0"/><counter type="COMPLEXITY" missed="1" covered="0"/><counter type="METHOD" missed="1" covered="0"/></method><method name="enterRule" desc="(Lorg/antlr/v4/runtime/tree/ParseTreeListener;)V" line="2776"><counter type="INSTRUCTION" missed="0" covered="8"/><counter type="BRANCH" missed="1" covered="1"/><counter type="LINE" missed="0" covered="2"/><counter type="COMPLEXITY" missed="1" covered="1"/><counter type="METHOD" missed="0" covered="1"/></method><method name="exitRule" desc="(Lorg/antlr/v4/runtime/tree/ParseTreeListener;)V" line="2780"><counter type="INSTRUCTION" missed="0" covered="8"/><counter type="BRANCH" missed="1" covered="1"/><counter type="LINE" missed="0" covered="2"/><counter type="COMPLEXITY" missed="1" covered="1"/><counter type="METHOD" missed="0" covered="1"/></method><counter type="INSTRUCTION" missed="12" covered="33"/><counter type="BRANCH" missed="2" covered="2"/><counter type="LINE" missed="3" covered="8"/><counter type="COMPLEXITY" missed="5" covered="5"/><counter type="METHOD" missed="3" covered="5"/><counter type="CLASS" missed="0" covered="1"/></class><class name="io/github/zenwave360/zdl/antlr/ZdlParser$PluginContext" sourcefilename="ZdlParser.java"><method name="plugin_disabled" desc="()Lio/github/zenwave360/zdl/antlr/ZdlParser$Plugin_disabledContext;" line="1854"><counter type="INSTRUCTION" missed="0" covered="6"/><counter type="LINE" missed="0" covered="1"/><counter type="COMPLEXITY" missed="0" covered="1"/><counter type="METHOD" missed="0" covered="1"/></method><method name="plugin_name" desc="()Lio/github/zenwave360/zdl/antlr/ZdlParser$Plugin_nameContext;" line="1857"><counter type="INSTRUCTION" missed="0" covered="6"/><counter type="LINE" missed="0" covered="1"/><counter type="COMPLEXITY" missed="0" covered="1"/><counter type="METHOD" missed="0" covered="1"/></method><method name="plugin_body" desc="()Lio/github/zenwave360/zdl/antlr/ZdlParser$Plugin_bodyContext;" line="1860"><counter type="INSTRUCTION" missed="6" covered="0"/><counter type="LINE" missed="1" covered="0"/><counter type="COMPLEXITY" missed="1" covered="0"/><counter type="METHOD" missed="1" covered="0"/></method><method name="javadoc" desc="()Lio/github/zenwave360/zdl/antlr/ZdlParser$JavadocContext;" line="1863"><counter type="INSTRUCTION" missed="0" covered="6"/><counter type="LINE" missed="0" covered="1"/><counter type="COMPLEXITY" missed="0" covered="1"/><counter type="METHOD" missed="0" covered="1"/></method><method name="plugin_options" desc="()Lio/github/zenwave360/zdl/antlr/ZdlParser$Plugin_optionsContext;" line="1866"><counter type="INSTRUCTION" missed="0" covered="6"/><counter type="LINE" missed="0" covered="1"/><counter type="COMPLEXITY" missed="0" covered="1"/><counter type="METHOD" missed="0" covered="1"/></method><method name="&lt;init&gt;" desc="(Lorg/antlr/v4/runtime/ParserRuleContext;I)V" line="1869"><counter type="INSTRUCTION" missed="0" covered="5"/><counter type="LINE" missed="0" covered="2"/><counter type="COMPLEXITY" missed="0" covered="1"/><counter type="METHOD" missed="0" covered="1"/></method><method name="getRuleIndex" desc="()I" line="1871"><counter type="INSTRUCTION" missed="2" covered="0"/><counter type="LINE" missed="1" covered="0"/><counter type="COMPLEXITY" missed="1" covered="0"/><counter type="METHOD" missed="1" covered="0"/></method><method name="enterRule" desc="(Lorg/antlr/v4/runtime/tree/ParseTreeListener;)V" line="1874"><counter type="INSTRUCTION" missed="0" covered="8"/><counter type="BRANCH" missed="1" covered="1"/><counter type="LINE" missed="0" covered="2"/><counter type="COMPLEXITY" missed="1" covered="1"/><counter type="METHOD" missed="0" covered="1"/></method><method name="exitRule" desc="(Lorg/antlr/v4/runtime/tree/ParseTreeListener;)V" line="1878"><counter type="INSTRUCTION" missed="0" covered="8"/><counter type="BRANCH" missed="1" covered="1"/><counter type="LINE" missed="0" covered="2"/><counter type="COMPLEXITY" missed="1" covered="1"/><counter type="METHOD" missed="0" covered="1"/></method><counter type="INSTRUCTION" missed="8" covered="45"/><counter type="BRANCH" missed="2" covered="2"/><counter type="LINE" missed="2" covered="10"/><counter type="COMPLEXITY" missed="4" covered="7"/><counter type="METHOD" missed="2" covered="7"/><counter type="CLASS" missed="0" covered="1"/></class><class name="io/github/zenwave360/zdl/antlr/ZdlParser$Service_method_events_orContext" sourcefilename="ZdlParser.java"><method name="LBRACK" desc="()Lorg/antlr/v4/runtime/tree/TerminalNode;" line="5834"><counter type="INSTRUCTION" missed="5" covered="0"/><counter type="LINE" missed="1" covered="0"/><counter type="COMPLEXITY" missed="1" covered="0"/><counter type="METHOD" missed="1" covered="0"/></method><method name="service_method_event" desc="()Ljava/util/List;" line="5836"><counter type="INSTRUCTION" missed="0" covered="4"/><counter type="LINE" missed="0" covered="1"/><counter type="COMPLEXITY" missed="0" covered="1"/><counter type="METHOD" missed="0" covered="1"/></method><method name="service_method_event" desc="(I)Lio/github/zenwave360/zdl/antlr/ZdlParser$Service_method_eventContext;" line="5839"><counter type="INSTRUCTION" missed="6" covered="0"/><counter type="LINE" missed="1" covered="0"/><counter type="COMPLEXITY" missed="1" covered="0"/><counter type="METHOD" missed="1" covered="0"/></method><method name="RBRACK" desc="()Lorg/antlr/v4/runtime/tree/TerminalNode;" line="5841"><counter type="INSTRUCTION" missed="5" covered="0"/><counter type="LINE" missed="1" covered="0"/><counter type="COMPLEXITY" missed="1" covered="0"/><counter type="METHOD" missed="1" covered="0"/></method><method name="OR" desc="()Ljava/util/List;" line="5842"><counter type="INSTRUCTION" missed="4" covered="0"/><counter type="LINE" missed="1" covered="0"/><counter type="COMPLEXITY" missed="1" covered="0"/><counter type="METHOD" missed="1" covered="0"/></method><method name="OR" desc="(I)Lorg/antlr/v4/runtime/tree/TerminalNode;" line="5844"><counter type="INSTRUCTION" missed="5" covered="0"/><counter type="LINE" missed="1" covered="0"/><counter type="COMPLEXITY" missed="1" covered="0"/><counter type="METHOD" missed="1" covered="0"/></method><method name="&lt;init&gt;" desc="(Lorg/antlr/v4/runtime/ParserRuleContext;I)V" line="5847"><counter type="INSTRUCTION" missed="0" covered="5"/><counter type="LINE" missed="0" covered="2"/><counter type="COMPLEXITY" missed="0" covered="1"/><counter type="METHOD" missed="0" covered="1"/></method><method name="getRuleIndex" desc="()I" line="5849"><counter type="INSTRUCTION" missed="2" covered="0"/><counter type="LINE" missed="1" covered="0"/><counter type="COMPLEXITY" missed="1" covered="0"/><counter type="METHOD" missed="1" covered="0"/></method><method name="enterRule" desc="(Lorg/antlr/v4/runtime/tree/ParseTreeListener;)V" line="5852"><counter type="INSTRUCTION" missed="0" covered="8"/><counter type="BRANCH" missed="1" covered="1"/><counter type="LINE" missed="0" covered="2"/><counter type="COMPLEXITY" missed="1" covered="1"/><counter type="METHOD" missed="0" covered="1"/></method><method name="exitRule" desc="(Lorg/antlr/v4/runtime/tree/ParseTreeListener;)V" line="5856"><counter type="INSTRUCTION" missed="0" covered="8"/><counter type="BRANCH" missed="1" covered="1"/><counter type="LINE" missed="0" covered="2"/><counter type="COMPLEXITY" missed="1" covered="1"/><counter type="METHOD" missed="0" covered="1"/></method><counter type="INSTRUCTION" missed="27" covered="25"/><counter type="BRANCH" missed="2" covered="2"/><counter type="LINE" missed="6" covered="7"/><counter type="COMPLEXITY" missed="8" covered="4"/><counter type="METHOD" missed="6" covered="4"/><counter type="CLASS" missed="0" covered="1"/></class><class name="io/github/zenwave360/zdl/antlr/ZdlListener" sourcefilename="ZdlListener.java"/><class name="io/github/zenwave360/zdl/antlr/ZdlParser$Plugin_nameContext" sourcefilename="ZdlParser.java"><method name="ID" desc="()Lorg/antlr/v4/runtime/tree/TerminalNode;" line="1977"><counter type="INSTRUCTION" missed="5" covered="0"/><counter type="LINE" missed="1" covered="0"/><counter type="COMPLEXITY" missed="1" covered="0"/><counter type="METHOD" missed="1" covered="0"/></method><method name="SINGLE_QUOTED_STRING" desc="()Lorg/antlr/v4/runtime/tree/TerminalNode;" line="1978"><counter type="INSTRUCTION" missed="5" covered="0"/><counter type="LINE" missed="1" covered="0"/><counter type="COMPLEXITY" missed="1" covered="0"/><counter type="METHOD" missed="1" covered="0"/></method><method name="DOUBLE_QUOTED_STRING" desc="()Lorg/antlr/v4/runtime/tree/TerminalNode;" line="1979"><counter type="INSTRUCTION" missed="5" covered="0"/><counter type="LINE" missed="1" covered="0"/><counter type="COMPLEXITY" missed="1" covered="0"/><counter type="METHOD" missed="1" covered="0"/></method><method name="&lt;init&gt;" desc="(Lorg/antlr/v4/runtime/ParserRuleContext;I)V" line="1981"><counter type="INSTRUCTION" missed="0" covered="5"/><counter type="LINE" missed="0" covered="2"/><counter type="COMPLEXITY" missed="0" covered="1"/><counter type="METHOD" missed="0" covered="1"/></method><method name="getRuleIndex" desc="()I" line="1983"><counter type="INSTRUCTION" missed="2" covered="0"/><counter type="LINE" missed="1" covered="0"/><counter type="COMPLEXITY" missed="1" covered="0"/><counter type="METHOD" missed="1" covered="0"/></method><method name="enterRule" desc="(Lorg/antlr/v4/runtime/tree/ParseTreeListener;)V" line="1986"><counter type="INSTRUCTION" missed="0" covered="8"/><counter type="BRANCH" missed="1" covered="1"/><counter type="LINE" missed="0" covered="2"/><counter type="COMPLEXITY" missed="1" covered="1"/><counter type="METHOD" missed="0" covered="1"/></method><method name="exitRule" desc="(Lorg/antlr/v4/runtime/tree/ParseTreeListener;)V" line="1990"><counter type="INSTRUCTION" missed="0" covered="8"/><counter type="BRANCH" missed="1" covered="1"/><counter type="LINE" missed="0" covered="2"/><counter type="COMPLEXITY" missed="1" covered="1"/><counter type="METHOD" missed="0" covered="1"/></method><counter type="INSTRUCTION" missed="17" covered="21"/><counter type="BRANCH" missed="2" covered="2"/><counter type="LINE" missed="4" covered="6"/><counter type="COMPLEXITY" missed="6" covered="3"/><counter type="METHOD" missed="4" covered="3"/><counter type="CLASS" missed="0" covered="1"/></class><class name="io/github/zenwave360/zdl/antlr/ZdlParser$ArrayContext" sourcefilename="ZdlParser.java"><method name="value" desc="()Ljava/util/List;" line="1033"><counter type="INSTRUCTION" missed="0" covered="4"/><counter type="LINE" missed="0" covered="1"/><counter type="COMPLEXITY" missed="0" covered="1"/><counter type="METHOD" missed="0" covered="1"/></method><method name="value" desc="(I)Lio/github/zenwave360/zdl/antlr/ZdlParser$ValueContext;" line="1036"><counter type="INSTRUCTION" missed="6" covered="0"/><counter type="LINE" missed="1" covered="0"/><counter type="COMPLEXITY" missed="1" covered="0"/><counter type="METHOD" missed="1" covered="0"/></method><method name="LBRACK" desc="()Lorg/antlr/v4/runtime/tree/TerminalNode;" line="1038"><counter type="INSTRUCTION" missed="5" covered="0"/><counter type="LINE" missed="1" covered="0"/><counter type="COMPLEXITY" missed="1" covered="0"/><counter type="METHOD" missed="1" covered="0"/></method><method name="COMMA" desc="()Ljava/util/List;" line="1039"><counter type="INSTRUCTION" missed="4" covered="0"/><counter type="LINE" missed="1" covered="0"/><counter type="COMPLEXITY" missed="1" covered="0"/><counter type="METHOD" missed="1" covered="0"/></method><method name="COMMA" desc="(I)Lorg/antlr/v4/runtime/tree/TerminalNode;" line="1041"><counter type="INSTRUCTION" missed="5" covered="0"/><counter type="LINE" missed="1" covered="0"/><counter type="COMPLEXITY" missed="1" covered="0"/><counter type="METHOD" missed="1" covered="0"/></method><method name="RBRACK" desc="()Lorg/antlr/v4/runtime/tree/TerminalNode;" line="1043"><counter type="INSTRUCTION" missed="5" covered="0"/><counter type="LINE" missed="1" covered="0"/><counter type="COMPLEXITY" missed="1" covered="0"/><counter type="METHOD" missed="1" covered="0"/></method><method name="&lt;init&gt;" desc="(Lorg/antlr/v4/runtime/ParserRuleContext;I)V" line="1045"><counter type="INSTRUCTION" missed="0" covered="5"/><counter type="LINE" missed="0" covered="2"/><counter type="COMPLEXITY" missed="0" covered="1"/><counter type="METHOD" missed="0" covered="1"/></method><method name="getRuleIndex" desc="()I" line="1047"><counter type="INSTRUCTION" missed="2" covered="0"/><counter type="LINE" missed="1" covered="0"/><counter type="COMPLEXITY" missed="1" covered="0"/><counter type="METHOD" missed="1" covered="0"/></method><method name="enterRule" desc="(Lorg/antlr/v4/runtime/tree/ParseTreeListener;)V" line="1050"><counter type="INSTRUCTION" missed="0" covered="8"/><counter type="BRANCH" missed="1" covered="1"/><counter type="LINE" missed="0" covered="2"/><counter type="COMPLEXITY" missed="1" covered="1"/><counter type="METHOD" missed="0" covered="1"/></method><method name="exitRule" desc="(Lorg/antlr/v4/runtime/tree/ParseTreeListener;)V" line="1054"><counter type="INSTRUCTION" missed="0" covered="8"/><counter type="BRANCH" missed="1" covered="1"/><counter type="LINE" missed="0" covered="2"/><counter type="COMPLEXITY" missed="1" covered="1"/><counter type="METHOD" missed="0" covered="1"/></method><counter type="INSTRUCTION" missed="27" covered="25"/><counter type="BRANCH" missed="2" covered="2"/><counter type="LINE" missed="6" covered="7"/><counter type="COMPLEXITY" missed="8" covered="4"/><counter type="METHOD" missed="6" covered="4"/><counter type="CLASS" missed="0" covered="1"/></class><class name="io/github/zenwave360/zdl/antlr/ZdlParser$Entity_nameContext" sourcefilename="ZdlParser.java"><method name="keyword" desc="()Lio/github/zenwave360/zdl/antlr/ZdlParser$KeywordContext;" line="3028"><counter type="INSTRUCTION" missed="6" covered="0"/><counter type="LINE" missed="1" covered="0"/><counter type="COMPLEXITY" missed="1" covered="0"/><counter type="METHOD" missed="1" covered="0"/></method><method name="&lt;init&gt;" desc="(Lorg/antlr/v4/runtime/ParserRuleContext;I)V" line="3031"><counter type="INSTRUCTION" missed="0" covered="5"/><counter type="LINE" missed="0" covered="2"/><counter type="COMPLEXITY" missed="0" covered="1"/><counter type="METHOD" missed="0" covered="1"/></method><method name="getRuleIndex" desc="()I" line="3033"><counter type="INSTRUCTION" missed="2" covered="0"/><counter type="LINE" missed="1" covered="0"/><counter type="COMPLEXITY" missed="1" covered="0"/><counter type="METHOD" missed="1" covered="0"/></method><method name="enterRule" desc="(Lorg/antlr/v4/runtime/tree/ParseTreeListener;)V" line="3036"><counter type="INSTRUCTION" missed="0" covered="8"/><counter type="BRANCH" missed="1" covered="1"/><counter type="LINE" missed="0" covered="2"/><counter type="COMPLEXITY" missed="1" covered="1"/><counter type="METHOD" missed="0" covered="1"/></method><method name="exitRule" desc="(Lorg/antlr/v4/runtime/tree/ParseTreeListener;)V" line="3040"><counter type="INSTRUCTION" missed="0" covered="8"/><counter type="BRANCH" missed="1" covered="1"/><counter type="LINE" missed="0" covered="2"/><counter type="COMPLEXITY" missed="1" covered="1"/><counter type="METHOD" missed="0" covered="1"/></method><counter type="INSTRUCTION" missed="8" covered="21"/><counter type="BRANCH" missed="2" covered="2"/><counter type="LINE" missed="2" covered="6"/><counter type="COMPLEXITY" missed="4" covered="3"/><counter type="METHOD" missed="2" covered="3"/><counter type="CLASS" missed="0" covered="1"/></class><class name="io/github/zenwave360/zdl/antlr/ZdlParser$Event_nameContext" sourcefilename="ZdlParser.java"><method name="ID" desc="()Lorg/antlr/v4/runtime/tree/TerminalNode;" line="4586"><counter type="INSTRUCTION" missed="5" covered="0"/><counter type="LINE" missed="1" covered="0"/><counter type="COMPLEXITY" missed="1" covered="0"/><counter type="METHOD" missed="1" covered="0"/></method><method name="&lt;init&gt;" desc="(Lorg/antlr/v4/runtime/ParserRuleContext;I)V" line="4588"><counter type="INSTRUCTION" missed="0" covered="5"/><counter type="LINE" missed="0" covered="2"/><counter type="COMPLEXITY" missed="0" covered="1"/><counter type="METHOD" missed="0" covered="1"/></method><method name="getRuleIndex" desc="()I" line="4590"><counter type="INSTRUCTION" missed="2" covered="0"/><counter type="LINE" missed="1" covered="0"/><counter type="COMPLEXITY" missed="1" covered="0"/><counter type="METHOD" missed="1" covered="0"/></method><method name="enterRule" desc="(Lorg/antlr/v4/runtime/tree/ParseTreeListener;)V" line="4593"><counter type="INSTRUCTION" missed="0" covered="8"/><counter type="BRANCH" missed="1" covered="1"/><counter type="LINE" missed="0" covered="2"/><counter type="COMPLEXITY" missed="1" covered="1"/><counter type="METHOD" missed="0" covered="1"/></method><method name="exitRule" desc="(Lorg/antlr/v4/runtime/tree/ParseTreeListener;)V" line="4597"><counter type="INSTRUCTION" missed="0" covered="8"/><counter type="BRANCH" missed="1" covered="1"/><counter type="LINE" missed="0" covered="2"/><counter type="COMPLEXITY" missed="1" covered="1"/><counter type="METHOD" missed="0" covered="1"/></method><counter type="INSTRUCTION" missed="7" covered="21"/><counter type="BRANCH" missed="2" covered="2"/><counter type="LINE" missed="2" covered="6"/><counter type="COMPLEXITY" missed="4" covered="3"/><counter type="METHOD" missed="2" covered="3"/><counter type="CLASS" missed="0" covered="1"/></class><class name="io/github/zenwave360/zdl/antlr/ZdlParser$ApisContext" sourcefilename="ZdlParser.java"><method name="APIS" desc="()Lorg/antlr/v4/runtime/tree/TerminalNode;" line="1284"><counter type="INSTRUCTION" missed="5" covered="0"/><counter type="LINE" missed="1" covered="0"/><counter type="COMPLEXITY" missed="1" covered="0"/><counter type="METHOD" missed="1" covered="0"/></method><method name="apis_body" desc="()Lio/github/zenwave360/zdl/antlr/ZdlParser$Apis_bodyContext;" line="1286"><counter type="INSTRUCTION" missed="6" covered="0"/><counter type="LINE" missed="1" covered="0"/><counter type="COMPLEXITY" missed="1" covered="0"/><counter type="METHOD" missed="1" covered="0"/></method><method name="&lt;init&gt;" desc="(Lorg/antlr/v4/runtime/ParserRuleContext;I)V" line="1289"><counter type="INSTRUCTION" missed="0" covered="5"/><counter type="LINE" missed="0" covered="2"/><counter type="COMPLEXITY" missed="0" covered="1"/><counter type="METHOD" missed="0" covered="1"/></method><method name="getRuleIndex" desc="()I" line="1291"><counter type="INSTRUCTION" missed="2" covered="0"/><counter type="LINE" missed="1" covered="0"/><counter type="COMPLEXITY" missed="1" covered="0"/><counter type="METHOD" missed="1" covered="0"/></method><method name="enterRule" desc="(Lorg/antlr/v4/runtime/tree/ParseTreeListener;)V" line="1294"><counter type="INSTRUCTION" missed="0" covered="8"/><counter type="BRANCH" missed="1" covered="1"/><counter type="LINE" missed="0" covered="2"/><counter type="COMPLEXITY" missed="1" covered="1"/><counter type="METHOD" missed="0" covered="1"/></method><method name="exitRule" desc="(Lorg/antlr/v4/runtime/tree/ParseTreeListener;)V" line="1298"><counter type="INSTRUCTION" missed="0" covered="8"/><counter type="BRANCH" missed="1" covered="1"/><counter type="LINE" missed="0" covered="2"/><counter type="COMPLEXITY" missed="1" covered="1"/><counter type="METHOD" missed="0" covered="1"/></method><counter type="INSTRUCTION" missed="13" covered="21"/><counter type="BRANCH" missed="2" covered="2"/><counter type="LINE" missed="3" covered="6"/><counter type="COMPLEXITY" missed="5" covered="3"/><counter type="METHOD" missed="3" covered="3"/><counter type="CLASS" missed="0" covered="1"/></class><class name="io/github/zenwave360/zdl/antlr/ZdlParser$Nested_fieldContext" sourcefilename="ZdlParser.java"><method name="LBRACE" desc="()Lorg/antlr/v4/runtime/tree/TerminalNode;" line="3368"><counter type="INSTRUCTION" missed="5" covered="0"/><counter type="LINE" missed="1" covered="0"/><counter type="COMPLEXITY" missed="1" covered="0"/><counter type="METHOD" missed="1" covered="0"/></method><method name="RBRACE" desc="()Lorg/antlr/v4/runtime/tree/TerminalNode;" line="3369"><counter type="INSTRUCTION" missed="5" covered="0"/><counter type="LINE" missed="1" covered="0"/><counter type="COMPLEXITY" missed="1" covered="0"/><counter type="METHOD" missed="1" covered="0"/></method><method name="field" desc="()Ljava/util/List;" line="3371"><counter type="INSTRUCTION" missed="4" covered="0"/><counter type="LINE" missed="1" covered="0"/><counter type="COMPLEXITY" missed="1" covered="0"/><counter type="METHOD" missed="1" covered="0"/></method><method name="field" desc="(I)Lio/github/zenwave360/zdl/antlr/ZdlParser$FieldContext;" line="3374"><counter type="INSTRUCTION" missed="6" covered="0"/><counter type="LINE" missed="1" covered="0"/><counter type="COMPLEXITY" missed="1" covered="0"/><counter type="METHOD" missed="1" covered="0"/></method><method name="nested_field_validations" desc="()Ljava/util/List;" line="3377"><counter type="INSTRUCTION" missed="0" covered="4"/><counter type="LINE" missed="0" covered="1"/><counter type="COMPLEXITY" missed="0" covered="1"/><counter type="METHOD" missed="0" covered="1"/></method><method name="nested_field_validations" desc="(I)Lio/github/zenwave360/zdl/antlr/ZdlParser$Nested_field_validationsContext;" line="3380"><counter type="INSTRUCTION" missed="6" covered="0"/><counter type="LINE" missed="1" covered="0"/><counter type="COMPLEXITY" missed="1" covered="0"/><counter type="METHOD" missed="1" covered="0"/></method><method name="&lt;init&gt;" desc="(Lorg/antlr/v4/runtime/ParserRuleContext;I)V" line="3383"><counter type="INSTRUCTION" missed="0" covered="5"/><counter type="LINE" missed="0" covered="2"/><counter type="COMPLEXITY" missed="0" covered="1"/><counter type="METHOD" missed="0" covered="1"/></method><method name="getRuleIndex" desc="()I" line="3385"><counter type="INSTRUCTION" missed="2" covered="0"/><counter type="LINE" missed="1" covered="0"/><counter type="COMPLEXITY" missed="1" covered="0"/><counter type="METHOD" missed="1" covered="0"/></method><method name="enterRule" desc="(Lorg/antlr/v4/runtime/tree/ParseTreeListener;)V" line="3388"><counter type="INSTRUCTION" missed="0" covered="8"/><counter type="BRANCH" missed="1" covered="1"/><counter type="LINE" missed="0" covered="2"/><counter type="COMPLEXITY" missed="1" covered="1"/><counter type="METHOD" missed="0" covered="1"/></method><method name="exitRule" desc="(Lorg/antlr/v4/runtime/tree/ParseTreeListener;)V" line="3392"><counter type="INSTRUCTION" missed="0" covered="8"/><counter type="BRANCH" missed="1" covered="1"/><counter type="LINE" missed="0" covered="2"/><counter type="COMPLEXITY" missed="1" covered="1"/><counter type="METHOD" missed="0" covered="1"/></method><counter type="INSTRUCTION" missed="28" covered="25"/><counter type="BRANCH" missed="2" covered="2"/><counter type="LINE" missed="6" covered="7"/><counter type="COMPLEXITY" missed="8" covered="4"/><counter type="METHOD" missed="6" covered="4"/><counter type="CLASS" missed="0" covered="1"/></class><class name="io/github/zenwave360/zdl/antlr/ZdlParser$Policie_valueContext" sourcefilename="ZdlParser.java"><method name="simple" desc="()Lio/github/zenwave360/zdl/antlr/ZdlParser$SimpleContext;" line="2667"><counter type="INSTRUCTION" missed="0" covered="6"/><counter type="LINE" missed="0" covered="1"/><counter type="COMPLEXITY" missed="0" covered="1"/><counter type="METHOD" missed="0" covered="1"/></method><method name="&lt;init&gt;" desc="(Lorg/antlr/v4/runtime/ParserRuleContext;I)V" line="2670"><counter type="INSTRUCTION" missed="0" covered="5"/><counter type="LINE" missed="0" covered="2"/><counter type="COMPLEXITY" missed="0" covered="1"/><counter type="METHOD" missed="0" covered="1"/></method><method name="getRuleIndex" desc="()I" line="2672"><counter type="INSTRUCTION" missed="2" covered="0"/><counter type="LINE" missed="1" covered="0"/><counter type="COMPLEXITY" missed="1" covered="0"/><counter type="METHOD" missed="1" covered="0"/></method><method name="enterRule" desc="(Lorg/antlr/v4/runtime/tree/ParseTreeListener;)V" line="2675"><counter type="INSTRUCTION" missed="0" covered="8"/><counter type="BRANCH" missed="1" covered="1"/><counter type="LINE" missed="0" covered="2"/><counter type="COMPLEXITY" missed="1" covered="1"/><counter type="METHOD" missed="0" covered="1"/></method><method name="exitRule" desc="(Lorg/antlr/v4/runtime/tree/ParseTreeListener;)V" line="2679"><counter type="INSTRUCTION" missed="0" covered="8"/><counter type="BRANCH" missed="1" covered="1"/><counter type="LINE" missed="0" covered="2"/><counter type="COMPLEXITY" missed="1" covered="1"/><counter type="METHOD" missed="0" covered="1"/></method><counter type="INSTRUCTION" missed="2" covered="27"/><counter type="BRANCH" missed="2" covered="2"/><counter type="LINE" missed="1" covered="7"/><counter type="COMPLEXITY" missed="3" covered="4"/><counter type="METHOD" missed="1" covered="4"/><counter type="CLASS" missed="0" covered="1"/></class><class name="io/github/zenwave360/zdl/antlr/ZdlParser$AnnotationsContext" sourcefilename="ZdlParser.java"><method name="option" desc="()Ljava/util/List;" line="2707"><counter type="INSTRUCTION" missed="0" covered="4"/><counter type="LINE" missed="0" covered="1"/><counter type="COMPLEXITY" missed="0" covered="1"/><counter type="METHOD" missed="0" covered="1"/></method><method name="option" desc="(I)Lio/github/zenwave360/zdl/antlr/ZdlParser$OptionContext;" line="2710"><counter type="INSTRUCTION" missed="6" covered="0"/><counter type="LINE" missed="1" covered="0"/><counter type="COMPLEXITY" missed="1" covered="0"/><counter type="METHOD" missed="1" covered="0"/></method><method name="&lt;init&gt;" desc="(Lorg/antlr/v4/runtime/ParserRuleContext;I)V" line="2713"><counter type="INSTRUCTION" missed="0" covered="5"/><counter type="LINE" missed="0" covered="2"/><counter type="COMPLEXITY" missed="0" covered="1"/><counter type="METHOD" missed="0" covered="1"/></method><method name="getRuleIndex" desc="()I" line="2715"><counter type="INSTRUCTION" missed="2" covered="0"/><counter type="LINE" missed="1" covered="0"/><counter type="COMPLEXITY" missed="1" covered="0"/><counter type="METHOD" missed="1" covered="0"/></method><method name="enterRule" desc="(Lorg/antlr/v4/runtime/tree/ParseTreeListener;)V" line="2718"><counter type="INSTRUCTION" missed="0" covered="8"/><counter type="BRANCH" missed="1" covered="1"/><counter type="LINE" missed="0" covered="2"/><counter type="COMPLEXITY" missed="1" covered="1"/><counter type="METHOD" missed="0" covered="1"/></method><method name="exitRule" desc="(Lorg/antlr/v4/runtime/tree/ParseTreeListener;)V" line="2722"><counter type="INSTRUCTION" missed="0" covered="8"/><counter type="BRANCH" missed="1" covered="1"/><counter type="LINE" missed="0" covered="2"/><counter type="COMPLEXITY" missed="1" covered="1"/><counter type="METHOD" missed="0" covered="1"/></method><counter type="INSTRUCTION" missed="8" covered="25"/><counter type="BRANCH" missed="2" covered="2"/><counter type="LINE" missed="2" covered="7"/><counter type="COMPLEXITY" missed="4" covered="4"/><counter type="METHOD" missed="2" covered="4"/><counter type="CLASS" missed="0" covered="1"/></class><class name="io/github/zenwave360/zdl/antlr/ZdlParser$Enum_value_nameContext" sourcefilename="ZdlParser.java"><method name="ID" desc="()Lorg/antlr/v4/runtime/tree/TerminalNode;" line="4213"><counter type="INSTRUCTION" missed="5" covered="0"/><counter type="LINE" missed="1" covered="0"/><counter type="COMPLEXITY" missed="1" covered="0"/><counter type="METHOD" missed="1" covered="0"/></method><method name="&lt;init&gt;" desc="(Lorg/antlr/v4/runtime/ParserRuleContext;I)V" line="4215"><counter type="INSTRUCTION" missed="0" covered="5"/><counter type="LINE" missed="0" covered="2"/><counter type="COMPLEXITY" missed="0" covered="1"/><counter type="METHOD" missed="0" covered="1"/></method><method name="getRuleIndex" desc="()I" line="4217"><counter type="INSTRUCTION" missed="2" covered="0"/><counter type="LINE" missed="1" covered="0"/><counter type="COMPLEXITY" missed="1" covered="0"/><counter type="METHOD" missed="1" covered="0"/></method><method name="enterRule" desc="(Lorg/antlr/v4/runtime/tree/ParseTreeListener;)V" line="4220"><counter type="INSTRUCTION" missed="0" covered="8"/><counter type="B
[...]
" mb="0" cb="0"/><line nr="656" mi="1" ci="0" mb="0" cb="0"/><line nr="662" mi="1" ci="0" mb="0" cb="0"/><line nr="668" mi="0" ci="1" mb="0" cb="0"/><line nr="674" mi="0" ci="1" mb="0" cb="0"/><line nr="680" mi="0" ci="1" mb="0" cb="0"/><line nr="686" mi="0" ci="1" mb="0" cb="0"/><line nr="692" mi="0" ci="1" mb="0" cb="0"/><line nr="698" mi="0" ci="1" mb="0" cb="0"/><line nr="704" mi="0" ci="1" mb="0" cb="0"/><line nr="710" mi="0" ci="1" mb="0" cb="0"/><line nr="716" mi="0" ci="1" mb="0" cb="0"/><line nr="722" mi="0" ci="1" mb="0" cb="0"/><line nr="728" mi="0" ci="1" mb="0" cb="0"/><line nr="734" mi="0" ci="1" mb="0" cb="0"/><line nr="740" mi="0" ci="1" mb="0" cb="0"/><line nr="746" mi="0" ci="1" mb="0" cb="0"/><line nr="752" mi="0" ci="1" mb="0" cb="0"/><line nr="758" mi="0" ci="1" mb="0" cb="0"/><line nr="764" mi="0" ci="1" mb="0" cb="0"/><line nr="770" mi="0" ci="1" mb="0" cb="0"/><line nr="776" mi="1" ci="0" mb="0" cb="0"/><line nr="782" mi="1" ci="0" mb="0" cb="0"/><line nr="788" mi="1" ci="0" mb="0" cb="0"/><line nr="794" mi="1" ci="0" mb="0" cb="0"/><line nr="800" mi="0" ci="1" mb="0" cb="0"/><line nr="806" mi="0" ci="1" mb="0" cb="0"/><line nr="812" mi="0" ci="1" mb="0" cb="0"/><line nr="818" mi="0" ci="1" mb="0" cb="0"/><line nr="824" mi="1" ci="0" mb="0" cb="0"/><line nr="830" mi="0" ci="1" mb="0" cb="0"/><line nr="836" mi="0" ci="1" mb="0" cb="0"/><line nr="842" mi="0" ci="1" mb="0" cb="0"/><line nr="848" mi="1" ci="0" mb="0" cb="0"/><line nr="854" mi="1" ci="0" mb="0" cb="0"/><line nr="860" mi="1" ci="0" mb="0" cb="0"/><line nr="866" mi="1" ci="0" mb="0" cb="0"/><line nr="872" mi="0" ci="1" mb="0" cb="0"/><line nr="878" mi="0" ci="1" mb="0" cb="0"/><line nr="884" mi="1" ci="0" mb="0" cb="0"/><line nr="890" mi="1" ci="0" mb="0" cb="0"/><line nr="896" mi="0" ci="1" mb="0" cb="0"/><line nr="902" mi="0" ci="1" mb="0" cb="0"/><line nr="908" mi="1" ci="0" mb="0" cb="0"/><line nr="914" mi="1" ci="0" mb="0" cb="0"/><line nr="920" mi="0" ci="1" mb="0" cb="0"/><line nr="926" mi="0" ci="1" mb="0" cb="0"/><line nr="932" mi="0" ci="1" mb="0" cb="0"/><line nr="938" mi="0" ci="1" mb="0" cb="0"/><line nr="944" mi="0" ci="1" mb="0" cb="0"/><line nr="950" mi="0" ci="1" mb="0" cb="0"/><line nr="956" mi="1" ci="0" mb="0" cb="0"/><line nr="962" mi="0" ci="1" mb="0" cb="0"/><line nr="968" mi="0" ci="1" mb="0" cb="0"/><line nr="974" mi="0" ci="1" mb="0" cb="0"/><line nr="980" mi="0" ci="1" mb="0" cb="0"/><line nr="986" mi="0" ci="1" mb="0" cb="0"/><line nr="992" mi="0" ci="1" mb="0" cb="0"/><line nr="998" mi="0" ci="1" mb="0" cb="0"/><line nr="1004" mi="0" ci="1" mb="0" cb="0"/><line nr="1010" mi="0" ci="1" mb="0" cb="0"/><line nr="1016" mi="0" ci="1" mb="0" cb="0"/><line nr="1022" mi="0" ci="1" mb="0" cb="0"/><line nr="1028" mi="0" ci="1" mb="0" cb="0"/><line nr="1034" mi="0" ci="1" mb="0" cb="0"/><line nr="1040" mi="0" ci="1" mb="0" cb="0"/><line nr="1046" mi="0" ci="1" mb="0" cb="0"/><line nr="1052" mi="1" ci="0" mb="0" cb="0"/><line nr="1058" mi="1" ci="0" mb="0" cb="0"/><line nr="1064" mi="0" ci="1" mb="0" cb="0"/><line nr="1070" mi="0" ci="1" mb="0" cb="0"/><line nr="1076" mi="0" ci="1" mb="0" cb="0"/><line nr="1082" mi="0" ci="1" mb="0" cb="0"/><line nr="1088" mi="1" ci="0" mb="0" cb="0"/><line nr="1094" mi="1" ci="0" mb="0" cb="0"/><line nr="1100" mi="0" ci="1" mb="0" cb="0"/><line nr="1106" mi="0" ci="1" mb="0" cb="0"/><line nr="1112" mi="0" ci="1" mb="0" cb="0"/><line nr="1118" mi="0" ci="1" mb="0" cb="0"/><line nr="1124" mi="0" ci="1" mb="0" cb="0"/><line nr="1130" mi="0" ci="1" mb="0" cb="0"/><line nr="1136" mi="0" ci="1" mb="0" cb="0"/><line nr="1142" mi="0" ci="1" mb="0" cb="0"/><line nr="1148" mi="0" ci="1" mb="0" cb="0"/><line nr="1154" mi="0" ci="1" mb="0" cb="0"/><line nr="1160" mi="0" ci="1" mb="0" cb="0"/><line nr="1166" mi="0" ci="1" mb="0" cb="0"/><line nr="1172" mi="0" ci="1" mb="0" cb="0"/><line nr="1178" mi="0" ci="1" mb="0" cb="0"/><line nr="1184" mi="0" ci="1" mb="0" cb="0"/><line nr="1190" mi="0" ci="1" mb="0" cb="0"/><line nr="1196" mi="1" ci="0" mb="0" cb="0"/><line nr="1202" mi="1" ci="0" mb="0" cb="0"/><line nr="1209" mi="0" ci="1" mb="0" cb="0"/><line nr="1215" mi="0" ci="1" mb="0" cb="0"/><line nr="1221" mi="0" ci="1" mb="0" cb="0"/><line nr="1227" mi="0" ci="1" mb="0" cb="0"/><counter type="INSTRUCTION" missed="43" covered="162"/><counter type="LINE" missed="43" covered="160"/><counter type="COMPLEXITY" missed="43" covered="160"/><counter type="METHOD" missed="43" covered="160"/><counter type="CLASS" missed="0" covered="1"/></sourcefile><sourcefile name="Inflector.java"><line nr="47" mi="0" ci="5" mb="0" cb="0"/><line nr="48" mi="0" ci="3" mb="0" cb="0"/><line nr="49" mi="1" ci="6" mb="1" cb="1"/><line nr="50" mi="0" ci="6" mb="0" cb="0"/><line nr="51" mi="0" ci="1" mb="0" cb="0"/><line nr="61" mi="0" ci="5" mb="0" cb="0"/><line nr="62" mi="0" ci="5" mb="0" cb="2"/><line nr="63" mi="0" ci="5" mb="0" cb="0"/><line nr="68" mi="4" ci="0" mb="0" cb="0"/><line nr="73" mi="5" ci="0" mb="2" cb="0"/><line nr="74" mi="7" ci="0" mb="4" cb="0"/><line nr="75" mi="3" ci="0" mb="0" cb="0"/><line nr="76" mi="8" ci="0" mb="2" cb="0"/><line nr="78" mi="2" ci="0" mb="0" cb="0"/><line nr="83" mi="6" ci="0" mb="0" cb="0"/><counter type="INSTRUCTION" missed="36" covered="36"/><counter type="BRANCH" missed="9" covered="3"/><counter type="LINE" missed="7" covered="8"/><counter type="COMPLEXITY" missed="8" covered="3"/><counter type="METHOD" missed="3" covered="2"/><counter type="CLASS" missed="0" covered="1"/></sourcefile><sourcefile name="ZdlModel.java"><line nr="8" mi="0" ci="2" mb="0" cb="0"/><line nr="9" mi="0" ci="7" mb="0" cb="0"/><line nr="10" mi="0" ci="7" mb="0" cb="0"/><line nr="11" mi="0" ci="7" mb="0" cb="0"/><line nr="12" mi="0" ci="7" mb="0" cb="0"/><line nr="13" mi="0" ci="7" mb="0" cb="0"/><line nr="14" mi="0" ci="7" mb="0" cb="0"/><line nr="15" mi="0" ci="7" mb="0" cb="0"/><line nr="16" mi="0" ci="7" mb="0" cb="0"/><line nr="17" mi="0" ci="7" mb="0" cb="0"/><line nr="18" mi="0" ci="7" mb="0" cb="0"/><line nr="19" mi="0" ci="7" mb="0" cb="0"/><line nr="20" mi="0" ci="1" mb="0" cb="0"/><line nr="23" mi="0" ci="5" mb="0" cb="0"/><line nr="27" mi="0" ci="5" mb="0" cb="0"/><line nr="31" mi="0" ci="5" mb="0" cb="0"/><line nr="35" mi="0" ci="5" mb="0" cb="0"/><line nr="40" mi="0" ci="5" mb="0" cb="0"/><line nr="44" mi="0" ci="5" mb="0" cb="0"/><line nr="48" mi="5" ci="0" mb="0" cb="0"/><line nr="52" mi="0" ci="5" mb="0" cb="0"/><line nr="56" mi="0" ci="6" mb="1" cb="3"/><line nr="57" mi="0" ci="2" mb="0" cb="0"/><line nr="59" mi="0" ci="6" mb="0" cb="0"/><line nr="63" mi="0" ci="3" mb="1" cb="1"/><line nr="64" mi="0" ci="3" mb="0" cb="0"/><line nr="66" mi="0" ci="1" mb="0" cb="0"/><line nr="69" mi="0" ci="9" mb="0" cb="0"/><line nr="70" mi="0" ci="1" mb="0" cb="0"/><line nr="71" mi="0" ci="15" mb="0" cb="0"/><line nr="72" mi="0" ci="1" mb="0" cb="0"/><line nr="73" mi="0" ci="1" mb="0" cb="0"/><line nr="76" mi="0" ci="4" mb="0" cb="0"/><line nr="77" mi="0" ci="16" mb="0" cb="0"/><line nr="81" mi="0" ci="1" mb="0" cb="0"/><line nr="86" mi="0" ci="6" mb="0" cb="0"/><counter type="INSTRUCTION" missed="5" covered="190"/><counter type="BRANCH" missed="2" covered="4"/><counter type="LINE" missed="1" covered="35"/><counter type="COMPLEXITY" missed="3" covered="14"/><counter type="METHOD" missed="1" covered="13"/><counter type="CLASS" missed="0" covered="1"/></sourcefile><sourcefile name="ZdlListenerUtils.java"><line nr="13" mi="3" ci="0" mb="0" cb="0"/><line nr="15" mi="0" ci="3" mb="0" cb="0"/><line nr="18" mi="0" ci="7" mb="0" cb="2"/><line nr="22" mi="1" ci="6" mb="1" cb="1"/><line nr="26" mi="0" ci="2" mb="0" cb="2"/><line nr="27" mi="0" ci="2" mb="0" cb="0"/><line nr="29" mi="0" ci="3" mb="0" cb="2"/><line nr="30" mi="0" ci="4" mb="0" cb="0"/><line nr="32" mi="0" ci="3" mb="1" cb="1"/><line nr="33" mi="0" ci="4" mb="0" cb="0"/><line nr="35" mi="3" ci="0" mb="0" cb="0"/><line nr="39" mi="0" ci="2" mb="1" cb="1"/><line nr="40" mi="2" ci="0" mb="0" cb="0"/><line nr="42" mi="0" ci="3" mb="0" cb="2"/><line nr="43" mi="0" ci="4" mb="0" cb="0"/><line nr="45" mi="0" ci="3" mb="1" cb="1"/><line nr="46" mi="6" ci="0" mb="0" cb="0"/><line nr="48" mi="0" ci="3" mb="0" cb="2"/><line nr="49" mi="0" ci="6" mb="0" cb="0"/><line nr="51" mi="0" ci="3" mb="1" cb="1"/><line nr="52" mi="5" ci="0" mb="0" cb="0"/><line nr="54" mi="0" ci="3" mb="1" cb="1"/><line nr="55" mi="7" ci="0" mb="0" cb="0"/><line nr="57" mi="0" ci="3" mb="1" cb="1"/><line nr="58" mi="0" ci="3" mb="0" cb="0"/><line nr="60" mi="3" ci="0" mb="2" cb="0"/><line nr="61" mi="3" ci="0" mb="0" cb="0"/><line nr="63" mi="3" ci="0" mb="0" cb="0"/><line nr="67" mi="0" ci="2" mb="0" cb="2"/><line nr="68" mi="0" ci="3" mb="0" cb="0"/><line nr="70" mi="0" ci="4" mb="0" cb="0"/><line nr="73" mi="0" ci="2" mb="1" cb="1"/><line nr="74" mi="3" ci="0" mb="0" cb="0"/><line nr="76" mi="0" ci="4" mb="0" cb="0"/><line nr="77" mi="0" ci="4" mb="0" cb="0"/><line nr="78" mi="0" ci="4" mb="0" cb="0"/><line nr="79" mi="0" ci="21" mb="0" cb="0"/><line nr="83" mi="0" ci="2" mb="0" cb="0"/><line nr="84" mi="0" ci="5" mb="0" cb="0"/><line nr="85" mi="0" ci="5" mb="0" cb="0"/><line nr="86" mi="0" ci="4" mb="0" cb="0"/><line nr="87" mi="0" ci="1" mb="0" cb="0"/><line nr="91" mi="0" ci="2" mb="0" cb="2"/><line nr="92" mi="0" ci="2" mb="0" cb="0"/><line nr="94" mi="0" ci="4" mb="0" cb="0"/><line nr="95" mi="0" ci="15" mb="0" cb="0"/><line nr="96" mi="0" ci="2" mb="0" cb="0"/><line nr="100" mi="0" ci="2" mb="0" cb="2"/><line nr="101" mi="0" ci="2" mb="0" cb="0"/><line nr="103" mi="0" ci="4" mb="0" cb="0"/><line nr="104" mi="0" ci="11" mb="0" cb="0"/><line nr="105" mi="0" ci="2" mb="0" cb="0"/><line nr="109" mi="0" ci="2" mb="1" cb="1"/><line nr="110" mi="2" ci="0" mb="0" cb="0"/><line nr="112" mi="0" ci="9" mb="0" cb="0"/><line nr="116" mi="0" ci="4" mb="0" cb="0"/><line nr="120" mi="0" ci="6" mb="0" cb="0"/><line nr="124" mi="0" ci="6" mb="0" cb="0"/><line nr="127" mi="0" ci="6" mb="0" cb="0"/><line nr="131" mi="0" ci="6" mb="0" cb="0"/><line nr="136" mi="0" ci="16" mb="0" cb="2"/><line nr="137" mi="0" ci="2" mb="0" cb="2"/><line nr="138" mi="0" ci="2" mb="0" cb="0"/><line nr="141" mi="0" ci="2" mb="0" cb="0"/><line nr="145" mi="0" ci="2" mb="0" cb="2"/><line nr="146" mi="0" ci="2" mb="0" cb="0"/><line nr="148" mi="0" ci="6" mb="0" cb="0"/><line nr="149" mi="0" ci="3" mb="0" cb="0"/><line nr="150" mi="0" ci="3" mb="0" cb="0"/><line nr="151" mi="0" ci="1" mb="0" cb="0"/><line nr="152" mi="0" ci="1" mb="0" cb="0"/><line nr="156" mi="0" ci="2" mb="0" cb="2"/><line nr="157" mi="0" ci="2" mb="0" cb="0"/><line nr="159" mi="0" ci="2" mb="0" cb="0"/><line nr="160" mi="0" ci="5" mb="0" cb="2"/><line nr="161" mi="0" ci="4" mb="0" cb="0"/><line nr="164" mi="0" ci="43" mb="0" cb="0"/><line nr="169" mi="0" ci="4" mb="0" cb="0"/><line nr="170" mi="0" ci="10" mb="0" cb="2"/><line nr="171" mi="0" ci="15" mb="0" cb="0"/><line nr="172" mi="0" ci="1" mb="0" cb="0"/><line nr="173" mi="0" ci="2" mb="0" cb="0"/><line nr="177" mi="0" ci="10" mb="0" cb="0"/><line nr="178" mi="0" ci="8" mb="0" cb="0"/><line nr="179" mi="0" ci="4" mb="0" cb="0"/><line nr="180" mi="0" ci="9" mb="0" cb="0"/><line nr="181" mi="0" ci="3" mb="0" cb="0"/><line nr="182" mi="0" ci="3" mb="0" cb="0"/><line nr="183" mi="0" ci="7" mb="0" cb="0"/><line nr="184" mi="0" ci="7" mb="0" cb="0"/><line nr="185" mi="0" ci="3" mb="0" cb="0"/><line nr="187" mi="0" ci="9" mb="0" cb="0"/><line nr="188" mi="0" ci="3" mb="0" cb="0"/><line nr="189" mi="0" ci="3" mb="0" cb="0"/><line nr="190" mi="0" ci="3" mb="0" cb="0"/><line nr="191" mi="0" ci="3" mb="0" cb="0"/><line nr="192" mi="0" ci="8" mb="0" cb="0"/><line nr="193" mi="0" ci="7" mb="0" cb="0"/><line nr="194" mi="0" ci="3" mb="0" cb="0"/><line nr="196" mi="0" ci="9" mb="0" cb="0"/><line nr="197" mi="0" ci="3" mb="0" cb="0"/><line nr="198" mi="0" ci="3" mb="0" cb="0"/><line nr="199" mi="0" ci="3" mb="0" cb="0"/><line nr="200" mi="0" ci="8" mb="0" cb="0"/><line nr="201" mi="0" ci="7" mb="0" cb="0"/><line nr="202" mi="0" ci="3" mb="0" cb="0"/><line nr="204" mi="0" ci="8" mb="0" cb="0"/><line nr="205" mi="0" ci="5" mb="0" cb="0"/><line nr="206" mi="0" ci="4" mb="0" cb="0"/><line nr="207" mi="0" ci="3" mb="0" cb="0"/><line nr="208" mi="0" ci="8" mb="0" cb="0"/><line nr="209" mi="0" ci="7" mb="0" cb="0"/><line nr="210" mi="0" ci="2" mb="0" cb="0"/><line nr="211" mi="0" ci="7" mb="0" cb="0"/><line nr="212" mi="0" ci="3" mb="0" cb="0"/><line nr="214" mi="0" ci="9" mb="0" cb="0"/><line nr="215" mi="0" ci="3" mb="0" cb="0"/><line nr="216" mi="0" ci="7" mb="0" cb="0"/><line nr="217" mi="0" ci="7" mb="0" cb="0"/><line nr="218" mi="0" ci="3" mb="0" cb="0"/><line nr="220" mi="0" ci="2" mb="0" cb="0"/><counter type="INSTRUCTION" missed="41" covered="550"/><counter type="BRANCH" missed="11" covered="37"/><counter type="LINE" missed="11" covered="110"/><counter type="COMPLEXITY" missed="11" covered="38"/><counter type="METHOD" missed="1" covered="24"/><counter type="CLASS" missed="0" covered="1"/></sourcefile><sourcefile name="ZdlLexer.java"><line nr="14" mi="0" ci="3" mb="0" cb="0"/><line nr="17" mi="0" ci="4" mb="0" cb="0"/><line nr="30" mi="0" ci="11" mb="0" cb="0"/><line nr="34" mi="0" ci="7" mb="0" cb="0"/><line nr="39" mi="0" ci="259" mb="0" cb="0"/><line nr="52" mi="0" ci="2" mb="0" cb="0"/><line nr="55" mi="0" ci="195" mb="0" cb="0"/><line nr="65" mi="0" ci="2" mb="0" cb="0"/><line nr="67" mi="0" ci="255" mb="0" cb="0"/><line nr="80" mi="0" ci="2" mb="0" cb="0"/><line nr="81" mi="0" ci="6" mb="0" cb="0"/><line nr="89" mi="0" ci="4" mb="0" cb="0"/><line nr="90" mi="0" ci="8" mb="0" cb="2"/><line nr="91" mi="0" ci="6" mb="0" cb="0"/><line nr="92" mi="0" ci="4" mb="0" cb="2"/><line nr="93" mi="0" ci="6" mb="0" cb="0"/><line nr="96" mi="0" ci="4" mb="0" cb="2"/><line nr="97" mi="0" ci="4" mb="0" cb="0"/><line nr="105" mi="2" ci="0" mb="0" cb="0"/><line nr="111" mi="2" ci="0" mb="0" cb="0"/><line nr="115" mi="0" ci="3" mb="0" cb="0"/><line nr="118" mi="3" ci="0" mb="0" cb="0"/><line nr="122" mi="3" ci="0" mb="0" cb="0"/><line nr="123" mi="1" ci="0" mb="0" cb="0"/><line nr="127" mi="0" ci="3" mb="0" cb="0"/><line nr="128" mi="0" ci="9" mb="0" cb="0"/><line nr="129" mi="0" ci="1" mb="0" cb="0"/><line nr="132" mi="2" ci="0" mb="0" cb="0"/><line nr="135" mi="2" ci="0" mb="0" cb="0"/><line nr="138" mi="2" ci="0" mb="0" cb="0"/><line nr="141" mi="2" ci="0" mb="0" cb="0"/><line nr="144" mi="2" ci="0" mb="0" cb="0"/><line nr="147" mi="2" ci="0" mb="0" cb="0"/><line nr="487" mi="0" ci="4" mb="0" cb="0"/><line nr="488" mi="0" ci="3" mb="0" cb="0"/><line nr="490" mi="0" ci="4" mb="0" cb="0"/><line nr="491" mi="0" ci="8" mb="0" cb="2"/><line nr="492" mi="0" ci="10" mb="0" cb="0"/><line nr="494" mi="0" ci="1" mb="0" cb="0"/><counter type="INSTRUCTION" missed="23" covered="828"/><counter type="BRANCH" missed="0" covered="8"/><counter type="LINE" missed="11" covered="28"/><counter type="COMPLEXITY" missed="10" covered="9"/><counter type="METHOD" missed="10" covered="5"/><counter type="CLASS" missed="0" covered="1"/></sourcefile><sourcefile name="JSONPath.java"><line nr="10" mi="3" ci="0" mb="0" cb="0"/><line nr="12" mi="0" ci="3" mb="0" cb="0"/><line nr="16" mi="0" ci="9" mb="0" cb="0"/><line nr="17" mi="0" ci="1" mb="0" cb="0"/><line nr="18" mi="0" ci="2" mb="0" cb="0"/><line nr="23" mi="17" ci="0" mb="2" cb="0"/><line nr="28" mi="0" ci="9" mb="0" cb="0"/><line nr="29" mi="1" ci="5" mb="1" cb="1"/><line nr="30" mi="0" ci="1" mb="0" cb="0"/><line nr="31" mi="0" ci="2" mb="0" cb="0"/><counter type="INSTRUCTION" missed="21" covered="32"/><counter type="BRANCH" missed="3" covered="1"/><counter type="LINE" missed="2" covered="8"/><counter type="COMPLEXITY" missed="5" covered="3"/><counter type="METHOD" missed="3" covered="3"/><counter type="CLASS" missed="0" covered="1"/></sourcefile><counter type="INSTRUCTION" missed="3945" covered="13641"/><counter type="BRANCH" missed="363" covered="612"/><counter type="LINE" missed="1033" covered="2941"/><counter type="COMPLEXITY" missed="780" covered="935"/><counter type="METHOD" missed="447" covered="769"/><counter type="CLASS" missed="6" covered="104"/></package><package name="io/github/zenwave360/zdl"><class name="io/github/zenwave360/zdl/ZdlParser" sourcefilename="ZdlParser.java"><method name="&lt;init&gt;" desc="()V" line="19"><counter type="INSTRUCTION" missed="0" covered="9"/><counter type="LINE" missed="0" covered="3"/><counter type="COMPLEXITY" missed="0" covered="1"/><counter type="METHOD" missed="0" covered="1"/></method><method name="withStandardFieldTypes" desc="(Ljava/util/List;)Lio/github/zenwave360/zdl/ZdlParser;" line="26"><counter type="INSTRUCTION" missed="5" covered="0"/><counter type="LINE" missed="2" covered="0"/><counter type="COMPLEXITY" missed="1" covered="0"/><counter type="METHOD" missed="1" covered="0"/></method><method name="withExtraFieldTypes" desc="(Ljava/util/List;)Lio/github/zenwave360/zdl/ZdlParser;" line="30"><counter type="INSTRUCTION" missed="0" covered="5"/><counter type="LINE" missed="0" covered="2"/><counter type="COMPLEXITY" missed="0" covered="1"/><counter type="METHOD" missed="0" covered="1"/></method><method name="parseModel" desc="(Ljava/lang/String;)Lio/github/zenwave360/zdl/antlr/ZdlModel;" line="34"><counter type="INSTRUCTION" missed="3" covered="54"/><counter type="LINE" missed="2" covered="16"/><counter type="COMPLEXITY" missed="0" covered="1"/><counter type="METHOD" missed="0" covered="1"/></method><method name="&lt;clinit&gt;" desc="()V" line="21"><counter type="INSTRUCTION" missed="0" covered="101"/><counter type="LINE" missed="0" covered="1"/><counter type="COMPLEXITY" missed="0" covered="1"/><counter type="METHOD" missed="0" covered="1"/></method><counter type="INSTRUCTION" missed="8" covered="169"/><counter type="LINE" missed="4" covered="22"/><counter type="COMPLEXITY" missed="1" covered="4"/><counter type="METHOD" missed="1" covered="4"/><counter type="CLASS" missed="0" covered="1"/></class><sourcefile name="ZdlParser.java"><line nr="19" mi="0" ci="2" mb="0" cb="0"/><line nr="21" mi="0" ci="101" mb="0" cb="0"/><line nr="23" mi="0" ci="3" mb="0" cb="0"/><line nr="24" mi="0" ci="4" mb="0" cb="0"/><line nr="26" mi="3" ci="0" mb="0" cb="0"/><line nr="27" mi="2" ci="0" mb="0" cb="0"/><line nr="30" mi="0" ci="3" mb="0" cb="0"/><line nr="31" mi="0" ci="2" mb="0" cb="0"/><line nr="34" mi="0" ci="3" mb="0" cb="0"/><line nr="35" mi="0" ci="5" mb="0" cb="0"/><line nr="36" mi="0" ci="5" mb="0" cb="0"/><line nr="37" mi="0" ci="5" mb="0" cb="0"/><line nr="38" mi="0" ci="3" mb="0" cb="0"/><line nr="39" mi="0" ci="4" mb="0" cb="0"/><line nr="40" mi="0" ci="4" mb="0" cb="0"/><line nr="41" mi="0" ci="4" mb="0" cb="0"/><line nr="42" mi="0" ci="3" mb="0" cb="0"/><line nr="43" mi="0" ci="3" mb="0" cb="0"/><line nr="45" mi="0" ci="5" mb="0" cb="0"/><line nr="46" mi="0" ci="3" mb="0" cb="0"/><line nr="47" mi="0" ci="2" mb="0" cb="0"/><line nr="48" mi="0" ci="2" mb="0" cb="0"/><line nr="49" mi="1" ci="0" mb="0" cb="0"/><line nr="50" mi="2" ci="0" mb="0" cb="0"/><line nr="51" mi="0" ci="1" mb="0" cb="0"/><line nr="52" mi="0" ci="2" mb="0" cb="0"/><counter type="INSTRUCTION" missed="8" covered="169"/><counter type="LINE" missed="4" covered="22"/><counter type="COMPLEXITY" missed="1" covered="4"/><counter type="METHOD" missed="1" covered="4"/><counter type="CLASS" missed="0" covered="1"/></sourcefile><counter type="INSTRUCTION" missed="8" covered="169"/><counter type="LINE" missed="4" covered="22"/><counter type="COMPLEXITY" missed="1" covered="4"/><counter type="METHOD" missed="1" covered="4"/><counter type="CLASS" missed="0" covered="1"/></package><counter type="INSTRUCTION" missed="3953" covered="13810"/><counter type="BRANCH" missed="363" covered="612"/><counter type="LINE" missed="1037" covered="2963"/><counter type="COMPLEXITY" missed="781" covered="939"/><counter type="METHOD" missed="448" covered="773"/><counter type="CLASS" missed="6" covered="105"/></report>