<?xml version="1.0" encoding="UTF-8" standalone="yes"?><!DOCTYPE report PUBLIC "-//JACOCO//DTD Report 1.1//EN" "report.dtd"><report name="io.zenwave360.sdk:zdl-jvm"><sessioninfo id="runnervmmtnos-11bdab2" start="1768646520707" dump="1768646522921"/><package name="io/zenwave360/zdl/antlr"><class name="io/zenwave360/zdl/antlr/ZdlParser$Relationship_definitionContext" sourcefilename="ZdlParser.java"><method name="relationship_entity_name" desc="()Lio/zenwave360/zdl/antlr/ZdlParser$Relationship_entity_nameContext;" line="5327"><counter type="INSTRUCTION" missed="0" covered="6"/><counter type="LINE" missed="0" covered="1"/><counter type="COMPLEXITY" missed="0" covered="1"/><counter type="METHOD" missed="0" covered="1"/></method><method name="LBRACE" desc="()Lorg/antlr/v4/runtime/tree/TerminalNode;" line="5329"><counter type="INSTRUCTION" missed="5" covered="0"/><counter type="LINE" missed="1" covered="0"/><counter type="COMPLEXITY" missed="1" covered="0"/><counter type="METHOD" missed="1" covered="0"/></method><method name="relationship_field_name" desc="()Lio/zenwave360/zdl/antlr/ZdlParser$Relationship_field_nameContext;" line="5331"><counter type="INSTRUCTION" missed="0" covered="6"/><counter type="LINE" missed="0" covered="1"/><counter type="COMPLEXITY" missed="0" covered="1"/><counter type="METHOD" missed="0" covered="1"/></method><method name="relationship_field_validations" desc="()Lio/zenwave360/zdl/antlr/ZdlParser$Relationship_field_validationsContext;" line="5334"><counter type="INSTRUCTION" missed="0" covered="6"/><counter type="LINE" missed="0" covered="1"/><counter type="COMPLEXITY" missed="0" covered="1"/><counter type="METHOD" missed="0" covered="1"/></method><method name="RBRACE" desc="()Lorg/antlr/v4/runtime/tree/TerminalNode;" line="5336"><counter type="INSTRUCTION" missed="5" covered="0"/><counter type="LINE" missed="1" covered="0"/><counter type="COMPLEXITY" missed="1" covered="0"/><counter type="METHOD" missed="1" covered="0"/></method><method name="LPAREN" desc="()Lorg/antlr/v4/runtime/tree/TerminalNode;" line="5337"><counter type="INSTRUCTION" missed="5" covered="0"/><counter type="LINE" missed="1" covered="0"/><counter type="COMPLEXITY" missed="1" covered="0"/><counter type="METHOD" missed="1" covered="0"/></method><method name="relationship_description_field" desc="()Lio/zenwave360/zdl/antlr/ZdlParser$Relationship_description_fieldContext;" line="5339"><counter type="INSTRUCTION" missed="0" covered="6"/><counter type="LINE" missed="0" covered="1"/><counter type="COMPLEXITY" missed="0" covered="1"/><counter type="METHOD" missed="0" covered="1"/></method><method name="RPAREN" desc="()Lorg/antlr/v4/runtime/tree/TerminalNode;" line="5341"><counter type="INSTRUCTION" missed="5" covered="0"/><counter type="LINE" missed="1" covered="0"/><counter type="COMPLEXITY" missed="1" covered="0"/><counter type="METHOD" missed="1" covered="0"/></method><method name="&lt;init&gt;" desc="(Lorg/antlr/v4/runtime/ParserRuleContext;I)V" line="5343"><counter type="INSTRUCTION" missed="0" covered="5"/><counter type="LINE" missed="0" covered="2"/><counter type="COMPLEXITY" missed="0" covered="1"/><counter type="METHOD" missed="0" covered="1"/></method><method name="getRuleIndex" desc="()I" line="5345"><counter type="INSTRUCTION" missed="2" covered="0"/><counter type="LINE" missed="1" covered="0"/><counter type="COMPLEXITY" missed="1" covered="0"/><counter type="METHOD" missed="1" covered="0"/></method><method name="enterRule" desc="(Lorg/antlr/v4/runtime/tree/ParseTreeListener;)V" line="5348"><counter type="INSTRUCTION" missed="0" covered="8"/><counter type="BRANCH" missed="1" covered="1"/><counter type="LINE" missed="0" covered="2"/><counter type="COMPLEXITY" missed="1" covered="1"/><counter type="METHOD" missed="0" covered="1"/></method><method name="exitRule" desc="(Lorg/antlr/v4/runtime/tree/ParseTreeListener;)V" line="5352"><counter type="INSTRUCTION" missed="0" covered="8"/><counter type="BRANCH" missed="1" covered="1"/><counter type="LINE" missed="0" covered="2"/><counter type="COMPLEXITY" missed="1" covered="1"/><counter type="METHOD" missed="0" covered="1"/></method><counter type="INSTRUCTION" missed="22" covered="45"/><counter type="BRANCH" missed="2" covered="2"/><counter type="LINE" missed="5" covered="10"/><counter type="COMPLEXITY" missed="7" covered="7"/><counter type="METHOD" missed="5" covered="7"/><counter type="CLASS" missed="0" covered="1"/></class><class name="io/zenwave360/zdl/antlr/ZdlParser$Enum_bodyContext" sourcefilename="ZdlParser.java"><method name="LBRACE" desc="()Lorg/antlr/v4/runtime/tree/TerminalNode;" line="4472"><counter type="INSTRUCTION" missed="5" covered="0"/><counter type="LINE" missed="1" covered="0"/><counter type="COMPLEXITY" missed="1" covered="0"/><counter type="METHOD" missed="1" covered="0"/></method><method name="RBRACE" desc="()Lorg/antlr/v4/runtime/tree/TerminalNode;" line="4473"><counter type="INSTRUCTION" missed="5" covered="0"/><counter type="LINE" missed="1" covered="0"/><counter type="COMPLEXITY" missed="1" covered="0"/><counter type="METHOD" missed="1" covered="0"/></method><method name="enum_value" desc="()Ljava/util/List;" line="4475"><counter type="INSTRUCTION" missed="4" covered="0"/><counter type="LINE" missed="1" covered="0"/><counter type="COMPLEXITY" missed="1" covered="0"/><counter type="METHOD" missed="1" covered="0"/></method><method name="enum_value" desc="(I)Lio/zenwave360/zdl/antlr/ZdlParser$Enum_valueContext;" line="4478"><counter type="INSTRUCTION" missed="6" covered="0"/><counter type="LINE" missed="1" covered="0"/><counter type="COMPLEXITY" missed="1" covered="0"/><counter type="METHOD" missed="1" covered="0"/></method><method name="&lt;init&gt;" desc="(Lorg/antlr/v4/runtime/ParserRuleContext;I)V" line="4481"><counter type="INSTRUCTION" missed="0" covered="5"/><counter type="LINE" missed="0" covered="2"/><counter type="COMPLEXITY" missed="0" covered="1"/><counter type="METHOD" missed="0" covered="1"/></method><method name="getRuleIndex" desc="()I" line="4483"><counter type="INSTRUCTION" missed="2" covered="0"/><counter type="LINE" missed="1" covered="0"/><counter type="COMPLEXITY" missed="1" covered="0"/><counter type="METHOD" missed="1" covered="0"/></method><method name="enterRule" desc="(Lorg/antlr/v4/runtime/tree/ParseTreeListener;)V" line="4486"><counter type="INSTRUCTION" missed="0" covered="8"/><counter type="BRANCH" missed="1" covered="1"/><counter type="LINE" missed="0" covered="2"/><counter type="COMPLEXITY" missed="1" covered="1"/><counter type="METHOD" missed="0" covered="1"/></method><method name="exitRule" desc="(Lorg/antlr/v4/runtime/tree/ParseTreeListener;)V" line="4490"><counter type="INSTRUCTION" missed="0" covered="8"/><counter type="BRANCH" missed="1" covered="1"/><counter type="LINE" missed="0" covered="2"/><counter type="COMPLEXITY" missed="1" covered="1"/><counter type="METHOD" missed="0" covered="1"/></method><counter type="INSTRUCTION" missed="22" covered="21"/><counter type="BRANCH" missed="2" covered="2"/><counter type="LINE" missed="5" covered="6"/><counter type="COMPLEXITY" missed="7" covered="3"/><counter type="METHOD" missed="5" covered="3"/><counter type="CLASS" missed="0" covered="1"/></class><class name="io/zenwave360/zdl/antlr/ZdlParser$Config_optionContext" sourcefilename="ZdlParser.java"><method name="field_name" desc="()Lio/zenwave360/zdl/antlr/ZdlParser$Field_nameContext;" line="1653"><counter type="INSTRUCTION" missed="0" covered="6"/><counter type="LINE" missed="0" covered="1"/><counter type="COMPLEXITY" missed="0" covered="1"/><counter type="METHOD" missed="0" covered="1"/></method><method name="complex_value" desc="()Lio/zenwave360/zdl/antlr/ZdlParser$Complex_valueContext;" line="1656"><counter type="INSTRUCTION" missed="0" covered="6"/><counter type="LINE" missed="0" covered="1"/><counter type="COMPLEXITY" missed="0" covered="1"/><counter type="METHOD" missed="0" covered="1"/></method><method name="&lt;init&gt;" desc="(Lorg/antlr/v4/runtime/ParserRuleContext;I)V" line="1659"><counter type="INSTRUCTION" missed="0" covered="5"/><counter type="LINE" missed="0" covered="2"/><counter type="COMPLEXITY" missed="0" covered="1"/><counter type="METHOD" missed="0" covered="1"/></method><method name="getRuleIndex" desc="()I" line="1661"><counter type="INSTRUCTION" missed="2" covered="0"/><counter type="LINE" missed="1" covered="0"/><counter type="COMPLEXITY" missed="1" covered="0"/><counter type="METHOD" missed="1" covered="0"/></method><method name="enterRule" desc="(Lorg/antlr/v4/runtime/tree/ParseTreeListener;)V" line="1664"><counter type="INSTRUCTION" missed="0" covered="8"/><counter type="BRANCH" missed="1" covered="1"/><counter type="LINE" missed="0" covered="2"/><counter type="COMPLEXITY" missed="1" covered="1"/><counter type="METHOD" missed="0" covered="1"/></method><method name="exitRule" desc="(Lorg/antlr/v4/runtime/tree/ParseTreeListener;)V" line="1668"><counter type="INSTRUCTION" missed="0" covered="8"/><counter type="BRANCH" missed="1" covered="1"/><counter type="LINE" missed="0" covered="2"/><counter type="COMPLEXITY" missed="1" covered="1"/><counter type="METHOD" missed="0" covered="1"/></method><counter type="INSTRUCTION" missed="2" covered="33"/><counter type="BRANCH" missed="2" covered="2"/><counter type="LINE" missed="1" covered="8"/><counter type="COMPLEXITY" missed="3" covered="5"/><counter type="METHOD" missed="1" covered="5"/><counter type="CLASS" missed="0" covered="1"/></class><class name="io/zenwave360/zdl/antlr/ZdlParser$PluginsContext" sourcefilename="ZdlParser.java"><method name="PLUGINS" desc="()Lorg/antlr/v4/runtime/tree/TerminalNode;" line="2161"><counter type="INSTRUCTION" missed="5" covered="0"/><counter type="LINE" missed="1" covered="0"/><counter type="COMPLEXITY" missed="1" covered="0"/><counter type="METHOD" missed="1" covered="0"/></method><method name="plugins_body" desc="()Lio/zenwave360/zdl/antlr/ZdlParser$Plugins_bodyContext;" line="2163"><counter type="INSTRUCTION" missed="6" covered="0"/><counter type="LINE" missed="1" covered="0"/><counter type="COMPLEXITY" missed="1" covered="0"/><counter type="METHOD" missed="1" covered="0"/></method><method name="&lt;init&gt;" desc="(Lorg/antlr/v4/runtime/ParserRuleContext;I)V" line="2166"><counter type="INSTRUCTION" missed="0" covered="5"/><counter type="LINE" missed="0" covered="2"/><counter type="COMPLEXITY" missed="0" covered="1"/><counter type="METHOD" missed="0" covered="1"/></method><method name="getRuleIndex" desc="()I" line="2168"><counter type="INSTRUCTION" missed="2" covered="0"/><counter type="LINE" missed="1" covered="0"/><counter type="COMPLEXITY" missed="1" covered="0"/><counter type="METHOD" missed="1" covered="0"/></method><method name="enterRule" desc="(Lorg/antlr/v4/runtime/tree/ParseTreeListener;)V" line="2171"><counter type="INSTRUCTION" missed="0" covered="8"/><counter type="BRANCH" missed="1" covered="1"/><counter type="LINE" missed="0" covered="2"/><counter type="COMPLEXITY" missed="1" covered="1"/><counter type="METHOD" missed="0" covered="1"/></method><method name="exitRule" desc="(Lorg/antlr/v4/runtime/tree/ParseTreeListener;)V" line="2175"><counter type="INSTRUCTION" missed="0" covered="8"/><counter type="BRANCH" missed="1" covered="1"/><counter type="LINE" missed="0" covered="2"/><counter type="COMPLEXITY" missed="1" covered="1"/><counter type="METHOD" missed="0" covered="1"/></method><counter type="INSTRUCTION" missed="13" covered="21"/><counter type="BRANCH" missed="2" covered="2"/><counter type="LINE" missed="3" covered="6"/><counter type="COMPLEXITY" missed="5" covered="3"/><counter type="METHOD" missed="3" covered="3"/><counter type="CLASS" missed="0" covered="1"/></class><class name="io/zenwave360/zdl/antlr/ZdlParser$AnnotationsContext" sourcefilename="ZdlParser.java"><method name="option" desc="()Ljava/util/List;" line="3123"><counter type="INSTRUCTION" missed="0" covered="4"/><counter type="LINE" missed="0" covered="1"/><counter type="COMPLEXITY" missed="0" covered="1"/><counter type="METHOD" missed="0" covered="1"/></method><method name="option" desc="(I)Lio/zenwave360/zdl/antlr/ZdlParser$OptionContext;" line="3126"><counter type="INSTRUCTION" missed="6" covered="0"/><counter type="LINE" missed="1" covered="0"/><counter type="COMPLEXITY" missed="1" covered="0"/><counter type="METHOD" missed="1" covered="0"/></method><method name="&lt;init&gt;" desc="(Lorg/antlr/v4/runtime/ParserRuleContext;I)V" line="3129"><counter type="INSTRUCTION" missed="0" covered="5"/><counter type="LINE" missed="0" covered="2"/><counter type="COMPLEXITY" missed="0" covered="1"/><counter type="METHOD" missed="0" covered="1"/></method><method name="getRuleIndex" desc="()I" line="3131"><counter type="INSTRUCTION" missed="2" covered="0"/><counter type="LINE" missed="1" covered="0"/><counter type="COMPLEXITY" missed="1" covered="0"/><counter type="METHOD" missed="1" covered="0"/></method><method name="enterRule" desc="(Lorg/antlr/v4/runtime/tree/ParseTreeListener;)V" line="3134"><counter type="INSTRUCTION" missed="0" covered="8"/><counter type="BRANCH" missed="1" covered="1"/><counter type="LINE" missed="0" covered="2"/><counter type="COMPLEXITY" missed="1" covered="1"/><counter type="METHOD" missed="0" covered="1"/></method><method name="exitRule" desc="(Lorg/antlr/v4/runtime/tree/ParseTreeListener;)V" line="3138"><counter type="INSTRUCTION" missed="0" covered="8"/><counter type="BRANCH" missed="1" covered="1"/><counter type="LINE" missed="0" covered="2"/><counter type="COMPLEXITY" missed="1" covered="1"/><counter type="METHOD" missed="0" covered="1"/></method><counter type="INSTRUCTION" missed="8" covered="25"/><counter type="BRANCH" missed="2" covered="2"/><counter type="LINE" missed="2" covered="7"/><counter type="COMPLEXITY" missed="4" covered="4"/><counter type="METHOD" missed="2" covered="4"/><counter type="CLASS" missed="0" covered="1"/></class><class name="io/zenwave360/zdl/antlr/ZdlParser$AggregateContext" sourcefilename="ZdlParser.java"><method name="annotations" desc="()Lio/zenwave360/zdl/antlr/ZdlParser$AnnotationsContext;" line="5776"><counter type="INSTRUCTION" missed="6" covered="0"/><counter type="LINE" missed="1" covered="0"/><counter type="COMPLEXITY" missed="1" covered="0"/><counter type="METHOD" missed="1" covered="0"/></method><method name="AGGREGATE" desc="()Lorg/antlr/v4/runtime/tree/TerminalNode;" line="5778"><counter type="INSTRUCTION" missed="5" covered="0"/><counter type="LINE" missed="1" covered="0"/><counter type="COMPLEXITY" missed="1" covered="0"/><counter type="METHOD" missed="1" covered="0"/></method><method name="aggregate_name" desc="()Lio/zenwave360/zdl/antlr/ZdlParser$Aggregate_nameContext;" line="5780"><counter type="INSTRUCTION" missed="0" covered="6"/><counter type="LINE" missed="0" covered="1"/><counter type="COMPLEXITY" missed="0" covered="1"/><counter type="METHOD" missed="0" covered="1"/></method><method name="LPAREN" desc="()Lorg/antlr/v4/runtime/tree/TerminalNode;" line="5782"><counter type="INSTRUCTION" missed="5" covered="0"/><counter type="LINE" missed="1" covered="0"/><counter type="COMPLEXITY" missed="1" covered="0"/><counter type="METHOD" missed="1" covered="0"/></method><method name="aggregate_root" desc="()Lio/zenwave360/zdl/antlr/ZdlParser$Aggregate_rootContext;" line="5784"><counter type="INSTRUCTION" missed="0" covered="6"/><counter type="LINE" missed="0" covered="1"/><counter type="COMPLEXITY" missed="0" covered="1"/><counter type="METHOD" missed="0" covered="1"/></method><method name="RPAREN" desc="()Lorg/antlr/v4/runtime/tree/TerminalNode;" line="5786"><counter type="INSTRUCTION" missed="5" covered="0"/><counter type="LINE" missed="1" covered="0"/><counter type="COMPLEXITY" missed="1" covered="0"/><counter type="METHOD" missed="1" covered="0"/></method><method name="LBRACE" desc="()Lorg/antlr/v4/runtime/tree/TerminalNode;" line="5787"><counter type="INSTRUCTION" missed="5" covered="0"/><counter type="LINE" missed="1" covered="0"/><counter type="COMPLEXITY" missed="1" covered="0"/><counter type="METHOD" missed="1" covered="0"/></method><method name="RBRACE" desc="()Lorg/antlr/v4/runtime/tree/TerminalNode;" line="5788"><counter type="INSTRUCTION" missed="5" covered="0"/><counter type="LINE" missed="1" covered="0"/><counter type="COMPLEXITY" missed="1" covered="0"/><counter type="METHOD" missed="1" covered="0"/></method><method name="javadoc" desc="()Lio/zenwave360/zdl/antlr/ZdlParser$JavadocContext;" line="5790"><counter type="INSTRUCTION" missed="0" covered="6"/><counter type="LINE" missed="0" covered="1"/><counter type="COMPLEXITY" missed="0" covered="1"/><counter type="METHOD" missed="0" covered="1"/></method><method name="aggregate_command" desc="()Ljava/util/List;" line="5793"><counter type="INSTRUCTION" missed="4" covered="0"/><counter type="LINE" missed="1" covered="0"/><counter type="COMPLEXITY" missed="1" covered="0"/><counter type="METHOD" missed="1" covered="0"/></method><method name="aggregate_command" desc="(I)Lio/zenwave360/zdl/antlr/ZdlParser$Aggregate_commandContext;" line="5796"><counter type="INSTRUCTION" missed="6" covered="0"/><counter type="LINE" missed="1" covered="0"/><counter type="COMPLEXITY" missed="1" covered="0"/><counter type="METHOD" missed="1" covered="0"/></method><method name="&lt;init&gt;" desc="(Lorg/antlr/v4/runtime/ParserRuleContext;I)V" line="5799"><counter type="INSTRUCTION" missed="0" covered="5"/><counter type="LINE" missed="0" covered="2"/><counter type="COMPLEXITY" missed="0" covered="1"/><counter type="METHOD" missed="0" covered="1"/></method><method name="getRuleIndex" desc="()I" line="5801"><counter type="INSTRUCTION" missed="2" covered="0"/><counter type="LINE" missed="1" covered="0"/><counter type="COMPLEXITY" missed="1" covered="0"/><counter type="METHOD" missed="1" covered="0"/></method><method name="enterRule" desc="(Lorg/antlr/v4/runtime/tree/ParseTreeListener;)V" line="5804"><counter type="INSTRUCTION" missed="0" covered="8"/><counter type="BRANCH" missed="1" covered="1"/><counter type="LINE" missed="0" covered="2"/><counter type="COMPLEXITY" missed="1" covered="1"/><counter type="METHOD" missed="0" covered="1"/></method><method name="exitRule" desc="(Lorg/antlr/v4/runtime/tree/ParseTreeListener;)V" line="5808"><counter type="INSTRUCTION" missed="0" covered="8"/><counter type="BRANCH" missed="1" covered="1"/><counter type="LINE" missed="0" covered="2"/><counter type="COMPLEXITY" missed="1" covered="1"/><counter type="METHOD" missed="0" covered="1"/></method><counter type="INSTRUCTION" missed="43" covered="39"/><counter type="BRANCH" missed="2" covered="2"/><counter type="LINE" missed="9" covered="9"/><counter type="COMPLEXITY" missed="11" covered="6"/><counter type="METHOD" missed="9" covered="6"/><counter type="CLASS" missed="0" covered="1"/></class><class name="io/zenwave360/zdl/antlr/ZdlParser$Field_initializationContext" sourcefilename="ZdlParser.java"><method name="EQUALS" desc="()Lorg/antlr/v4/runtime/tree/TerminalNode;" line="3963"><counter type="INSTRUCTION" missed="5" covered="0"/><counter type="LINE" missed="1" covered="0"/><counter type="COMPLEXITY" missed="1" covered="0"/><counter type="METHOD" missed="1" covered="0"/></method><method name="field_initial_value" desc="()Lio/zenwave360/zdl/antlr/ZdlParser$Field_initial_valueContext;" line="3965"><counter type="INSTRUCTION" missed="0" covered="6"/><counter type="LINE" missed="0" covered="1"/><counter type="COMPLEXITY" missed="0" covered="1"/><counter type="METHOD" missed="0" covered="1"/></method><method name="&lt;init&gt;" desc="(Lorg/antlr/v4/runtime/ParserRuleContext;I)V" line="3968"><counter type="INSTRUCTION" missed="0" covered="5"/><counter type="LINE" missed="0" covered="2"/><counter type="COMPLEXITY" missed="0" covered="1"/><counter type="METHOD" missed="0" covered="1"/></method><method name="getRuleIndex" desc="()I" line="3970"><counter type="INSTRUCTION" missed="2" covered="0"/><counter type="LINE" missed="1" covered="0"/><counter type="COMPLEXITY" missed="1" covered="0"/><counter type="METHOD" missed="1" covered="0"/></method><method name="enterRule" desc="(Lorg/antlr/v4/runtime/tree/ParseTreeListener;)V" line="3973"><counter type="INSTRUCTION" missed="0" covered="8"/><counter type="BRANCH" missed="1" covered="1"/><counter type="LINE" missed="0" covered="2"/><counter type="COMPLEXITY" missed="1" covered="1"/><counter type="METHOD" missed="0" covered="1"/></method><method name="exitRule" desc="(Lorg/antlr/v4/runtime/tree/ParseTreeListener;)V" line="3977"><counter type="INSTRUCTION" missed="0" covered="8"/><counter type="BRANCH" missed="1" covered="1"/><counter type="LINE" missed="0" covered="2"/><counter type="COMPLEXITY" missed="1" covered="1"/><counter type="METHOD" missed="0" covered="1"/></method><counter type="INSTRUCTION" missed="7" covered="27"/><counter type="BRANCH" missed="2" covered="2"/><counter type="LINE" missed="2" covered="7"/><counter type="COMPLEXITY" missed="4" covered="4"/><counter type="METHOD" missed="2" covered="4"/><counter type="CLASS" missed="0" covered="1"/></class><class name="io/zenwave360/zdl/antlr/ZdlParser$PairContext" sourcefilename="ZdlParser.java"><method name="string" desc="()Lio/zenwave360/zdl/antlr/ZdlParser$StringContext;" line="1257"><counter type="INSTRUCTION" missed="0" covered="6"/><counter type="LINE" missed="0" covered="1"/><counter type="COMPLEXITY" missed="0" covered="1"/><counter type="METHOD" missed="0" covered="1"/></method><method name="COLON" desc="()Lorg/antlr/v4/runtime/tree/TerminalNode;" line="1259"><counter type="INSTRUCTION" missed="5" covered="0"/><counter type="LINE" missed="1" covered="0"/><counter type="COMPLEXITY" missed="1" covered="0"/><counter type="METHOD" missed="1" covered="0"/></method><method name="value" desc="()Lio/zenwave360/zdl/antlr/ZdlParser$ValueContext;" line="1261"><counter type="INSTRUCTION" missed="0" covered="6"/><counter type="LINE" missed="0" covered="1"/><counter type="COMPLEXITY" missed="0" covered="1"/><counter type="METHOD" missed="0" covered="1"/></method><method name="&lt;init&gt;" desc="(Lorg/antlr/v4/runtime/ParserRuleContext;I)V" line="1264"><counter type="INSTRUCTION" missed="0" covered="5"/><counter type="LINE" missed="0" covered="2"/><counter type="COMPLEXITY" missed="0" covered="1"/><counter type="METHOD" missed="0" covered="1"/></method><method name="getRuleIndex" desc="()I" line="1266"><counter type="INSTRUCTION" missed="2" covered="0"/><counter type="LINE" missed="1" covered="0"/><counter type="COMPLEXITY" missed="1" covered="0"/><counter type="METHOD" missed="1" covered="0"/></method><method name="enterRule" desc="(Lorg/antlr/v4/runtime/tree/ParseTreeListener;)V" line="1269"><counter type="INSTRUCTION" missed="0" covered="8"/><counter type="BRANCH" missed="1" covered="1"/><counter type="LINE" missed="0" covered="2"/><counter type="COMPLEXITY" missed="1" covered="1"/><counter type="METHOD" missed="0" covered="1"/></method><method name="exitRule" desc="(Lorg/antlr/v4/runtime/tree/ParseTreeListener;)V" line="1273"><counter type="INSTRUCTION" missed="0" covered="8"/><counter type="BRANCH" missed="1" covered="1"/><counter type="LINE" missed="0" covered="2"/><counter type="COMPLEXITY" missed="1" covered="1"/><counter type="METHOD" missed="0" covered="1"/></method><counter type="INSTRUCTION" missed="7" covered="33"/><counter type="BRANCH" missed="2" covered="2"/><counter type="LINE" missed="2" covered="8"/><counter type="COMPLEXITY" missed="4" covered="5"/><counter type="METHOD" missed="2" covered="5"/><counter type="CLASS" missed="0" covered="1"/></class><class name="io/zenwave360/zdl/antlr/ZdlParser$EventContext" sourcefilename="ZdlParser.java"><method name="annotations" desc="()Lio/zenwave360/zdl/antlr/ZdlParser$AnnotationsContext;" line="4930"><counter type="INSTRUCTION" missed="6" covered="0"/><counter type="LINE" missed="1" covered="0"/><counter type="COMPLEXITY" missed="1" covered="0"/><counter type="METHOD" missed="1" covered="0"/></method><method name="EVENT" desc="()Lorg/antlr/v4/runtime/tree/TerminalNode;" line="4932"><counter type="INSTRUCTION" missed="5" covered="0"/><counter type="LINE" missed="1" covered="0"/><counter type="COMPLEXITY" missed="1" covered="0"/><counter type="METHOD" missed="1" covered="0"/></method><method name="event_name" desc="()Lio/zenwave360/zdl/antlr/ZdlParser$Event_nameContext;" line="4934"><counter type="INSTRUCTION" missed="0" covered="6"/><counter type="LINE" missed="0" covered="1"/><counter type="COMPLEXITY" missed="0" covered="1"/><counter type="METHOD" missed="0" covered="1"/></method><method name="LBRACE" desc="()Lorg/antlr/v4/runtime/tree/TerminalNode;" line="4936"><counter type="INSTRUCTION" missed="5" covered="0"/><counter type="LINE" missed="1" covered="0"/><counter type="COMPLEXITY" missed="1" covered="0"/><counter type="METHOD" missed="1" covered="0"/></method><method name="fields" desc="()Lio/zenwave360/zdl/antlr/ZdlParser$FieldsContext;" line="4938"><counter type="INSTRUCTION" missed="6" covered="0"/><counter type="LINE" missed="1" covered="0"/><counter type="COMPLEXITY" missed="1" covered="0"/><counter type="METHOD" missed="1" covered="0"/></method><method name="RBRACE" desc="()Lorg/antlr/v4/runtime/tree/TerminalNode;" line="4940"><counter type="INSTRUCTION" missed="5" covered="0"/><counter type="LINE" missed="1" covered="0"/><counter type="COMPLEXITY" missed="1" covered="0"/><counter type="METHOD" missed="1" covered="0"/></method><method name="javadoc" desc="()Lio/zenwave360/zdl/antlr/ZdlParser$JavadocContext;" line="4942"><counter type="INSTRUCTION" missed="0" covered="6"/><counter type="LINE" missed="0" covered="1"/><counter type="COMPLEXITY" missed="0" covered="1"/><counter type="METHOD" missed="0" covered="1"/></method><method name="&lt;init&gt;" desc="(Lorg/antlr/v4/runtime/ParserRuleContext;I)V" line="4945"><counter type="INSTRUCTION" missed="0" covered="5"/><counter type="LINE" missed="0" covered="2"/><counter type="COMPLEXITY" missed="0" covered="1"/><counter type="METHOD" missed="0" covered="1"/></method><method name="getRuleIndex" desc="()I" line="4947"><counter type="INSTRUCTION" missed="2" covered="0"/><counter type="LINE" missed="1" covered="0"/><counter type="COMPLEXITY" missed="1" covered="0"/><counter type="METHOD" missed="1" covered="0"/></method><method name="enterRule" desc="(Lorg/antlr/v4/runtime/tree/ParseTreeListener;)V" line="4950"><counter type="INSTRUCTION" missed="0" covered="8"/><counter type="BRANCH" missed="1" covered="1"/><counter type="LINE" missed="0" covered="2"/><counter type="COMPLEXITY" missed="1" covered="1"/><counter type="METHOD" missed="0" covered="1"/></method><method name="exitRule" desc="(Lorg/antlr/v4/runtime/tree/ParseTreeListener;)V" line="4954"><counter type="INSTRUCTION" missed="0" covered="8"/><counter type="BRANCH" missed="1" covered="1"/><counter type="LINE" missed="0" covered="2"/><counter type="COMPLEXITY" missed="1" covered="1"/><counter type="METHOD" missed="0" covered="1"/></method><counter type="INSTRUCTION" missed="29" covered="33"/><counter type="BRANCH" missed="2" covered="2"/><counter type="LINE" missed="6" covered="8"/><counter type="COMPLEXITY" missed="8" covered="5"/><counter type="METHOD" missed="6" covered="5"/><counter type="CLASS" missed="0" covered="1"/></class><class name="io/zenwave360/zdl/antlr/ZdlParser$ConfigContext" sourcefilename="ZdlParser.java"><method name="CONFIG" desc="()Lorg/antlr/v4/runtime/tree/TerminalNode;" line="1517"><counter type="INSTRUCTION" missed="5" covered="0"/><counter type="LINE" missed="1" covered="0"/><counter type="COMPLEXITY" missed="1" covered="0"/><counter type="METHOD" missed="1" covered="0"/></method><method name="config_body" desc="()Lio/zenwave360/zdl/antlr/ZdlParser$Config_bodyContext;" line="1519"><counter type="INSTRUCTION" missed="6" covered="0"/><counter type="LINE" missed="1" covered="0"/><counter type="COMPLEXITY" missed="1" covered="0"/><counter type="METHOD" missed="1" covered="0"/></method><method name="global_javadoc" desc="()Lio/zenwave360/zdl/antlr/ZdlParser$Global_javadocContext;" line="1522"><counter type="INSTRUCTION" missed="6" covered="0"/><counter type="LINE" missed="1" covered="0"/><counter type="COMPLEXITY" missed="1" covered="0"/><counter type="METHOD" missed="1" covered="0"/></method><method name="&lt;init&gt;" desc="(Lorg/antlr/v4/runtime/ParserRuleContext;I)V" line="1525"><counter type="INSTRUCTION" missed="0" covered="5"/><counter type="LINE" missed="0" covered="2"/><counter type="COMPLEXITY" missed="0" covered="1"/><counter type="METHOD" missed="0" covered="1"/></method><method name="getRuleIndex" desc="()I" line="1527"><counter type="INSTRUCTION" missed="2" covered="0"/><counter type="LINE" missed="1" covered="0"/><counter type="COMPLEXITY" missed="1" covered="0"/><counter type="METHOD" missed="1" covered="0"/></method><method name="enterRule" desc="(Lorg/antlr/v4/runtime/tree/ParseTreeListener;)V" line="1530"><counter type="INSTRUCTION" missed="0" covered="8"/><counter type="BRANCH" missed="1" covered="1"/><counter type="LINE" missed="0" covered="2"/><counter type="COMPLEXITY" missed="1" covered="1"/><counter type="METHOD" missed="0" covered="1"/></method><method name="exitRule" desc="(Lorg/antlr/v4/runtime/tree/ParseTreeListener;)V" line="1534"><counter type="INSTRUCTION" missed="0" covered="8"/><counter type="BRANCH" missed="1" covered="1"/><counter type="LINE" missed="0" covered="2"/><counter type="COMPLEXITY" missed="1" covered="1"/><counter type="METHOD" missed="0" covered="1"/></method><counter type="INSTRUCTION" missed="19" covered="21"/><counter type="BRANCH" missed="2" covered="2"/><counter type="LINE" missed="4" covered="6"/><counter type="COMPLEXITY" missed="6" covered="3"/><counter type="METHOD" missed="4" covered="3"/><counter type="CLASS" missed="0" covered="1"/></class><class name="io/zenwave360/zdl/antlr/ZdlParser$Relationship_field_minContext" sourcefilename="ZdlParser.java"><method name="MINLENGTH" desc="()Lorg/antlr/v4/runtime/tree/TerminalNode;" line="5639"><counter type="INSTRUCTION" missed="5" covered="0"/><counter type="LINE" missed="1" covered="0"/><counter type="COMPLEXITY" missed="1" covered="0"/><counter type="METHOD" missed="1" covered="0"/></method><method name="LPAREN" desc="()Lorg/antlr/v4/runtime/tree/TerminalNode;" line="5640"><counter type="INSTRUCTION" missed="5" covered="0"/><counter type="LINE" missed="1" covered="0"/><counter type="COMPLEXITY" missed="1" covered="0"/><counter type="METHOD" missed="1" covered="0"/></method><method name="relationship_field_value" desc="()Lio/zenwave360/zdl/antlr/ZdlParser$Relationship_field_valueContext;" line="5642"><counter type="INSTRUCTION" missed="0" covered="6"/><counter type="LINE" missed="0" covered="1"/><counter type="COMPLEXITY" missed="0" covered="1"/><counter type="METHOD" missed="0" covered="1"/></method><method name="RPAREN" desc="()Lorg/antlr/v4/runtime/tree/TerminalNode;" line="5644"><counter type="INSTRUCTION" missed="5" covered="0"/><counter type="LINE" missed="1" covered="0"/><counter type="COMPLEXITY" missed="1" covered="0"/><counter type="METHOD" missed="1" covered="0"/></method><method name="&lt;init&gt;" desc="(Lorg/antlr/v4/runtime/ParserRuleContext;I)V" line="5646"><counter type="INSTRUCTION" missed="0" covered="5"/><counter type="LINE" missed="0" covered="2"/><counter type="COMPLEXITY" missed="0" covered="1"/><counter type="METHOD" missed="0" covered="1"/></method><method name="getRuleIndex" desc="()I" line="5648"><counter type="INSTRUCTION" missed="2" covered="0"/><counter type="LINE" missed="1" covered="0"/><counter type="COMPLEXITY" missed="1" covered="0"/><counter type="METHOD" missed="1" covered="0"/></method><method name="enterRule" desc="(Lorg/antlr/v4/runtime/tree/ParseTreeListener;)V" line="5651"><counter type="INSTRUCTION" missed="0" covered="8"/><counter type="BRANCH" missed="1" covered="1"/><counter type="LINE" missed="0" covered="2"/><counter type="COMPLEXITY" missed="1" covered="1"/><counter type="METHOD" missed="0" covered="1"/></method><method name="exitRule" desc="(Lorg/antlr/v4/runtime/tree/ParseTreeListener;)V" line="5655"><counter type="INSTRUCTION" missed="0" covered="8"/><counter type="BRANCH" missed="1" covered="1"/><counter type="LINE" missed="0" covered="2"/><counter type="COMPLEXITY" missed="1" covered="1"/><counter type="METHOD" missed="0" covered="1"/></method><counter type="INSTRUCTION" missed="17" covered="27"/><counter type="BRANCH" missed="2" covered="2"/><counter type="LINE" missed="4" covered="7"/><counter type="COMPLEXITY" missed="6" covered="4"/><counter type="METHOD" missed="4" covered="4"/><counter type="CLASS" missed="0" covered="1"/></class><class name="io/zenwave360/zdl/antlr/ZdlParser$Plugin_configsContext" sourcefilename="ZdlParser.java"><method name="plugin_config" desc="()Ljava/util/List;" line="2582"><counter type="INSTRUCTION" missed="4" covered="0"/><counter type="LINE" missed="1" covered="0"/><counter type="COMPLEXITY" missed="1" covered="0"/><counter type="METHOD" missed="1" covered="0"/></method><method name="plugin_config" desc="(I)Lio/zenwave360/zdl/antlr/ZdlParser$Plugin_configContext;" line="2585"><counter type="INSTRUCTION" missed="6" covered="0"/><counter type="LINE" missed="1" covered="0"/><counter type="COMPLEXITY" missed="1" covered="0"/><counter type="METHOD" missed="1" covered="0"/></method><method name="&lt;init&gt;" desc="(Lorg/antlr/v4/runtime/ParserRuleContext;I)V" line="2588"><counter type="INSTRUCTION" missed="0" covered="5"/><counter type="LINE" missed="0" covered="2"/><counter type="COMPLEXITY" missed="0" covered="1"/><counter type="METHOD" missed="0" covered="1"/></method><method name="getRuleIndex" desc="()I" line="2590"><counter type="INSTRUCTION" missed="2" covered="0"/><counter type="LINE" missed="1" covered="0"/><counter type="COMPLEXITY" missed="1" covered="0"/><counter type="METHOD" missed="1" covered="0"/></method><method name="enterRule" desc="(Lorg/antlr/v4/runtime/tree/ParseTreeListener;)V" line="2593"><counter type="INSTRUCTION" missed="0" covered="8"/><counter type="BRANCH" missed="1" covered="1"/><counter type="LINE" missed="0" covered="2"/><counter type="COMPLEXITY" missed="1" covered="1"/><counter type="METHOD" missed="0" covered="1"/></method><method name="exitRule" desc="(Lorg/antlr/v4/runtime/tree/ParseTreeListener;)V" line="2597"><counter type="INSTRUCTION" missed="0" covered="8"/><counter type="BRANCH" missed="1" covered="1"/><counter type="LINE" missed="0" covered="2"/><counter type="COMPLEXITY" missed="1" covered="1"/><counter type="METHOD" missed="0" covered="1"/></method><counter type="INSTRUCTION" missed="12" covered="21"/><counter type="BRANCH" missed="2" covered="2"/><counter type="LINE" missed="3" covered="6"/><counter type="COMPLEXITY" missed="5" covered="3"/><counter type="METHOD" missed="3" covered="3"/><counter type="CLASS" missed="0" covered="1"/></class><class name="io/zenwave360/zdl/antlr/ZdlParser$Nested_field_validation_nameContext" sourcefilename="ZdlParser.java"><method name="REQUIRED" desc="()Lorg/antlr/v4/runtime/tree/TerminalNode;" line="4269"><counter type="INSTRUCTION" missed="5" covered="0"/><counter type="LINE" missed="1" covered="0"/><counter type="COMPLEXITY" missed="1" covered="0"/><counter type="METHOD" missed="1" covered="0"/></method><method name="UNIQUE" desc="()Lorg/antlr/v4/runtime/tree/TerminalNode;" line="4270"><counter type="INSTRUCTION" missed="5" covered="0"/><counter type="LINE" missed="1" covered="0"/><counter type="COMPLEXITY" missed="1" covered="0"/><counter type="METHOD" missed="1" covered="0"/></method><method name="MINLENGTH" desc="()Lorg/antlr/v4/runtime/tree/TerminalNode;" line="4271"><counter type="INSTRUCTION" missed="5" covered="0"/><counter type="LINE" missed="1" covered="0"/><counter type="COMPLEXITY" missed="1" covered="0"/><counter type="METHOD" missed="1" covered="0"/></method><method name="MAXLENGTH" desc="()Lorg/antlr/v4/runtime/tree/TerminalNode;" line="4272"><counter type="INSTRUCTION" missed="5" covered="0"/><counter type="LINE" missed="1" covered="0"/><counter type="COMPLEXITY" missed="1" covered="0"/><counter type="METHOD" missed="1" covered="0"/></method><method name="&lt;init&gt;" desc="(Lorg/antlr/v4/runtime/ParserRuleContext;I)V" line="4274"><counter type="INSTRUCTION" missed="0" covered="5"/><counter type="LINE" missed="0" covered="2"/><counter type="COMPLEXITY" missed="0" covered="1"/><counter type="METHOD" missed="0" covered="1"/></method><method name="getRuleIndex" desc="()I" line="4276"><counter type="INSTRUCTION" missed="2" covered="0"/><counter type="LINE" missed="1" covered="0"/><counter type="COMPLEXITY" missed="1" covered="0"/><counter type="METHOD" missed="1" covered="0"/></method><method name="enterRule" desc="(Lorg/antlr/v4/runtime/tree/ParseTreeListener;)V" line="4279"><counter type="INSTRUCTION" missed="0" covered="8"/><counter type="BRANCH" missed="1" covered="1"/><counter type="LINE" missed="0" covered="2"/><counter type="COMPLEXITY" missed="1" covered="1"/><counter type="METHOD" missed="0" covered="1"/></method><method name="exitRule" desc="(Lorg/antlr/v4/runtime/tree/ParseTreeListener;)V" line="4283"><counter type="INSTRUCTION" missed="0" covered="8"/><counter type="BRANCH" missed="1" covered="1"/><counter type="LINE" missed="0" covered="2"/><counter type="COMPLEXITY" missed="1" covered="1"/><counter type="METHOD" missed="0" covered="1"/></method><counter type="INSTRUCTION" missed="22" covered="21"/><counter type="BRANCH" missed="2" covered="2"/><counter type="LINE" missed="5" covered="6"/><counter type="COMPLEXITY" missed="7" covered="3"/><counter type="METHOD" missed="5" covered="3"/><counter type="CLASS" missed="0" covered="1"/></class><class name="io/zenwave360/zdl/antlr/ZdlParser$Api_bodyContext" sourcefilename="ZdlParser.java"><method name="LBRACE" desc="()Lorg/antlr/v4/runtime/tree/TerminalNode;" line="2014"><counter type="INSTRUCTION" missed="5" covered="0"/><counter type="LINE" missed="1" covered="0"/><counter type="COMPLEXITY" missed="1" covered="0"/><counter type="METHOD" missed="1" covered="0"/></method><method name="api_configs" desc="()Lio/zenwave360/zdl/antlr/ZdlParser$Api_configsContext;" line="2016"><counter type="INSTRUCTION" missed="6" covered="0"/><counter type="LINE" missed="1" covered="0"/><counter type="COMPLEXITY" missed="1" covered="0"/><counter type="METHOD" missed="1" covered="0"/></method><method name="RBRACE" desc="()Lorg/antlr/v4/runtime/tree/TerminalNode;" line="2018"><counter type="INSTRUCTION" missed="5" covered="0"/><counter type="LINE" missed="1" covered="0"/><counter type="COMPLEXITY" missed="1" covered="0"/><counter type="METHOD" missed="1" covered="0"/></method><method name="&lt;init&gt;" desc="(Lorg/antlr/v4/runtime/ParserRuleContext;I)V" line="2020"><counter type="INSTRUCTION" missed="0" covered="5"/><counter type="LINE" missed="0" covered="2"/><counter type="COMPLEXITY" missed="0" covered="1"/><counter type="METHOD" missed="0" covered="1"/></method><method name="getRuleIndex" desc="()I" line="2022"><counter type="INSTRUCTION" missed="2" covered="0"/><counter type="LINE" missed="1" covered="0"/><counter type="COMPLEXITY" missed="1" covered="0"/><counter type="METHOD" missed="1" covered="0"/></method><method name="enterRule" desc="(Lorg/antlr/v4/runtime/tree/ParseTreeListener;)V" line="2025"><counter type="INSTRUCTION" missed="0" covered="8"/><counter type="BRANCH" missed="1" covered="1"/><counter type="LINE" missed="0" covered="2"/><counter type="COMPLEXITY" missed="1" covered="1"/><counter type="METHOD" missed="0" covered="1"/></method><method name="exitRule" desc="(Lorg/antlr/v4/runtime/tree/ParseTreeListener;)V" line="2029"><counter type="INSTRUCTION" missed="0" covered="8"/><counter type="BRANCH" missed="1" covered="1"/><counter type="LINE" missed="0" covered="2"/><counter type="COMPLEXITY" missed="1" covered="1"/><counter type="METHOD" missed="0" covered="1"/></method><counter type="INSTRUCTION" missed="18" covered="21"/><counter type="BRANCH" missed="2" covered="2"/><counter type="LINE" missed="4" covered="6"/><counter type="COMPLEXITY" missed="6" covered="3"/><counter type="METHOD" missed="4" covered="3"/><counter type="CLASS" missed="0" covered="1"/></class><class name="io/zenwave360/zdl/antlr/ZdlModelValidator" sourcefilename="ZdlModelValidator.java"><method name="&lt;init&gt;" desc="()V" line="10"><counter type="INSTRUCTION" missed="0" covered="14"/><counter type="LINE" missed="0" covered="4"/><counter type="COMPLEXITY" missed="0" covered="1"/><counter type="METHOD" missed="0" covered="1"/></method><method name="withStandardFieldTypes" desc="(Ljava/util/List;)Lio/zenwave360/zdl/antlr/ZdlModelValidator;" line="18"><counter type="INSTRUCTION" missed="0" covered="5"/><counter type="LINE" missed="0" covered="2"/><counter type="COMPLEXITY" missed="0" covered="1"/><counter type="METHOD" missed="0" covered="1"/></method><method name="withExtraFieldTypes" desc="(Ljava/util/List;)Lio/zenwave360/zdl/antlr/ZdlModelValidator;" line="23"><counter type="INSTRUCTION" missed="0" covered="5"/><counter type="LINE" missed="0" covered="2"/><counter type="COMPLEXITY" missed="0" covered="1"/><counter type="METHOD" missed="0" covered="1"/></method><method name="validate" desc="(Lio/zenwave360/zdl/antlr/ZdlModel;)Lio/zenwave360/zdl/antlr/ZdlModel;" line="28"><counter type="INSTRUCTION" missed="0" covered="34"/><counter type="LINE" missed="0" covered="10"/><counter type="COMPLEXITY" missed="0" covered="1"/><counter type="METHOD" missed="0" covered="1"/></method><method name="validateApis" desc="(Lio/zenwave360/zdl/antlr/ZdlModel;)V" line="41"><counter type="INSTRUCTION" missed="0" covered="51"/><counter type="BRANCH" missed="0" covered="4"/><counter type="LINE" missed="0" covered="6"/><counter type="COMPLEXITY" missed="0" covered="3"/><counter type="METHOD" missed="0" covered="1"/></method><method name="validateRelationships" desc="(Lio/zenwave360/zdl/antlr/ZdlModel;)V" line="50"><counter type="INSTRUCTION" missed="0" covered="106"/><counter type="BRANCH" missed="0" covered="6"/><counter type="LINE" missed="0" covered="14"/><counter type="COMPLEXITY" missed="0" covered="4"/><counter type="METHOD" missed="0" covered="1"/></method><method name="validateEntitiesFields" desc="(Lio/zenwave360/zdl/antlr/ZdlModel;Ljava/lang/String;)V" line="69"><counter type="INSTRUCTION" missed="0" covered="26"/><counter type="BRANCH" missed="0" covered="2"/><counter type="LINE" missed="0" covered="5"/><counter type="COMPLEXITY" missed="0" covered="2"/><counter type="METHOD" missed="0" covered="1"/></method><method name="validateFields" desc="(Lio/zenwave360/zdl/antlr/ZdlModel;Ljava/util/Map;)V" line="76"><counter type="INSTRUCTION" missed="0" covered="46"/><counter type="BRANCH" missed="0" covered="2"/><counter type="LINE" missed="0" covered="9"/><counter type="COMPLEXITY" missed="0" covered="2"/><counter type="METHOD" missed="0" covered="1"/></method><method name="validateField" desc="(Lio/zenwave360/zdl/antlr/ZdlModel;Ljava/lang/String;Ljava/lang/String;Ljava/lang/String;Ljava/lang/String;)V" line="87"><counter type="INSTRUCTION" missed="58" covered="130"/><counter type="BRANCH" missed="5" covered="27"/><counter type="LINE" missed="2" covered="11"/><counter type="COMPLEXITY" missed="5" covered="12"/><counter type="METHOD" missed="0" covered="1"/></method><method name="validateAggregates" desc="(Lio/zenwave360/zdl/antlr/ZdlModel;)Ljava/util/List;" line="110"><counter type="INSTRUCTION" missed="97" covered="152"/><counter type="BRANCH" missed="9" covered="15"/><counter type="LINE" missed="5" covered="19"/><counter type="COMPLEXITY" missed="7" covered="6"/><counter type="METHOD" missed="0" covered="1"/></method><method name="validateServices" desc="(Lio/zenwave360/zdl/antlr/ZdlModel;)Ljava/util/List;" line="148"><counter type="INSTRUCTION" missed="0" covered="314"/><counter type="BRANCH" missed="1" covered="33"/><counter type="LINE" missed="0" covered="29"/><counter type="COMPLEXITY" missed="1" covered="17"/><counter type="METHOD" missed="0" covered="1"/></method><method name="path" desc="([Ljava/lang/String;)Ljava/lang/String;" line="191"><counter type="INSTRUCTION" missed="0" covered="4"/><counter type="LINE" missed="0" covered="1"/><counter type="COMPLEXITY" missed="0" covered="1"/><counter type="METHOD" missed="0" covered="1"/></method><method name="isStandardFieldType" desc="(Ljava/lang/String;)Z" line="195"><counter type="INSTRUCTION" missed="0" covered="16"/><counter type="BRANCH" missed="1" covered="5"/><counter type="LINE" missed="0" covered="1"/><counter type="COMPLEXITY" missed="1" covered="3"/><counter type="METHOD" missed="0" covered="1"/></method><method name="isEntity" desc="(Lio/zenwave360/zdl/antlr/ZdlModel;Ljava/lang/String;)Z" line="199"><counter type="INSTRUCTION" missed="0" covered="9"/><counter type="BRANCH" missed="0" covered="2"/><counter type="LINE" missed="0" covered="1"/><counter type="COMPLEXITY" missed="0" covered="2"/><counter type="METHOD" missed="0" covered="1"/></method><method name="isEnum" desc="(Lio/zenwave360/zdl/antlr/ZdlModel;Ljava/lang/String;)Z" line="203"><counter type="INSTRUCTION" missed="0" covered="9"/><counter type="BRANCH" missed="0" covered="2"/><counter type="LINE" missed="0" covered="1"/><counter type="COMPLEXITY" missed="0" covered="2"/><counter type="METHOD" missed="0" covered="1"/></method><method name="isInput" desc="(Lio/zenwave360/zdl/antlr/ZdlModel;Ljava/lang/String;)Z" line="207"><counter type="INSTRUCTION" missed="0" covered="9"/><counter type="BRANCH" missed="0" covered="2"/><counter type="LINE" missed="0" covered="1"/><counter type="COMPLEXITY" missed="0" covered="2"/><counter type="METHOD" missed="0" covered="1"/></method><method name="isOutput" desc="(Lio/zenwave360/zdl/antlr/ZdlModel;Ljava/lang/String;)Z" line="211"><counter type="INSTRUCTION" missed="0" covered="9"/><counter type="BRANCH" missed="0" covered="2"/><counter type="LINE" missed="0" covered="1"/><counter type="COMPLEXITY" missed="0" covered="2"/><counter type="METHOD" missed="0" covered="1"/></method><method name="isEvent" desc="(Lio/zenwave360/zdl/antlr/ZdlModel;Ljava/lang/String;)Z" line="215"><counter type="INSTRUCTION" missed="0" covered="9"/><counter type="BRANCH" missed="0" covered="2"/><counter type="LINE" missed="0" covered="1"/><counter type="COMPLEXITY" missed="0" covered="2"/><counter type="METHOD" missed="0" covered="1"/></method><method name="isEntityOrEnum" desc="(Lio/zenwave360/zdl/antlr/ZdlModel;Ljava/lang/String;)Z" line="219"><counter type="INSTRUCTION" missed="0" covered="14"/><counter type="BRANCH" missed="0" covered="4"/><counter type="LINE" missed="0" covered="1"/><counter type="COMPLEXITY" missed="0" covered="3"/><counter type="METHOD" missed="0" covered="1"/></method><method name="isAggregate" desc="(Lio/zenwave360/zdl/antlr/ZdlModel;Ljava/lang/String;)Z" line="223"><counter type="INSTRUCTION" missed="0" covered="18"/><counter type="BRANCH" missed="1" covered="3"/><counter type="LINE" missed="0" covered="2"/><counter type="COMPLEXITY" missed="1" covered="2"/><counter type="METHOD" missed="0" covered="1"/></method><method name="methodEventsFlatList" desc="(Ljava/util/Map;)Ljava/util/List;" line="228"><counter type="INSTRUCTION" missed="39" covered="0"/><counter type="BRANCH" missed="6" covered="0"/><counter type="LINE" missed="9" covered="0"/><counter type="COMPLEXITY" missed="4" covered="0"/><counter type="METHOD" missed="1" covered="0"/></method><counter type="INSTRUCTION" missed="194" covered="980"/><counter type="BRANCH" missed="23" covered="111"/><counter type="LINE" missed="16" covered="121"/><counter type="COMPLEXITY" missed="19" covered="69"/><counter type="METHOD" missed="1" covered="20"/><counter type="CLASS" missed="0" covered="1"/></class><class name="io/zenwave360/zdl/antlr/ZdlParser$Plugin_options_inheritContext" sourcefilename="ZdlParser.java"><method name="TRUE" desc="()Lorg/antlr/v4/runtime/tree/TerminalNode;" line="2485"><counter type="INSTRUCTION" missed="5" covered="0"/><counter type="LINE" missed="1" covered="0"/><counter type="COMPLEXITY" missed="1" covered="0"/><counter type="METHOD" missed="1" covered="0"/></method><method name="FALSE" desc="()Lorg/antlr/v4/runtime/tree/TerminalNode;" line="2486"><counter type="INSTRUCTION" missed="5" covered="0"/><counter type="LINE" missed="1" covered="0"/><counter type="COMPLEXITY" missed="1" covered="0"/><counter type="METHOD" missed="1" covered="0"/></method><method name="&lt;init&gt;" desc="(Lorg/antlr/v4/runtime/ParserRuleContext;I)V" line="2488"><counter type="INSTRUCTION" missed="5" covered="0"/><counter type="LINE" missed="2" covered="0"/><counter type="COMPLEXITY" missed="1" covered="0"/><counter type="METHOD" missed="1" covered="0"/></method><method name="getRuleIndex" desc="()I" line="2490"><counter type="INSTRUCTION" missed="2" covered="0"/><counter type="LINE" missed="1" covered="0"/><counter type="COMPLEXITY" missed="1" covered="0"/><counter type="METHOD" missed="1" covered="0"/></method><method name="enterRule" desc="(Lorg/antlr/v4/runtime/tree/ParseTreeListener;)V" line="2493"><counter type="INSTRUCTION" missed="8" covered="0"/><counter type="BRANCH" missed="2" covered="0"/><counter type="LINE" missed="2" covered="0"/><counter type="COMPLEXITY" missed="2" covered="0"/><counter type="METHOD" missed="1" covered="0"/></method><method name="exitRule" desc="(Lorg/antlr/v4/runtime/tree/ParseTreeListener;)V" line="2497"><counter type="INSTRUCTION" missed="8" covered="0"/><counter type="BRANCH" missed="2" covered="0"/><counter type="LINE" missed="2" covered="0"/><counter type="COMPLEXITY" missed="2" covered="0"/><counter type="METHOD" missed="1" covered="0"/></method><counter type="INSTRUCTION" missed="33" covered="0"/><counter type="BRANCH" missed="4" covered="0"/><counter type="LINE" missed="9" covered="0"/><counter type="COMPLEXITY" missed="8" covered="0"/><counter type="METHOD" missed="6" covered="0"/><counter type="CLASS" missed="1" covered="0"/></class><class name="io/zenwave360/zdl/antlr/ZdlParser$ArrayContext" sourcefilename="ZdlParser.java"><method name="LBRACK" desc="()Lorg/antlr/v4/runtime/tree/TerminalNode;" line="1304"><counter type="INSTRUCTION" missed="5" covered="0"/><counter type="LINE" missed="1" covered="0"/><counter type="COMPLEXITY" missed="1" covered="0"/><counter type="METHOD" missed="1" covered="0"/></method><method name="value" desc="()Ljava/util/List;" line="1306"><counter type="INSTRUCTION" missed="0" covered="4"/><counter type="LINE" missed="0" covered="1"/><counter type="COMPLEXITY" missed="0" covered="1"/><counter type="METHOD" missed="0" covered="1"/></method><method name="value" desc="(I)Lio/zenwave360/zdl/antlr/ZdlParser$ValueContext;" line="1309"><counter type="INSTRUCTION" missed="6" covered="0"/><counter type="LINE" missed="1" covered="0"/><counter type="COMPLEXITY" missed="1" covered="0"/><counter type="METHOD" missed="1" covered="0"/></method><method name="RBRACK" desc="()Lorg/antlr/v4/runtime/tree/TerminalNode;" line="1311"><counter type="INSTRUCTION" missed="5" covered="0"/><counter type="LINE" missed="1" covered="0"/><counter type="COMPLEXITY" missed="1" covered="0"/><counter type="METHOD" missed="1" covered="0"/></method><method name="COMMA" desc="()Ljava/util/List;" line="1312"><counter type="INSTRUCTION" missed="4" covered="0"/><counter type="LINE" missed="1" covered="0"/><counter type="COMPLEXITY" missed="1" covered="0"/><counter type="METHOD" missed="1" covered="0"/></method><method name="COMMA" desc="(I)Lorg/antlr/v4/runtime/tree/TerminalNode;" line="1314"><counter type="INSTRUCTION" missed="5" covered="0"/><counter type="LINE" missed="1" covered="0"/><counter type="COMPLEXITY" missed="1" covered="0"/><counter type="METHOD" missed="1" covered="0"/></method><method name="&lt;init&gt;" desc="(Lorg/antlr/v4/runtime/ParserRuleContext;I)V" line="1317"><counter type="INSTRUCTION" missed="0" covered="5"/><counter type="LINE" missed="0" covered="2"/><counter type="COMPLEXITY" missed="0" covered="1"/><counter type="METHOD" missed="0" covered="1"/></method><method name="getRuleIndex" desc="()I" line="1319"><counter type="INSTRUCTION" missed="2" covered="0"/><counter type="LINE" missed="1" covered="0"/><counter type="COMPLEXITY" missed="1" covered="0"/><counter type="METHOD" missed="1" covered="0"/></method><method name="enterRule" desc="(Lorg/antlr/v4/runtime/tree/ParseTreeListener;)V" line="1322"><counter type="INSTRUCTION" missed="0" covered="8"/><counter type="BRANCH" missed="1" covered="1"/><counter type="LINE" missed="0" covered="2"/><counter type="COMPLEXITY" missed="1" covered="1"/><counter type="METHOD" missed="0" covered="1"/></method><method name="exitRule" desc="(Lorg/antlr/v4/runtime/tree/ParseTreeListener;)V" line="1326"><counter type="INSTRUCTION" missed="0" covered="8"/><counter type="BRANCH" missed="1" covered="1"/><counter type="LINE" missed="0" covered="2"/><counter type="COMPLEXITY" missed="1" covered="1"/><counter type="METHOD" missed="0" covered="1"/></method><counter type="INSTRUCTION" missed="27" covered="25"/><counter type="BRANCH" missed="2" covered="2"/><counter type="LINE" missed="6" covered="7"/><counter type="COMPLEXITY" missed="8" covered="4"/><counter type="METHOD" missed="6" covered="4"/><counter type="CLASS" missed="0" covered="1"/></class><class name="io/zenwave360/zdl/antlr/ZdlModelPostProcessor" sourcefilename="ZdlModelPostProcessor.java"><method name="&lt;init&gt;" desc="()V" line="7"><counter type="INSTRUCTION" missed="3" covered="0"/><counter type="LINE" missed="1" covered="0"/><counter type="COMPLEXITY" missed="1" covered="0"/><counter type="METHOD" missed="1" covered="0"/></method><method name="postProcess" desc="(Lio/zenwave360/zdl/antlr/ZdlModel;)Lio/zenwave360/zdl/antlr/ZdlModel;" line="10"><counter type="INSTRUCTION" missed="0" covered="171"/><counter type="BRANCH" missed="10" covered="22"/><counter type="LINE" missed="0" covered="37"/><counter type="COMPLEXITY" missed="10" covered="7"/><counter type="METHOD" missed="0" covered="1"/></method><counter type="INSTRUCTION" missed="3" covered="171"/><counter type="BRANCH" missed="10" covered="22"/><counter type="LINE" missed="1" covered="37"/><counter type="COMPLEXITY" missed="11" covered="7"/><counter type="METHOD" missed="1" covered="1"/><counter type="CLASS" missed="0" covered="1"/></class><class name="io/zenwave360/zdl/antlr/ZdlParser$OutputContext" sourcefilename="ZdlParser.java"><method name="annotations" desc="()Lio/zenwave360/zdl/antlr/ZdlParser$AnnotationsContext;" line="4819"><counter type="INSTRUCTION" missed="6" covered="0"/><counter type="LINE" missed="1" covered="0"/><counter type="COMPLEXITY" missed="1" covered="0"/><counter type="METHOD" missed="1" covered="0"/></method><method name="OUTPUT" desc="()Lorg/antlr/v4/runtime/tree/TerminalNode;" line="4821"><counter type="INSTRUCTION" missed="5" covered="0"/><counter type="LINE" missed="1" covered="0"/><counter type="COMPLEXITY" missed="1" covered="0"/><counter type="METHOD" missed="1" covered="0"/></method><method name="output_name" desc="()Lio/zenwave360/zdl/antlr/ZdlParser$Output_nameContext;" line="4823"><counter type="INSTRUCTION" missed="0" covered="6"/><counter type="LINE" missed="0" covered="1"/><counter type="COMPLEXITY" missed="0" covered="1"/><counter type="METHOD" missed="0" covered="1"/></method><method name="LBRACE" desc="()Lorg/antlr/v4/runtime/tree/TerminalNode;" line="4825"><counter type="INSTRUCTION" missed="5" covered="0"/><counter type="LINE" missed="1" covered="0"/><counter type="COMPLEXITY" missed="1" covered="0"/><counter type="METHOD" missed="1" covered="0"/></method><method name="fields" desc="()Lio/zenwave360/zdl/antlr/ZdlParser$FieldsContext;" line="4827"><counter type="INSTRUCTION" missed="6" covered="0"/><counter type="LINE" missed="1" covered="0"/><counter type="COMPLEXITY" missed="1" covered="0"/><counter type="METHOD" missed="1" covered="0"/></method><method name="RBRACE" desc="()Lorg/antlr/v4/runtime/tree/TerminalNode;" line="4829"><counter type="INSTRUCTION" missed="5" covered="0"/><counter type="LINE" missed="1" covered="0"/><counter type="COMPLEXITY" missed="1" covered="0"/><counter type="METHOD" missed="1" covered="0"/></method><method name="javadoc" desc="()Lio/zenwave360/zdl/antlr/ZdlParser$JavadocContext;" line="4831"><counter type="INSTRUCTION" missed="0" covered="6"/><counter type="LINE" missed="0" covered="1"/><counter type="COMPLEXITY" missed="0" covered="1"/><counter type="METHOD" missed="0" covered="1"/></method><method name="&lt;init&gt;" desc="(Lorg/antlr/v4/runtime/ParserRuleContext;I)V" line="4834"><counter type="INSTRUCTION" missed="0" covered="5"/><counter type="LINE" missed="0" covered="2"/><counter type="COMPLEXITY" missed="0" covered="1"/><counter type="METHOD" missed="0" covered="1"/></method><method name="getRuleIndex" desc="()I" line="4836"><counter type="INSTRUCTION" missed="2" covered="0"/><counter type="LINE" missed="1" covered="0"/><counter type="COMPLEXITY" missed="1" covered="0"/><counter type="METHOD" missed="1" covered="0"/></method><method name="enterRule" desc="(Lorg/antlr/v4/runtime/tree/ParseTreeListener;)V" line="4839"><counter type="INSTRUCTION" missed="0" covered="8"/><counter type="BRANCH" missed="1" covered="1"/><counter type="LINE" missed="0" covered="2"/><counter type="COMPLEXITY" missed="1" covered="1"/><counter type="METHOD" missed="0" covered="1"/></method><method name="exitRule" desc="(Lorg/antlr/v4/runtime/tree/ParseTreeListener;)V" line="4843"><counter type="INSTRUCTION" missed="0" covered="8"/><counter type="BRANCH" missed="1" covered="1"/><counter type="LINE" missed="0" covered="2"/><counter type="COMPLEXITY" missed="1" covered="1"/><counter type="METHOD" missed="0" covered="1"/></method><counter type="INSTRUCTION" missed="29" covered="33"/><counter type="BRANCH" missed="2" covered="2"/><counter type="LINE" missed="6" covered="8"/><counter type="COMPLEXITY" missed="8" covered="5"/><counter type="METHOD" missed="6" covered="5"/><counter type="CLASS" missed="0" covered="1"/></class><class name="io/zenwave360/zdl/antlr/ZdlParser$Enum_valueContext" sourcefilename="ZdlParser.java"><method name="enum_value_name" desc="()Lio/zenwave360/zdl/antlr/ZdlParser$Enum_value_nameContext;" line="4535"><counter type="INSTRUCTION" missed="0" covered="6"/><counter type="LINE" missed="0" covered="1"/><counter type="COMPLEXITY" missed="0" covered="1"/><counter type="METHOD" missed="0" covered="1"/></method><method name="javadoc" desc="()Lio/zenwave360/zdl/antlr/ZdlParser$JavadocContext;" line="4538"><counter type="INSTRUCTION" missed="0" covered="6"/><counter type="LINE" missed="0" covered="1"/><counter type="COMPLEXITY" missed="0" covered="1"/><counter type="METHOD" missed="0" covered="1"/></method><method name="LPAREN" desc="()Lorg/antlr/v4/runtime/tree/TerminalNode;" line="4540"><counter type="INSTRUCTION" missed="5" covered="0"/><counter type="LINE" missed="1" covered="0"/><counter type="COMPLEXITY" missed="1" covered="0"/><counter type="METHOD" missed="1" covered="0"/></method><method name="enum_value_value" desc="()Lio/zenwave360/zdl/antlr/ZdlParser$Enum_value_valueContext;" line="4542"><counter type="INSTRUCTION" missed="0" covered="6"/><counter type="LINE" missed="0" covered="1"/><counter type="COMPLEXITY" missed="0" covered="1"/><counter type="METHOD" missed="0" covered="1"/></method><method name="RPAREN" desc="()Lorg/antlr/v4/runtime/tree/TerminalNode;" line="4544"><counter type="INSTRUCTION" missed="5" covered="0"/><counter type="LINE" missed="1" covered="0"/><counter type="COMPLEXITY" missed="1" covered="0"/><counter type="METHOD" missed="1" covered="0"/></method><method name="suffix_javadoc" desc="()Lio/zenwave360/zdl/antlr/ZdlParser$Suffix_javadocContext;" line="4546"><counter type="INSTRUCTION" missed="0" covered="6"/><counter type="LINE" missed="0" covered="1"/><counter type="COMPLEXITY" missed="0" covered="1"/><counter type="METHOD" missed="0" covered="1"/></method><method name="COMMA" desc="()Lorg/antlr/v4/runtime/tree/TerminalNode;" line="4548"><counter type="INSTRUCTION" missed="5" covered="0"/><counter type="LINE" missed="1" covered="0"/><counter type="COMPLEXITY" missed="1" covered="0"/><counter type="METHOD" missed="1" covered="0"/></method><method name="&lt;init&gt;" desc="(Lorg/antlr/v4/runtime/ParserRuleContext;I)V" line="4550"><counter type="INSTRUCTION" missed="0" covered="5"/><counter type="LINE" missed="0" covered="2"/><counter type="COMPLEXITY" missed="0" covered="1"/><counter type="METHOD" missed="0" covered="1"/></method><method name="getRuleIndex" desc="()I" line="4552"><counter type="INSTRUCTION" missed="2" covered="0"/><counter type="LINE" missed="1" covered="0"/><counter type="COMPLEXITY" missed="1" covered="0"/><counter type="METHOD" missed="1" covered="0"/></method><method name="enterRule" desc="(Lorg/antlr/v4/runtime/tree/ParseTreeListener;)V" line="4555"><counter type="INSTRUCTION" missed="0" covered="8"/><counter type="BRANCH" missed="1" covered="1"/><counter type="LINE" missed="0" covered="2"/><counter type="COMPLEXITY" missed="1" covered="1"/><counter type="METHOD" missed="0" covered="1"/></method><method name="exitRule" desc="(Lorg/antlr/v4/runtime/tree/ParseTreeListener;)V" line="4559"><counter type="INSTRUCTION" missed="0" covered="8"/><counter type="BRANCH" missed="1" covered="1"/><counter type="LINE" missed="0" covered="2"/><counter type="COMPLEXITY" missed="1" covered="1"/><counter type="METHOD" missed="0" covered="1"/></method><counter type="INSTRUCTION" missed="17" covered="45"/><counter type="BRANCH" missed="2" covered="2"/><counter type="LINE" missed="4" covered="10"/><counter type="COMPLEXITY" missed="6" covered="7"/><counter type="METHOD" missed="4" covered="7"/><counter type="CLASS" missed="0" covered="1"/></class><class name="io/zenwave360/zdl/antlr/ZdlParser$Api_configsContext" sourcefilename="ZdlParser.java"><method name="api_config" desc="()Ljava/util/List;" line="2061"><counter type="INSTRUCTION" missed="4" covered="0"/><counter type="LINE" missed="1" covered="0"/><counter type="COMPLEXITY" missed="1" covered="0"/><counter type="METHOD" missed="1" covered="0"/></method><method name="api_config" desc="(I)Lio/zenwave360/zdl/antlr/ZdlParser$Api_configContext;" line="2064"><counter type="INSTRUCTION" missed="6" covered="0"/><counter type="LINE" missed="1" covered="0"/><counter type="COMPLEXITY" missed="1" covered="0"/><counter type="METHOD" missed="1" covered="0"/></method><method name="&lt;init&gt;" desc="(Lorg/antlr/v4/runtime/ParserRuleContext;I)V" line="2067"><counter type="INSTRUCTION" missed="0" covered="5"/><counter type="LINE" missed="0" covered="2"/><counter type="COMPLEXITY" missed="0" covered="1"/><counter type="METHOD" missed="0" covered="1"/></method><method name="getRuleIndex" desc="()I" line="2069"><counter type="INSTRUCTION" missed="2" covered="0"/><counter type="LINE" missed="1" covered="0"/><counter type="COMPLEXITY" missed="1" covered="0"/><counter type="METHOD" missed="1" covered="0"/></method><method name="enterRule" desc="(Lorg/antlr/v4/runtime/tree/ParseTreeListener;)V" line="2072"><counter type="INSTRUCTION" missed="0" covered="8"/><counter type="BRANCH" missed="1" covered="1"/><counter type="LINE" missed="0" covered="2"/><counter type="COMPLEXITY" missed="1" covered="1"/><counter type="METHOD" missed="0" covered="1"/></method><method name="exitRule" desc="(Lorg/antlr/v4/runtime/tree/ParseTreeListener;)V" line="2076"><counter type="INSTRUCTION" missed="0" covered="8"/><counter type="BRANCH" missed="1" covered="1"/><counter type="LINE" missed="0" covered="2"/><counter type="COMPLEXITY" missed="1" covered="1"/><counter type="METHOD" missed="0" covered="1"/></method><counter type="INSTRUCTION" missed="12" covered="21"/><counter type="BRANCH" missed="2" covered="2"/><counter type="LINE" missed="3" covered="6"/><counter type="COMPLEXITY" missed="5" covered="3"/><counter type="METHOD" missed="3" covered="3"/><counter type="CLASS" missed="0" covered="1"/></class><class name="io/zenwave360/zdl/antlr/ZdlParser$Field_validationsContext" sourcefilename="ZdlParser.java"><method name="field_validation_name" desc="()Lio/zenwave360/zdl/antlr/ZdlParser$Field_validation_nameContext;" line="4047"><counter type="INSTRUCTION" missed="0" covered="6"/><counter type="LINE" missed="0" covered="1"/><counter type="COMPLEXITY" missed="0" covered="1"/><counter type="METHOD" missed="0" covered="1"/></method><method name="LPAREN" desc="()Lorg/antlr/v4/runtime/tree/TerminalNode;" line="4049"><counter type="INSTRUCTION" missed="5" covered="0"/><counter type="LINE" missed="1" covered="0"/><counter type="COMPLEXITY" missed="1" covered="0"/><counter type="METHOD" missed="1" covered="0"/></method><method name="field_validation_value" desc="()Lio/zenwave360/zdl/antlr/ZdlParser$Field_validation_valueContext;" line="4051"><counter type="INSTRUCTION" missed="0" covered="6"/><counter type="LINE" missed="0" covered="1"/><counter type="COMPLEXITY" missed="0" covered="1"/><counter type="METHOD" missed="0" covered="1"/></method><method name="RPAREN" desc="()Lorg/antlr/v4/runtime/tree/TerminalNode;" line="4053"><counter type="INSTRUCTION" missed="5" covered="0"/><counter type="LINE" missed="1" covered="0"/><counter type="COMPLEXITY" missed="1" covered="0"/><counter type="METHOD" missed="1" covered="0"/></method><method name="&lt;init&gt;" desc="(Lorg/antlr/v4/runtime/ParserRuleContext;I)V" line="4055"><counter type="INSTRUCTION" missed="0" covered="5"/><counter type="LINE" missed="0" covered="2"/><counter type="COMPLEXITY" missed="0" covered="1"/><counter type="METHOD" missed="0" covered="1"/></method><method name="getRuleIndex" desc="()I" line="4057"><counter type="INSTRUCTION" missed="2" covered="0"/><counter type="LINE" missed="1" covered="0"/><counter type="COMPLEXITY" missed="1" covered="0"/><counter type="METHOD" missed="1" covered="0"/></method><method name="enterRule" desc="(Lorg/antlr/v4/runtime/tree/ParseTreeListener;)V" line="4060"><counter type="INSTRUCTION" missed="0" covered="8"/><counter type="BRANCH" missed="1" covered="1"/><counter type="LINE" missed="0" covered="2"/><counter type="COMPLEXITY" missed="1" covered="1"/><counter type="METHOD" missed="0" covered="1"/></method><method name="exitRule" desc="(Lorg/antlr/v4/runtime/tree/ParseTreeListener;)V" line="4064"><counter type="INSTRUCTION" missed="0" covered="8"/><counter type="BRANCH" missed="1" covered="1"/><counter type="LINE" missed="0" covered="2"/><counter type="COMPLEXITY" missed="1" covered="1"/><counter type="METHOD" missed="0" covered="1"/></method><counter type="INSTRUCTION" missed="12" covered="33"/><counter type="BRANCH" missed="2" covered="2"/><counter type="LINE" missed="3" covered="8"/><counter type="COMPLEXITY" missed="5" covered="5"/><counter type="METHOD" missed="3" covered="5"/><counter type="CLASS" missed="0" covered="1"/></class><class name="io/zenwave360/zdl/antlr/ZdlParser" sourcefilename="ZdlParser.java"><method name="makeRuleNames" desc="()[Ljava/lang/String;" line="69"><counter type="INSTRUCTION" missed="0" covered="467"/><counter type="LINE" missed="0" covered="1"/><counter type="COMPLEXITY" missed="0" covered="1"/><counter type="METHOD" missed="0" covered="1"/></method><method name="makeLiteralNames" desc="()[Ljava/lang/String;" line="101"><counter type="INSTRUCTION" missed="0" covered="215"/><counter type="LINE" missed="0" covered="1"/><counter type="COMPLEXITY" missed="0" covered="1"/><counter type="METHOD" missed="0" covered="1"/></method><method name="makeSymbolicNames" desc="()[Ljava/lang/String;" line="114"><counter type="INSTRUCTION" missed="0" covered="275"/><counter type="LINE" missed="0" covered="1"/><counter type="COMPLEXITY" missed="0" covered="1"/><counter type="METHOD" missed="0" covered="1"/></method><method name="getTokenNames" desc="()[Ljava/lang/String;" line="153"><counter type="INSTRUCTION" missed="2" covered="0"/><counter type="LINE" missed="1" covered="0"/><counter type="COMPLEXITY" missed="1" covered="0"/><counter type="METHOD" missed="1" covered="0"/></method><method name="getVocabulary" desc="()Lorg/antlr/v4/runtime/Vocabulary;" line="159"><counter type="INSTRUCTION" missed="2" covered="0"/><counter type="LINE" missed="1" covered="0"/><counter type="COMPLEXITY" missed="1" covered="0"/><counter type="METHOD" missed="1" covered="0"/></method><method name="getGrammarFileName" desc="()Ljava/lang/String;" line="163"><counter type="INSTRUCTION" missed="2" covered="0"/><counter type="LINE" missed="1" covered="0"/><counter type="COMPLEXITY" missed="1" covered="0"/><counter type="METHOD" missed="1" covered="0"/></method><method name="getRuleNames" desc="()[Ljava/lang/String;" line="166"><counter type="INSTRUCTION" missed="2" covered="0"/><counter type="LINE" missed="1" covered="0"/><counter type="COMPLEXITY" missed="1" covered="0"/><counter type="METHOD" missed="1" covered="0"/></method><method name="getSerializedATN" desc="()Ljava/lang/String;" line="169"><counter type="INSTRUCTION" missed="2" covered="0"/><counter type="LINE" missed="1" covered="0"/><counter type="COMPLEXITY" missed="1" covered="0"/><counter type="METHOD" missed="1" covered="0"/></method><method name="getATN" desc="()Lorg/antlr/v4/runtime/atn/ATN;" line="172"><counter type="INSTRUCTION" missed="0" covered="2"/><counter type="LINE" missed="0" covered="1"/><counter type="COMPLEXITY" missed="0" covered="1"/><counter type="METHOD" missed="0" covered="1"/></method><method name="match" desc="(I)Lorg/antlr/v4/runtime/Token;" line="177"><counter type="INSTRUCTION" missed="3" covered="27"/><counter type="BRANCH" missed="0" covered="4"/><counter type="LINE" missed="2" covered="7"/><counter type="COMPLEXITY" missed="0" covered="3"/><counter type="METHOD" missed="0" covered="1"/></method><method name="&lt;init&gt;" desc="(Lorg/antlr/v4/runtime/TokenStream;)V" line="192"><counter type="INSTRUCTION" missed="0" covered="13"/><counter type="LINE" missed="0" covered="3"/><counter type="COMPLEXITY" missed="0" covered="1"/><counter type="METHOD" missed="0" covered="1"/></method><method name="zdl" desc="()Lio/zenwave360/zdl/antlr/ZdlParser$ZdlContext;" line="295"><counter type="INSTRUCTION" missed="0" covered="192"/><counter type="BRANCH" missed="2" covered="16"/><counter type="LINE" missed="0" covered="61"/><counter type="COMPLEXITY" missed="2" covered="14"/><counter type="METHOD" missed="0" covered="1"/></method><method name="import_" desc="()Lio/zenwave360/zdl/antlr/ZdlParser$Import_Context;" line="436"><counter type="INSTRUCTION" missed="33" covered="66"/><counter type="BRANCH" missed="2" covered="1"/><counter type="LINE" missed="10" covered="17"/><counter type="COMPLEXITY" missed="2" covered="1"/><counter type="METHOD" missed="0" covered="1"/></method><method name="import_key" desc="()Lio/zenwave360/zdl/antlr/ZdlParser$Import_keyContext;" line="498"><counter type="INSTRUCTION" missed="42" covered="0"/><counter type="LINE" missed="11" covered="0"/><counter type="COMPLEXITY" missed="1" covered="0"/><counter type="METHOD" missed="1" covered="0"/></method><method name="import_value" desc="()Lio/zenwave360/zdl/antlr/ZdlParser$Import_valueContext;" line="538"><counter type="INSTRUCTION" missed="14" covered="27"/><counter type="LINE" missed="4" covered="7"/><counter type="COMPLEXITY" missed="0" covered="1"/><counter type="METHOD" missed="0" covered="1"/></method><method name="global_javadoc" desc="()Lio/zenwave360/zdl/antlr/ZdlParser$Global_javadocContext;" line="576"><counter type="INSTRUCTION" missed="14" covered="28"/><counter type="LINE" missed="4" covered="7"/><counter type="COMPLEXITY" missed="0" covered="1"/><counter type="METHOD" missed="0" covered="1"/></method><method name="javadoc" desc="()Lio/zenwave360/zdl/antlr/ZdlParser$JavadocContext;" line="614"><counter type="INSTRUCTION" missed="14" covered="28"/><counter type="LINE" missed="4" covered="7"/><counter type="COMPLEXITY" missed="0" covered="1"/><counter type="METHOD" missed="0" covered="1"/></method><method name="suffix_javadoc" desc="()Lio/zenwave360/zdl/antlr/ZdlParser$Suffix_javadocContext;" line="652"><counter type="INSTRUCTION" missed="14" covered="28"/><counter type="LINE" missed="4" covered="7"/><counter type="COMPLEXITY" missed="0" covered="1"/><counter type="METHOD" missed="0" covered="1"/></method><method name="legacy_constants" desc="()Lio/zenwave360/zdl/antlr/ZdlParser$Legacy_constantsContext;" line="693"><counter type="INSTRUCTION" missed="34" covered="36"/><counter type="BRANCH" missed="1" covered="1"/><counter type="LINE" missed="9" covered="9"/><counter type="COMPLEXITY" missed="1" covered="1"/><counter type="METHOD" missed="0" covered="1"/></method><method name="keyword" desc="()Lio/zenwave360/zdl/antlr/ZdlParser$KeywordContext;" line="771"><counter type="INSTRUCTION" missed="23" covered="54"/><counter type="BRANCH" missed="3" covered="3"/><counter type="LINE" missed="5" covered="11"/><counter type="COMPLEXITY" missed="3" covered="1"/><counter type="METHOD" missed="0" covered="1"/></method><method name="complex_value" desc="()Lio/zenwave360/zdl/antlr/ZdlParser$Complex_valueContext;" line="826"><counter type="INSTRUCTION" missed="14" covered="66"/><counter type="BRANCH" missed="1" covered="3"/><counter type="LINE" missed="4" covered="18"/><counter type="COMPLEXITY" missed="1" covered="3"/><counter type="METHOD" missed="0" covered="1"/></method><method name="value" desc="()Lio/zenwave360/zdl/antlr/ZdlParser$ValueContext;" line="892"><counter type="INSTRUCTION" missed="19" covered="62"/><counter type="BRANCH" missed="1" covered="3"/><counter type="LINE" missed="5" covered="19"/><counter type="COMPLEXITY" missed="1" covered="3"/><counter type="METHOD" missed="0" covered="1"/></method><method name="string" desc="()Lio/zenwave360/zdl/antlr/ZdlParser$StringContext;" line="990"><counter type="INSTRUCTION" missed="31" covered="52"/><counter type="BRANCH" missed="2" covered="2"/><counter type="LINE" missed="9" covered="15"/><counter type="COMPLEXITY" missed="2" covered="2"/><counter type="METHOD" missed="0" covered="1"/></method><method name="simple" desc="()Lio/zenwave360/zdl/antlr/ZdlParser$SimpleContext;" line="1087"><counter type="INSTRUCTION" missed="84" covered="70"/><counter type="BRANCH" missed="7" covered="3"/><counter type="LINE" missed="27" covered="19"/><counter type="COMPLEXITY" missed="7" covered="3"/><counter type="METHOD" missed="0" covered="1"/></method><method name="object" desc="()Lio/zenwave360/zdl/antlr/ZdlParser$ObjectContext;" line="1198"><counter type="INSTRUCTION" missed="32" covered="100"/><counter type="BRANCH" missed="2" covered="3"/><counter type="LINE" missed="9" covered="26"/><counter type="COMPLEXITY" missed="2" covered="2"/><counter type="METHOD" missed="0" covered="1"/></method><method name="pair" desc="()Lio/zenwave360/zdl/antlr/ZdlParser$PairContext;" line="1278"><counter type="INSTRUCTION" missed="14" covered="40"/><counter type="LINE" missed="4" covered="11"/><counter type="COMPLEXITY" missed="0" covered="1"/><counter type="METHOD" missed="0" covered="1"/></method><method name="array" desc="()Lio/zenwave360/zdl/antlr/ZdlParser$ArrayContext;" line="1331"><counter type="INSTRUCTION" missed="32" covered="100"/><counter type="BRANCH" missed="2" covered="3"/><counter type="LINE" missed="9" covered="26"/><counter type="COMPLEXITY" missed="2" covered="2"/><counter type="METHOD" missed="0" covered="1"/></method><method name="array_plain" desc="()Lio/zenwave360/zdl/antlr/ZdlParser$Array_plainContext;" line="1414"><counter type="INSTRUCTION" missed="14" covered="68"/><counter type="BRANCH" missed="0" covered="2"/><counter type="LINE" missed="4" covered="18"/><counter type="COMPLEXITY" missed="0" covered="2"/><counter type="METHOD" missed="0" covered="1"/></method><method name="pairs" desc="()Lio/zenwave360/zdl/antlr/ZdlParser$PairsContext;" line="1478"><counter type="INSTRUCTION" missed="14" covered="68"/><counter type="BRANCH" missed="0" covered="2"/><counter type="LINE" missed="4" covered="18"/><counter type="COMPLEXITY" missed="0" covered="2"/><counter type="METHOD" missed="0" covered="1"/></method><method name="config" desc="()Lio/zenwave360/zdl/antlr/ZdlParser$ConfigContext;" line="1539"><counter type="INSTRUCTION" missed="14" covered="55"/><counter type="BRANCH" missed="1" covered="1"/><counter type="LINE" missed="4" covered="15"/><counter type="COMPLEXITY" missed="1" covered="1"/><counter type="METHOD" missed="0" covered="1"/></method><method name="config_body" desc="()Lio/zenwave360/zdl/antlr/ZdlParser$Config_bodyContext;" line="1600"><counter type="INSTRUCTION" missed="14" covered="105"/><counter type="BRANCH" missed="2" covered="6"/><counter type="LINE" missed="4" covered="25"/><counter type="COMPLEXITY" missed="2" covered="3"/><counter type="METHOD" missed="0" covered="1"/></method><method name="config_option" desc="()Lio/zenwave360/zdl/antlr/ZdlParser$Config_optionContext;" line="1673"><counter type="INSTRUCTION" missed="14" covered="33"/><counter type="LINE" missed="4" covered="9"/><counter type="COMPLEXITY" missed="0" covered="1"/><counter type="METHOD" missed="0" covered="1"/></method><method name="apis" desc="()Lio/zenwave360/zdl/antlr/ZdlParser$ApisContext;" line="1716"><counter type="INSTRUCTION" missed="14" covered="34"/><counter type="LINE" missed="4" covered="9"/><counter type="COMPLEXITY" missed="0" covered="1"/><counter type="METHOD" missed="0" covered="1"/></method><method name="apis_body" desc="()Lio/zenwave360/zdl/antlr/ZdlParser$Apis_bodyContext;" line="1763"><counter type="INSTRUCTION" missed="14" covered="78"/><counter type="BRANCH" missed="1" covered="3"/><counter type="LINE" missed="4" covered="18"/><counter type="COMPLEXITY" missed="1" covered="2"/><counter type="METHOD" missed="0" covered="1"/></method><method name="api" desc="()Lio/zenwave360/zdl/antlr/ZdlParser$ApiContext;" line="1837"><counter type="INSTRUCTION" missed="20" covered="95"/><counter type="BRANCH" missed="2" covered="2"/><counter type="LINE" missed="6" covered="27"/><counter type="COMPLEXITY" missed="2" covered="1"/><counter type="METHOD" missed="0" covered="1"/></method><method name="api_type" desc="()Lio/zenwave360/zdl/antlr/ZdlParser$Api_typeContext;" line="1907"><counter type="INSTRUCTION" missed="26" covered="45"/><counter type="BRANCH" missed="4" covered="2"/><counter type="LINE" missed="5" covered="11"/><counter type="COMPLEXITY" missed="3" covered="1"/><counter type="METHOD" missed="0" covered="1"/></method><method name="api_role" desc="()Lio/zenwave360/zdl/antlr/ZdlParser$Api_roleContext;" line="1954"><counter type="INSTRUCTION" missed="14" covered="28"/><counter type="LINE" missed="4" covered="7"/><counter type="COMPLEXITY" missed="0" covered="1"/><counter type="METHOD" missed="0" covered="1"/></method><method name="api_name" desc="()Lio/zenwave360/zdl/antlr/ZdlParser$Api_nameContext;" line="1992"><counter type="INSTRUCTION" missed="14" covered="28"/><counter type="LINE" missed="4" covered="7"/><counter type="COMPLEXITY" missed="0" covered="1"/><counter type="METHOD" missed="0" covered="1"/></method><method name="api_body" desc="()Lio/zenwave360/zdl/antlr/ZdlParser$Api_bodyContext;" line="2034"><counter type="INSTRUCTION" missed="14" covered="41"/><counter type="LINE" missed="4" covered="11"/><counter type="COMPLEXITY" missed="0" covered="1"/><counter type="METHOD" missed="0" covered="1"/></method><method name="api_configs" desc="()Lio/zenwave360/zdl/antlr/ZdlParser$Api_configsContext;" line="2081"><counter type="INSTRUCTION" missed="14" covered="64"/><counter type="BRANCH" missed="1" covered="3"/><counter type="LINE" missed="4" covered="14"/><counter type="COMPLEXITY" missed="1" covered="2"/><counter type="METHOD" missed="0" covered="1"/></method><method name="api_config" desc="()Lio/zenwave360/zdl/antlr/ZdlParser$Api_configContext;" line="2137"><counter type="INSTRUCTION" missed="14" covered="33"/><counter type="LINE" missed="4" covered="9"/><counter type="COMPLEXITY" missed="0" covered="1"/><counter type="METHOD" missed="0" covered="1"/></method><method name
[...]
"/><line nr="6625" mi="5" ci="0" mb="0" cb="0"/><line nr="6628" mi="0" ci="2" mb="0" cb="0"/><line nr="6630" mi="0" ci="2" mb="0" cb="0"/><line nr="6635" mi="5" ci="0" mb="0" cb="0"/><line nr="6636" mi="0" ci="5" mb="0" cb="0"/><line nr="6638" mi="0" ci="4" mb="0" cb="0"/><line nr="6639" mi="0" ci="1" mb="0" cb="0"/><line nr="6640" mi="2" ci="0" mb="0" cb="0"/><line nr="6643" mi="0" ci="7" mb="1" cb="1"/><line nr="6644" mi="0" ci="1" mb="0" cb="0"/><line nr="6647" mi="0" ci="7" mb="1" cb="1"/><line nr="6648" mi="0" ci="1" mb="0" cb="0"/><line nr="6652" mi="0" ci="8" mb="0" cb="0"/><line nr="6653" mi="0" ci="5" mb="0" cb="0"/><line nr="6655" mi="0" ci="3" mb="0" cb="0"/><line nr="6656" mi="0" ci="4" mb="0" cb="0"/><line nr="6657" mi="0" ci="10" mb="1" cb="2"/><line nr="6659" mi="0" ci="4" mb="0" cb="0"/><line nr="6661" mi="0" ci="3" mb="0" cb="0"/><line nr="6662" mi="0" ci="4" mb="0" cb="0"/><line nr="6664" mi="0" ci="1" mb="0" cb="0"/><line nr="6666" mi="0" ci="4" mb="0" cb="0"/><line nr="6668" mi="0" ci="3" mb="0" cb="0"/><line nr="6669" mi="0" ci="4" mb="0" cb="0"/><line nr="6670" mi="0" ci="3" mb="0" cb="0"/><line nr="6671" mi="0" ci="4" mb="0" cb="0"/><line nr="6676" mi="1" ci="0" mb="0" cb="0"/><line nr="6677" mi="3" ci="0" mb="0" cb="0"/><line nr="6678" mi="5" ci="0" mb="0" cb="0"/><line nr="6679" mi="5" ci="0" mb="0" cb="0"/><line nr="6682" mi="0" ci="2" mb="0" cb="0"/><line nr="6684" mi="0" ci="2" mb="0" cb="0"/><line nr="6689" mi="0" ci="5" mb="0" cb="0"/><line nr="6690" mi="0" ci="5" mb="0" cb="0"/><line nr="6691" mi="0" ci="5" mb="0" cb="0"/><line nr="6693" mi="0" ci="4" mb="0" cb="0"/><line nr="6694" mi="0" ci="1" mb="0" cb="0"/><line nr="6695" mi="2" ci="0" mb="0" cb="0"/><line nr="6698" mi="0" ci="7" mb="1" cb="1"/><line nr="6699" mi="0" ci="1" mb="0" cb="0"/><line nr="6702" mi="0" ci="7" mb="1" cb="1"/><line nr="6703" mi="0" ci="1" mb="0" cb="0"/><line nr="6707" mi="0" ci="8" mb="0" cb="0"/><line nr="6708" mi="0" ci="5" mb="0" cb="0"/><line nr="6710" mi="0" ci="3" mb="0" cb="0"/><line nr="6711" mi="0" ci="4" mb="0" cb="0"/><line nr="6712" mi="0" ci="10" mb="1" cb="3"/><line nr="6714" mi="0" ci="4" mb="0" cb="0"/><line nr="6716" mi="0" ci="3" mb="0" cb="0"/><line nr="6717" mi="0" ci="4" mb="0" cb="0"/><line nr="6719" mi="0" ci="1" mb="0" cb="0"/><line nr="6721" mi="0" ci="4" mb="0" cb="0"/><line nr="6723" mi="0" ci="3" mb="0" cb="0"/><line nr="6724" mi="0" ci="4" mb="0" cb="0"/><line nr="6725" mi="0" ci="3" mb="0" cb="0"/><line nr="6726" mi="0" ci="4" mb="0" cb="0"/><line nr="6728" mi="0" ci="1" mb="0" cb="0"/><line nr="6730" mi="0" ci="4" mb="0" cb="0"/><line nr="6732" mi="0" ci="3" mb="0" cb="0"/><line nr="6733" mi="0" ci="4" mb="0" cb="0"/><line nr="6734" mi="0" ci="3" mb="0" cb="0"/><line nr="6735" mi="0" ci="4" mb="0" cb="0"/><line nr="6740" mi="1" ci="0" mb="0" cb="0"/><line nr="6741" mi="3" ci="0" mb="0" cb="0"/><line nr="6742" mi="5" ci="0" mb="0" cb="0"/><line nr="6743" mi="5" ci="0" mb="0" cb="0"/><line nr="6746" mi="0" ci="2" mb="0" cb="0"/><line nr="6748" mi="0" ci="2" mb="0" cb="0"/><line nr="6753" mi="5" ci="0" mb="0" cb="0"/><line nr="6755" mi="0" ci="4" mb="0" cb="0"/><line nr="6758" mi="6" ci="0" mb="0" cb="0"/><line nr="6761" mi="0" ci="4" mb="0" cb="0"/><line nr="6762" mi="0" ci="1" mb="0" cb="0"/><line nr="6763" mi="2" ci="0" mb="0" cb="0"/><line nr="6766" mi="0" ci="7" mb="1" cb="1"/><line nr="6767" mi="0" ci="1" mb="0" cb="0"/><line nr="6770" mi="0" ci="7" mb="1" cb="1"/><line nr="6771" mi="0" ci="1" mb="0" cb="0"/><line nr="6775" mi="0" ci="8" mb="0" cb="0"/><line nr="6776" mi="0" ci="5" mb="0" cb="0"/><line nr="6779" mi="0" ci="4" mb="0" cb="0"/><line nr="6781" mi="0" ci="3" mb="0" cb="0"/><line nr="6782" mi="0" ci="4" mb="0" cb="0"/><line nr="6783" mi="0" ci="3" mb="0" cb="0"/><line nr="6784" mi="0" ci="4" mb="0" cb="0"/><line nr="6785" mi="0" ci="10" mb="0" cb="0"/><line nr="6786" mi="0" ci="5" mb="1" cb="3"/><line nr="6787" mi="0" ci="3" mb="1" cb="1"/><line nr="6790" mi="0" ci="3" mb="0" cb="0"/><line nr="6791" mi="0" ci="3" mb="0" cb="0"/><line nr="6795" mi="0" ci="3" mb="0" cb="0"/><line nr="6796" mi="0" ci="4" mb="0" cb="0"/><line nr="6797" mi="0" ci="11" mb="0" cb="0"/><line nr="6801" mi="1" ci="0" mb="0" cb="0"/><line nr="6802" mi="3" ci="0" mb="0" cb="0"/><line nr="6803" mi="5" ci="0" mb="0" cb="0"/><line nr="6804" mi="5" ci="0" mb="0" cb="0"/><line nr="6807" mi="0" ci="2" mb="0" cb="0"/><line nr="6809" mi="0" ci="2" mb="0" cb="0"/><line nr="6815" mi="0" ci="6" mb="0" cb="0"/><line nr="6818" mi="0" ci="6" mb="0" cb="0"/><line nr="6821" mi="0" ci="4" mb="0" cb="0"/><line nr="6822" mi="0" ci="1" mb="0" cb="0"/><line nr="6823" mi="2" ci="0" mb="0" cb="0"/><line nr="6826" mi="0" ci="7" mb="1" cb="1"/><line nr="6827" mi="0" ci="1" mb="0" cb="0"/><line nr="6830" mi="0" ci="7" mb="1" cb="1"/><line nr="6831" mi="0" ci="1" mb="0" cb="0"/><line nr="6835" mi="0" ci="8" mb="0" cb="0"/><line nr="6836" mi="0" ci="5" mb="0" cb="0"/><line nr="6838" mi="0" ci="3" mb="0" cb="0"/><line nr="6839" mi="0" ci="4" mb="0" cb="0"/><line nr="6840" mi="0" ci="5" mb="1" cb="2"/><line nr="6842" mi="0" ci="4" mb="0" cb="0"/><line nr="6844" mi="0" ci="3" mb="0" cb="0"/><line nr="6845" mi="0" ci="3" mb="0" cb="0"/><line nr="6847" mi="0" ci="1" mb="0" cb="0"/><line nr="6849" mi="0" ci="4" mb="0" cb="0"/><line nr="6851" mi="0" ci="3" mb="0" cb="0"/><line nr="6852" mi="0" ci="3" mb="0" cb="0"/><line nr="6854" mi="0" ci="1" mb="0" cb="0"/><line nr="6856" mi="5" ci="0" mb="0" cb="0"/><line nr="6859" mi="1" ci="0" mb="0" cb="0"/><line nr="6860" mi="3" ci="0" mb="0" cb="0"/><line nr="6861" mi="5" ci="0" mb="0" cb="0"/><line nr="6862" mi="5" ci="0" mb="0" cb="0"/><line nr="6865" mi="0" ci="2" mb="0" cb="0"/><line nr="6867" mi="0" ci="2" mb="0" cb="0"/><line nr="6872" mi="5" ci="0" mb="0" cb="0"/><line nr="6874" mi="0" ci="4" mb="0" cb="0"/><line nr="6875" mi="0" ci="1" mb="0" cb="0"/><line nr="6876" mi="2" ci="0" mb="0" cb="0"/><line nr="6879" mi="0" ci="7" mb="1" cb="1"/><line nr="6880" mi="0" ci="1" mb="0" cb="0"/><line nr="6883" mi="0" ci="7" mb="1" cb="1"/><line nr="6884" mi="0" ci="1" mb="0" cb="0"/><line nr="6888" mi="0" ci="8" mb="0" cb="0"/><line nr="6889" mi="0" ci="5" mb="0" cb="0"/><line nr="6891" mi="0" ci="4" mb="0" cb="0"/><line nr="6893" mi="0" ci="3" mb="0" cb="0"/><line nr="6894" mi="0" ci="4" mb="0" cb="0"/><line nr="6897" mi="1" ci="0" mb="0" cb="0"/><line nr="6898" mi="3" ci="0" mb="0" cb="0"/><line nr="6899" mi="5" ci="0" mb="0" cb="0"/><line nr="6900" mi="5" ci="0" mb="0" cb="0"/><line nr="6903" mi="0" ci="2" mb="0" cb="0"/><line nr="6905" mi="0" ci="2" mb="0" cb="0"/><line nr="6910" mi="5" ci="0" mb="0" cb="0"/><line nr="6912" mi="0" ci="4" mb="0" cb="0"/><line nr="6915" mi="6" ci="0" mb="0" cb="0"/><line nr="6917" mi="5" ci="0" mb="0" cb="0"/><line nr="6918" mi="4" ci="0" mb="0" cb="0"/><line nr="6920" mi="5" ci="0" mb="0" cb="0"/><line nr="6923" mi="0" ci="4" mb="0" cb="0"/><line nr="6924" mi="0" ci="1" mb="0" cb="0"/><line nr="6925" mi="2" ci="0" mb="0" cb="0"/><line nr="6928" mi="0" ci="7" mb="1" cb="1"/><line nr="6929" mi="0" ci="1" mb="0" cb="0"/><line nr="6932" mi="0" ci="7" mb="1" cb="1"/><line nr="6933" mi="0" ci="1" mb="0" cb="0"/><line nr="6937" mi="0" ci="8" mb="0" cb="0"/><line nr="6938" mi="0" ci="5" mb="0" cb="0"/><line nr="6941" mi="0" ci="4" mb="0" cb="0"/><line nr="6943" mi="0" ci="3" mb="0" cb="0"/><line nr="6944" mi="0" ci="4" mb="0" cb="0"/><line nr="6945" mi="0" ci="3" mb="0" cb="0"/><line nr="6946" mi="0" ci="3" mb="0" cb="0"/><line nr="6947" mi="0" ci="3" mb="0" cb="0"/><line nr="6948" mi="0" ci="4" mb="0" cb="0"/><line nr="6949" mi="0" ci="5" mb="0" cb="0"/><line nr="6950" mi="0" ci="3" mb="0" cb="2"/><line nr="6953" mi="0" ci="3" mb="0" cb="0"/><line nr="6954" mi="0" ci="4" mb="0" cb="0"/><line nr="6955" mi="0" ci="3" mb="0" cb="0"/><line nr="6956" mi="0" ci="3" mb="0" cb="0"/><line nr="6959" mi="0" ci="3" mb="0" cb="0"/><line nr="6960" mi="0" ci="4" mb="0" cb="0"/><line nr="6961" mi="0" ci="6" mb="0" cb="0"/><line nr="6963" mi="0" ci="3" mb="0" cb="0"/><line nr="6964" mi="0" ci="4" mb="0" cb="0"/><line nr="6967" mi="1" ci="0" mb="0" cb="0"/><line nr="6968" mi="3" ci="0" mb="0" cb="0"/><line nr="6969" mi="5" ci="0" mb="0" cb="0"/><line nr="6970" mi="5" ci="0" mb="0" cb="0"/><line nr="6973" mi="0" ci="2" mb="0" cb="0"/><line nr="6975" mi="0" ci="2" mb="0" cb="0"/><line nr="6980" mi="5" ci="0" mb="0" cb="0"/><line nr="6982" mi="0" ci="6" mb="0" cb="0"/><line nr="6984" mi="5" ci="0" mb="0" cb="0"/><line nr="6985" mi="0" ci="5" mb="0" cb="0"/><line nr="6987" mi="0" ci="4" mb="0" cb="0"/><line nr="6988" mi="0" ci="1" mb="0" cb="0"/><line nr="6989" mi="2" ci="0" mb="0" cb="0"/><line nr="6992" mi="0" ci="7" mb="1" cb="1"/><line nr="6993" mi="0" ci="1" mb="0" cb="0"/><line nr="6996" mi="0" ci="7" mb="1" cb="1"/><line nr="6997" mi="0" ci="1" mb="0" cb="0"/><line nr="7001" mi="0" ci="8" mb="0" cb="0"/><line nr="7002" mi="0" ci="5" mb="0" cb="0"/><line nr="7004" mi="0" ci="4" mb="0" cb="0"/><line nr="7006" mi="0" ci="3" mb="0" cb="0"/><line nr="7007" mi="0" ci="4" mb="0" cb="0"/><line nr="7008" mi="0" ci="3" mb="0" cb="0"/><line nr="7009" mi="0" ci="3" mb="0" cb="0"/><line nr="7010" mi="0" ci="3" mb="0" cb="0"/><line nr="7011" mi="0" ci="4" mb="0" cb="0"/><line nr="7012" mi="0" ci="3" mb="0" cb="0"/><line nr="7013" mi="0" ci="4" mb="0" cb="0"/><line nr="7016" mi="1" ci="0" mb="0" cb="0"/><line nr="7017" mi="3" ci="0" mb="0" cb="0"/><line nr="7018" mi="5" ci="0" mb="0" cb="0"/><line nr="7019" mi="5" ci="0" mb="0" cb="0"/><line nr="7022" mi="0" ci="2" mb="0" cb="0"/><line nr="7024" mi="0" ci="2" mb="0" cb="0"/><line nr="7585" mi="0" ci="4" mb="0" cb="0"/><line nr="7586" mi="0" ci="3" mb="0" cb="0"/><line nr="7588" mi="0" ci="4" mb="0" cb="0"/><line nr="7589" mi="0" ci="8" mb="0" cb="2"/><line nr="7590" mi="0" ci="10" mb="0" cb="0"/><line nr="7592" mi="0" ci="1" mb="0" cb="0"/><counter type="INSTRUCTION" missed="4189" covered="10539"/><counter type="BRANCH" missed="349" covered="440"/><counter type="LINE" missed="1096" covered="2474"/><counter type="COMPLEXITY" missed="774" covered="661"/><counter type="METHOD" missed="442" covered="579"/><counter type="CLASS" missed="6" covered="111"/></sourcefile><sourcefile name="FluentMap.java"><line nr="8" mi="0" ci="3" mb="0" cb="0"/><line nr="11" mi="0" ci="5" mb="0" cb="0"/><line nr="12" mi="0" ci="2" mb="0" cb="0"/><line nr="16" mi="0" ci="4" mb="0" cb="2"/><line nr="17" mi="0" ci="7" mb="0" cb="0"/><line nr="19" mi="0" ci="8" mb="0" cb="0"/><line nr="20" mi="0" ci="2" mb="0" cb="0"/><line nr="24" mi="0" ci="4" mb="0" cb="2"/><line nr="25" mi="0" ci="7" mb="0" cb="0"/><line nr="27" mi="0" ci="6" mb="0" cb="0"/><line nr="28" mi="0" ci="2" mb="0" cb="0"/><line nr="32" mi="0" ci="4" mb="0" cb="2"/><line nr="33" mi="0" ci="7" mb="0" cb="0"/><line nr="35" mi="0" ci="7" mb="0" cb="0"/><line nr="36" mi="0" ci="2" mb="0" cb="0"/><counter type="INSTRUCTION" missed="0" covered="70"/><counter type="BRANCH" missed="0" covered="6"/><counter type="LINE" missed="0" covered="15"/><counter type="COMPLEXITY" missed="0" covered="8"/><counter type="METHOD" missed="0" covered="5"/><counter type="CLASS" missed="0" covered="1"/></sourcefile><sourcefile name="ZdlLexer.java"><line nr="14" mi="0" ci="3" mb="0" cb="0"/><line nr="17" mi="0" ci="4" mb="0" cb="0"/><line nr="31" mi="0" ci="11" mb="0" cb="0"/><line nr="35" mi="0" ci="7" mb="0" cb="0"/><line nr="40" mi="0" ci="279" mb="0" cb="0"/><line nr="54" mi="0" ci="2" mb="0" cb="0"/><line nr="57" mi="0" ci="215" mb="0" cb="0"/><line nr="68" mi="0" ci="2" mb="0" cb="0"/><line nr="70" mi="0" ci="275" mb="0" cb="0"/><line nr="84" mi="0" ci="2" mb="0" cb="0"/><line nr="85" mi="0" ci="6" mb="0" cb="0"/><line nr="93" mi="0" ci="4" mb="0" cb="0"/><line nr="94" mi="0" ci="8" mb="0" cb="2"/><line nr="95" mi="0" ci="6" mb="0" cb="0"/><line nr="96" mi="0" ci="4" mb="0" cb="2"/><line nr="97" mi="0" ci="6" mb="0" cb="0"/><line nr="100" mi="0" ci="4" mb="0" cb="2"/><line nr="101" mi="0" ci="4" mb="0" cb="0"/><line nr="109" mi="2" ci="0" mb="0" cb="0"/><line nr="115" mi="2" ci="0" mb="0" cb="0"/><line nr="119" mi="0" ci="3" mb="0" cb="0"/><line nr="122" mi="3" ci="0" mb="0" cb="0"/><line nr="126" mi="3" ci="0" mb="0" cb="0"/><line nr="127" mi="1" ci="0" mb="0" cb="0"/><line nr="131" mi="0" ci="3" mb="0" cb="0"/><line nr="132" mi="0" ci="9" mb="0" cb="0"/><line nr="133" mi="0" ci="1" mb="0" cb="0"/><line nr="136" mi="2" ci="0" mb="0" cb="0"/><line nr="139" mi="2" ci="0" mb="0" cb="0"/><line nr="142" mi="2" ci="0" mb="0" cb="0"/><line nr="145" mi="2" ci="0" mb="0" cb="0"/><line nr="148" mi="2" ci="0" mb="0" cb="0"/><line nr="151" mi="2" ci="0" mb="0" cb="0"/><line nr="519" mi="0" ci="4" mb="0" cb="0"/><line nr="520" mi="0" ci="3" mb="0" cb="0"/><line nr="522" mi="0" ci="4" mb="0" cb="0"/><line nr="523" mi="0" ci="8" mb="0" cb="2"/><line nr="524" mi="0" ci="10" mb="0" cb="0"/><line nr="526" mi="0" ci="1" mb="0" cb="0"/><counter type="INSTRUCTION" missed="23" covered="888"/><counter type="BRANCH" missed="0" covered="8"/><counter type="LINE" missed="11" covered="28"/><counter type="COMPLEXITY" missed="10" covered="9"/><counter type="METHOD" missed="10" covered="5"/><counter type="CLASS" missed="0" covered="1"/></sourcefile><sourcefile name="ZdlModel.java"><line nr="9" mi="0" ci="2" mb="0" cb="0"/><line nr="10" mi="0" ci="7" mb="0" cb="0"/><line nr="11" mi="0" ci="7" mb="0" cb="0"/><line nr="12" mi="0" ci="7" mb="0" cb="0"/><line nr="13" mi="0" ci="7" mb="0" cb="0"/><line nr="14" mi="0" ci="7" mb="0" cb="0"/><line nr="15" mi="0" ci="7" mb="0" cb="0"/><line nr="16" mi="0" ci="7" mb="0" cb="0"/><line nr="17" mi="0" ci="7" mb="0" cb="0"/><line nr="18" mi="0" ci="7" mb="0" cb="0"/><line nr="19" mi="0" ci="7" mb="0" cb="0"/><line nr="20" mi="0" ci="7" mb="0" cb="0"/><line nr="21" mi="0" ci="7" mb="0" cb="0"/><line nr="22" mi="0" ci="7" mb="0" cb="0"/><line nr="23" mi="0" ci="1" mb="0" cb="0"/><line nr="26" mi="0" ci="5" mb="0" cb="0"/><line nr="30" mi="0" ci="5" mb="0" cb="0"/><line nr="34" mi="0" ci="5" mb="0" cb="0"/><line nr="38" mi="0" ci="5" mb="0" cb="0"/><line nr="42" mi="0" ci="5" mb="0" cb="0"/><line nr="47" mi="0" ci="5" mb="0" cb="0"/><line nr="51" mi="0" ci="5" mb="0" cb="0"/><line nr="55" mi="0" ci="5" mb="0" cb="0"/><line nr="59" mi="0" ci="5" mb="0" cb="0"/><line nr="63" mi="0" ci="6" mb="1" cb="3"/><line nr="64" mi="0" ci="2" mb="0" cb="0"/><line nr="66" mi="0" ci="6" mb="0" cb="0"/><line nr="70" mi="0" ci="3" mb="1" cb="1"/><line nr="71" mi="0" ci="3" mb="0" cb="0"/><line nr="73" mi="0" ci="1" mb="0" cb="0"/><line nr="76" mi="0" ci="9" mb="0" cb="0"/><line nr="77" mi="0" ci="1" mb="0" cb="0"/><line nr="78" mi="0" ci="15" mb="0" cb="0"/><line nr="79" mi="0" ci="1" mb="0" cb="0"/><line nr="80" mi="0" ci="1" mb="0" cb="0"/><line nr="83" mi="0" ci="4" mb="0" cb="0"/><line nr="84" mi="0" ci="16" mb="0" cb="0"/><line nr="88" mi="0" ci="1" mb="0" cb="0"/><line nr="93" mi="0" ci="6" mb="0" cb="0"/><line nr="97" mi="0" ci="8" mb="0" cb="0"/><line nr="98" mi="0" ci="4" mb="0" cb="0"/><line nr="99" mi="0" ci="4" mb="0" cb="0"/><line nr="100" mi="0" ci="4" mb="0" cb="0"/><line nr="101" mi="0" ci="4" mb="0" cb="0"/><line nr="102" mi="0" ci="4" mb="0" cb="0"/><line nr="103" mi="0" ci="22" mb="0" cb="12"/><line nr="104" mi="0" ci="2" mb="0" cb="0"/><line nr="106" mi="0" ci="6" mb="0" cb="0"/><line nr="107" mi="0" ci="4" mb="0" cb="0"/><line nr="108" mi="0" ci="8" mb="0" cb="0"/><line nr="109" mi="0" ci="5" mb="0" cb="0"/><line nr="110" mi="0" ci="2" mb="0" cb="0"/><counter type="INSTRUCTION" missed="0" covered="291"/><counter type="BRANCH" missed="2" covered="16"/><counter type="LINE" missed="0" covered="52"/><counter type="COMPLEXITY" missed="2" covered="25"/><counter type="METHOD" missed="0" covered="18"/><counter type="CLASS" missed="0" covered="1"/></sourcefile><counter type="INSTRUCTION" missed="4677" covered="16342"/><counter type="BRANCH" missed="443" covered="736"/><counter type="LINE" missed="1209" covered="3531"/><counter type="COMPLEXITY" missed="924" covered="1109"/><counter type="METHOD" missed="513" covered="911"/><counter type="CLASS" missed="6" covered="121"/></package><package name="io/zenwave360/zdl"><class name="io/zenwave360/zdl/ZdlParser" sourcefilename="ZdlParser.java"><method name="&lt;init&gt;" desc="()V" line="17"><counter type="INSTRUCTION" missed="0" covered="9"/><counter type="LINE" missed="0" covered="3"/><counter type="COMPLEXITY" missed="0" covered="1"/><counter type="METHOD" missed="0" covered="1"/></method><method name="withStandardFieldTypes" desc="(Ljava/util/List;)Lio/zenwave360/zdl/ZdlParser;" line="26"><counter type="INSTRUCTION" missed="5" covered="0"/><counter type="LINE" missed="2" covered="0"/><counter type="COMPLEXITY" missed="1" covered="0"/><counter type="METHOD" missed="1" covered="0"/></method><method name="withExtraFieldTypes" desc="(Ljava/util/List;)Lio/zenwave360/zdl/ZdlParser;" line="30"><counter type="INSTRUCTION" missed="0" covered="5"/><counter type="LINE" missed="0" covered="2"/><counter type="COMPLEXITY" missed="0" covered="1"/><counter type="METHOD" missed="0" covered="1"/></method><method name="parseModel" desc="(Ljava/lang/String;)Lio/zenwave360/zdl/antlr/ZdlModel;" line="34"><counter type="INSTRUCTION" missed="3" covered="54"/><counter type="LINE" missed="2" covered="16"/><counter type="COMPLEXITY" missed="0" covered="1"/><counter type="METHOD" missed="0" covered="1"/></method><method name="&lt;clinit&gt;" desc="()V" line="19"><counter type="INSTRUCTION" missed="0" covered="122"/><counter type="LINE" missed="0" covered="2"/><counter type="COMPLEXITY" missed="0" covered="1"/><counter type="METHOD" missed="0" covered="1"/></method><counter type="INSTRUCTION" missed="8" covered="190"/><counter type="LINE" missed="4" covered="23"/><counter type="COMPLEXITY" missed="1" covered="4"/><counter type="METHOD" missed="1" covered="4"/><counter type="CLASS" missed="0" covered="1"/></class><sourcefile name="ZdlParser.java"><line nr="17" mi="0" ci="2" mb="0" cb="0"/><line nr="19" mi="0" ci="112" mb="0" cb="0"/><line nr="21" mi="0" ci="10" mb="0" cb="0"/><line nr="23" mi="0" ci="3" mb="0" cb="0"/><line nr="24" mi="0" ci="4" mb="0" cb="0"/><line nr="26" mi="3" ci="0" mb="0" cb="0"/><line nr="27" mi="2" ci="0" mb="0" cb="0"/><line nr="30" mi="0" ci="3" mb="0" cb="0"/><line nr="31" mi="0" ci="2" mb="0" cb="0"/><line nr="34" mi="0" ci="3" mb="0" cb="0"/><line nr="35" mi="0" ci="5" mb="0" cb="0"/><line nr="36" mi="0" ci="5" mb="0" cb="0"/><line nr="37" mi="0" ci="5" mb="0" cb="0"/><line nr="38" mi="0" ci="3" mb="0" cb="0"/><line nr="39" mi="0" ci="4" mb="0" cb="0"/><line nr="40" mi="0" ci="4" mb="0" cb="0"/><line nr="41" mi="0" ci="4" mb="0" cb="0"/><line nr="42" mi="0" ci="3" mb="0" cb="0"/><line nr="43" mi="0" ci="3" mb="0" cb="0"/><line nr="45" mi="0" ci="5" mb="0" cb="0"/><line nr="46" mi="0" ci="3" mb="0" cb="0"/><line nr="47" mi="0" ci="2" mb="0" cb="0"/><line nr="48" mi="0" ci="2" mb="0" cb="0"/><line nr="49" mi="1" ci="0" mb="0" cb="0"/><line nr="50" mi="2" ci="0" mb="0" cb="0"/><line nr="51" mi="0" ci="1" mb="0" cb="0"/><line nr="52" mi="0" ci="2" mb="0" cb="0"/><counter type="INSTRUCTION" missed="8" covered="190"/><counter type="LINE" missed="4" covered="23"/><counter type="COMPLEXITY" missed="1" covered="4"/><counter type="METHOD" missed="1" covered="4"/><counter type="CLASS" missed="0" covered="1"/></sourcefile><counter type="INSTRUCTION" missed="8" covered="190"/><counter type="LINE" missed="4" covered="23"/><counter type="COMPLEXITY" missed="1" covered="4"/><counter type="METHOD" missed="1" covered="4"/><counter type="CLASS" missed="0" covered="1"/></package><counter type="INSTRUCTION" missed="4685" covered="16532"/><counter type="BRANCH" missed="443" covered="736"/><counter type="LINE" missed="1213" covered="3554"/><counter type="COMPLEXITY" missed="925" covered="1113"/><counter type="METHOD" missed="514" covered="915"/><counter type="CLASS" missed="6" covered="122"/></report>